#
# A fatal error has been detected by the Java Runtime Environment:
#
#  EXCEPTION_ACCESS_VIOLATION (0xc0000005) at pc=0x00007fff4cb582d7, pid=22748, tid=28732
#
# JRE version: OpenJDK Runtime Environment (22.0.2+9) (build 22.0.2+9-70)
# Java VM: OpenJDK 64-Bit Server VM (22.0.2+9-70, mixed mode, sharing, tiered, compressed oops, compressed class ptrs, g1 gc, windows-amd64)
# Problematic frame:
# C  [glass.dll+0x282d7]
#
# No core dump will be written. Minidumps are not enabled by default on client versions of Windows
#
# If you would like to submit a bug report, please visit:
#   https://bugreport.java.com/bugreport/crash.jsp
#

---------------  S U M M A R Y ------------

Command Line: -javaagent:C:\Program Files\JetBrains\IntelliJ IDEA Community Edition 2024.2.0.2\lib\idea_rt.jar=60673:C:\Program Files\JetBrains\IntelliJ IDEA Community Edition 2024.2.0.2\bin -Dfile.encoding=UTF-8 -Dsun.stdout.encoding=UTF-8 -Dsun.stderr.encoding=UTF-8 --module-path=C:\Users\birnst2\.m2\repository\org\openjfx\javafx-base\22.0.1\javafx-base-22.0.1-win.jar;C:\Users\birnst2\.m2\repository\org\openjfx\javafx-fxml\22.0.1\javafx-fxml-22.0.1-win.jar;C:\Users\birnst2\.m2\repository\org\kordamp\bootstrapfx\bootstrapfx-core\0.4.0\bootstrapfx-core-0.4.0.jar;C:\APC\KNAPP\Berufsschule\2LJ Berufsschule\ITL 1-2 JRZ\Aufgabe 7\GUI Hangman\target\classes;C:\Users\birnst2\.m2\repository\org\openjfx\javafx-graphics\22.0.1\javafx-graphics-22.0.1-win.jar;C:\Users\birnst2\.m2\repository\org\openjfx\javafx-controls\22.0.1\javafx-controls-22.0.1-win.jar -Djdk.module.main=hangman.hangman hangman.hangman/hangman.hangman.Main

Host: 13th Gen Intel(R) Core(TM) i5-1350P, 16 cores, 31G,  Windows 11 , 64 bit Build 22621 (10.0.22621.3958)
Time: Thu Oct 17 12:46:08 2024 Mitteleuropäische Sommerzeit elapsed time: 198.614659 seconds (0d 0h 3m 18s)

---------------  T H R E A D  ---------------

Current thread (0x00000265199caef0):  VMThread "VM Thread"          [id=28732, stack(0x000000a19d300000,0x000000a19d400000) (1024K)]

Stack: [0x000000a19d300000,0x000000a19d400000],  sp=0x000000a19d3ff1f0,  free space=1020k
Native frames: (J=compiled Java code, j=interpreted, Vv=VM code, C=native code)
C  [glass.dll+0x282d7]  (no source info available)
C  [ucrtbase.dll+0x53a93]  (no source info available)
C  [ucrtbase.dll+0x2042e]  (no source info available)
C  [ucrtbase.dll+0x1dddd]  (no source info available)
C  [glass.dll+0x25a6d]  (no source info available)
C  [glass.dll+0x25b92]  (no source info available)
C  [ntdll.dll+0x28b7f]  (no source info available)
C  [ntdll.dll+0x51586]  (no source info available)
C  [ntdll.dll+0x5117d]  (no source info available)
C  [KERNEL32.DLL+0x17fab]  (no source info available)
C  [ucrtbase.dll+0x1bed8]  (no source info available)
C  [ucrtbase.dll+0x1c099]  (no source info available)
V  [jvm.dll+0x6db87b]  (no source info available)
V  [jvm.dll+0x6db3b0]  (no source info available)
V  [jvm.dll+0x3e2314]  (no source info available)
V  [jvm.dll+0x87e0f0]  (no source info available)
V  [jvm.dll+0x87f477]  (no source info available)
V  [jvm.dll+0x87f9f0]  (no source info available)
V  [jvm.dll+0x87fc93]  (no source info available)
V  [jvm.dll+0x81dc0b]  (no source info available)
V  [jvm.dll+0x6e0d85]  (no source info available)
C  [ucrtbase.dll+0x29333]  (no source info available)
C  [KERNEL32.DLL+0x1257d]  (no source info available)
C  [ntdll.dll+0x5af28]  (no source info available)


siginfo: EXCEPTION_ACCESS_VIOLATION (0xc0000005), reading address 0x0000000000000000


Registers:
RAX=0x0000000000000000, RBX=0x00000265199dd80a, RCX=0x00000265199caef0, RDX=0x000000a19d3ff1f0
RSP=0x000000a19d3ff1f0, RBP=0x000002656cc8e498, RSI=0x000000a19d3ff2f8, RDI=0x000002656cc8e470
R8 =0x0000000000010002, R9 =0x000002656cc8e470, R10=0x85f13e9656da4870, R11=0x000000a19d3ff180
R12=0x00007fff4cb55be0, R13=0x00007ffe94ec4a60, R14=0x00002f599b97e29c, R15=0x000002656cc8e470
RIP=0x00007fff4cb582d7, EFLAGS=0x0000000000010206


Register to memory mapping:

RAX=0x0 is null
RBX=0x00000265199dd80a is a global jni handle
RCX=0x00000265199caef0 points into unknown readable memory: 0x00007ffe94cc5060 | 60 50 cc 94 fe 7f 00 00
RDX=0x000000a19d3ff1f0 points into unknown readable memory: 0x0000000000000000 | 00 00 00 00 00 00 00 00
RSP=0x000000a19d3ff1f0 points into unknown readable memory: 0x0000000000000000 | 00 00 00 00 00 00 00 00
RBP=0x000002656cc8e498 points into unknown readable memory: 0x00002f599b97e29c | 9c e2 97 9b 59 2f 00 00
RSI=0x000000a19d3ff2f8 points into unknown readable memory: 0x000000a19d3ff2e0 | e0 f2 3f 9d a1 00 00 00
RDI=0x000002656cc8e470 points into unknown readable memory: 0xf4cb7a361b97e563 | 63 e5 97 1b 36 7a cb f4
R8 =0x0000000000010002 is an unknown value
R9 =0x000002656cc8e470 points into unknown readable memory: 0xf4cb7a361b97e563 | 63 e5 97 1b 36 7a cb f4
R10=0x85f13e9656da4870 is an unknown value
R11=0x000000a19d3ff180 points into unknown readable memory: 0x000002656cc8e470 | 70 e4 c8 6c 65 02 00 00
R12=0x00007fff4cb55be0 glass.dll
R13=0x00007ffe94ec4a60 jvm.dll
R14=0x00002f599b97e29c is an unknown value
R15=0x000002656cc8e470 points into unknown readable memory: 0xf4cb7a361b97e563 | 63 e5 97 1b 36 7a cb f4

Top of Stack: (sp=0x000000a19d3ff1f0)
0x000000a19d3ff1f0:   0000000000000000 000000a19d3ff2f8
0x000000a19d3ff200:   00007ffe94ec4a60 00007fff4cb55be0
0x000000a19d3ff210:   000002656cc8e478 00007fff6f453a93
0x000000a19d3ff220:   000002656cc8e470 0000026500000000
0x000000a19d3ff230:   000002656cc8e498 000000a19d3ff2f8
0x000000a19d3ff240:   fffffffffffffffe 0000000000000000
0x000000a19d3ff250:   0000000000000001 00007fff4cb30000
0x000000a19d3ff260:   000000a19d3ff2e8 00007fff6f42042e
0x000000a19d3ff270:   0000000000000000 000000a19d3ff2f8
0x000000a19d3ff280:   000000a19d3ff5e0 0000000000000001
0x000000a19d3ff290:   0000000000000001 00007fff6f41dddd
0x000000a19d3ff2a0:   0000000000000000 00007fff4cb553d9
0x000000a19d3ff2b0:   0000000000000000 000000a19d3ff2e8
0x000000a19d3ff2c0:   fffffffffffffffe 0000000000000001
0x000000a19d3ff2d0:   0000000000000000 00007fff4cb55a6d
0x000000a19d3ff2e0:   00007fff4cb6d078 00007fff00000002
0x000000a19d3ff2f0:   0000000000000002 000000a19d3ff2e0
0x000000a19d3ff300:   0000000000000000 00007fff71818ae3
0x000000a19d3ff310:   0000000000000000 00007fff4cb55b92
0x000000a19d3ff320:   0000000000000001 0000000000000001
0x000000a19d3ff330:   0000000000000001 00007fff232e1ec7
0x000000a19d3ff340:   0000000000000001 00007fff6e2b2223
0x000000a19d3ff350:   00007fff00000001 0000000000000000
0x000000a19d3ff360:   00007fff4cb30000 000000007ffe0384
0x000000a19d3ff370:   0000000000000000 00007fff71818b7f
0x000000a19d3ff380:   00007fff4cb30000 0000000000000000
0x000000a19d3ff390:   0000000000000001 000000007ffe0385
0x000000a19d3ff3a0:   00007fff71927940 00007fff5cd562a0
0x000000a19d3ff3b0:   0000a44a72b04e00 00007fff5b4c0000
0x000000a19d3ff3c0:   00007fff4cb55be0 0000000000000000
0x000000a19d3ff3d0:   0000000000000000 000000a19c7b1000
0x000000a19d3ff3e0:   000002656cc63200 00007fff71841586 

Instructions: (pc=0x00007fff4cb582d7)
0x00007fff4cb581d7:   8b 4d 58 e8 49 cf ff ff 48 8b 4d 60 e8 40 cf ff
0x00007fff4cb581e7:   ff 48 8b 95 80 00 00 00 48 8b 8d 18 01 00 00 e8
0x00007fff4cb581f7:   26 c5 ff ff 33 d2 33 c9 e8 8c e1 ff ff 90 48 89
0x00007fff4cb58207:   54 24 10 55 48 83 ec 20 48 8b ea 48 b8 00 00 00
0x00007fff4cb58217:   00 00 00 00 00 48 83 c4 20 5d c3 cc 40 55 48 8b
0x00007fff4cb58227:   ea 48 8b 01 33 c9 81 38 05 00 00 c0 0f 94 c1 8b
0x00007fff4cb58237:   c1 5d c3 cc 40 55 48 83 ec 20 48 8b ea 8a 4d 40
0x00007fff4cb58247:   48 83 c4 20 5d e9 33 d3 ff ff cc 40 55 48 83 ec
0x00007fff4cb58257:   20 48 8b ea 8a 4d 20 e8 21 d3 ff ff 90 48 83 c4
0x00007fff4cb58267:   20 5d c3 cc 40 55 48 83 ec 20 48 8b ea 48 83 c4
0x00007fff4cb58277:   20 5d e9 82 d1 ff ff cc 40 55 48 83 ec 30 48 8b
0x00007fff4cb58287:   ea 48 8b 01 8b 10 48 89 4c 24 28 89 54 24 20 4c
0x00007fff4cb58297:   8d 0d 23 d6 ff ff 4c 8b 45 70 8b 55 68 48 8b 4d
0x00007fff4cb582a7:   60 e8 c3 d0 ff ff 90 48 83 c4 30 5d c3 cc cc cc
0x00007fff4cb582b7:   cc cc cc cc cc cc cc cc cc 40 53 48 83 ec 20 48
0x00007fff4cb582c7:   8b 1d 6b 47 01 00 48 85 db 74 16 e8 39 90 ff ff
0x00007fff4cb582d7:   4c 8b 00 48 8b d3 48 8b c8 41 ff 90 b0 00 00 00
0x00007fff4cb582e7:   90 48 83 c4 20 5b c3 cc cc 40 53 48 83 ec 20 48
0x00007fff4cb582f7:   8b 1d ab 48 01 00 48 85 db 74 57 b8 ff ff ff ff
0x00007fff4cb58307:   f0 0f c1 43 10 83 f8 01 75 3d 48 85 db 74 38 48
0x00007fff4cb58317:   8b 0b 48 85 c9 74 0d ff 15 8c 0f 00 00 48 c7 03
0x00007fff4cb58327:   00 00 00 00 48 8b 4b 08 48 85 c9 74 0d e8 ef cd
0x00007fff4cb58337:   ff ff 48 c7 43 08 00 00 00 00 ba 18 00 00 00 48
0x00007fff4cb58347:   8b cb e8 da cd ff ff 48 c7 05 4f 48 01 00 00 00
0x00007fff4cb58357:   00 00 48 83 c4 20 5b c3 cc 40 53 48 83 ec 20 48
0x00007fff4cb58367:   8b 1d 1b 48 01 00 48 85 db 74 57 b8 ff ff ff ff
0x00007fff4cb58377:   f0 0f c1 43 10 83 f8 01 75 3d 48 85 db 74 38 48
0x00007fff4cb58387:   8b 0b 48 85 c9 74 0d ff 15 1c 0f 00 00 48 c7 03
0x00007fff4cb58397:   00 00 00 00 48 8b 4b 08 48 85 c9 74 0d e8 7f cd
0x00007fff4cb583a7:   ff ff 48 c7 43 08 00 00 00 00 ba 18 00 00 00 48
0x00007fff4cb583b7:   8b cb e8 6a cd ff ff 48 c7 05 bf 47 01 00 00 00
0x00007fff4cb583c7:   00 00 48 83 c4 20 5b c3 cc 40 53 48 83 ec 20 48 


Stack slot to memory mapping:

stack at sp + 0 slots: 0x0 is null
stack at sp + 1 slots: 0x000000a19d3ff2f8 points into unknown readable memory: 0x000000a19d3ff2e0 | e0 f2 3f 9d a1 00 00 00
stack at sp + 2 slots: 0x00007ffe94ec4a60 jvm.dll
stack at sp + 3 slots: 0x00007fff4cb55be0 glass.dll
stack at sp + 4 slots: 0x000002656cc8e478 points into unknown readable memory: 0x00002f599b97e29c | 9c e2 97 9b 59 2f 00 00
stack at sp + 5 slots: 0x00007fff6f453a93 ucrtbase.dll
stack at sp + 6 slots: 0x000002656cc8e470 points into unknown readable memory: 0xf4cb7a361b97e563 | 63 e5 97 1b 36 7a cb f4
stack at sp + 7 slots: 0x0000026500000000 points into unknown readable memory: 0x0000000000001400 | 00 14 00 00 00 00 00 00

VM_Operation (0x000000a19e2fbaf0): Exit, mode: safepoint, requested by thread 0x000002656c637c40


---------------  P R O C E S S  ---------------

Threads class SMR info:
_java_thread_list=0x000002657e8ebd00, length=18, elements={
0x000002657e943640, 0x00000265199ec500, 0x00000265199ed160, 0x00000265199f1c30,
0x00000265199f4980, 0x00000265199fcbd0, 0x0000026519a092d0, 0x0000026519a09d80,
0x000002652694cde0, 0x000002656c7ca8a0, 0x000002656c74c350, 0x000002656c7f9360,
0x000002656c637150, 0x000002656c637c40, 0x000002656d416c10, 0x000002656d379820,
0x000002656d78dfc0, 0x000002656d78d930
}

Java Threads: ( => current thread )
  0x000002657e943640 JavaThread "main"                              [_thread_blocked, id=33744, stack(0x000000a19cc00000,0x000000a19cd00000) (1024K)]
  0x00000265199ec500 JavaThread "Reference Handler"          daemon [_thread_blocked, id=14008, stack(0x000000a19d400000,0x000000a19d500000) (1024K)]
  0x00000265199ed160 JavaThread "Finalizer"                  daemon [_thread_blocked, id=13768, stack(0x000000a19d500000,0x000000a19d600000) (1024K)]
  0x00000265199f1c30 JavaThread "Attach Listener"            daemon [_thread_blocked, id=19712, stack(0x000000a19d700000,0x000000a19d800000) (1024K)]
  0x00000265199f4980 JavaThread "Service Thread"             daemon [_thread_blocked, id=23580, stack(0x000000a19d800000,0x000000a19d900000) (1024K)]
  0x00000265199fcbd0 JavaThread "Monitor Deflation Thread"   daemon [_thread_blocked, id=34036, stack(0x000000a19d900000,0x000000a19da00000) (1024K)]
  0x0000026519a092d0 JavaThread "C2 CompilerThread0"         daemon [_thread_blocked, id=26840, stack(0x000000a19da00000,0x000000a19db00000) (1024K)]
  0x0000026519a09d80 JavaThread "C1 CompilerThread0"         daemon [_thread_blocked, id=18028, stack(0x000000a19db00000,0x000000a19dc00000) (1024K)]
  0x000002652694cde0 JavaThread "Common-Cleaner"             daemon [_thread_blocked, id=35540, stack(0x000000a19de00000,0x000000a19df00000) (1024K)]
  0x000002656c7ca8a0 JavaThread "Monitor Ctrl-Break"         daemon [_thread_in_native, id=3344, stack(0x000000a19e300000,0x000000a19e400000) (1024K)]
  0x000002656c74c350 JavaThread "Notification Thread"        daemon [_thread_blocked, id=30048, stack(0x000000a19e400000,0x000000a19e500000) (1024K)]
  0x000002656c7f9360 JavaThread "QuantumRenderer-0"          daemon [_thread_blocked, id=37392, stack(0x000000a19df00000,0x000000a19e000000) (1024K)]
  0x000002656c637150 JavaThread "InvokeLaterDispatcher"      daemon [_thread_blocked, id=26020, stack(0x000000a19e100000,0x000000a19e200000) (1024K)]
  0x000002656c637c40 JavaThread "JavaFX Application Thread"         [_thread_blocked, id=20904, stack(0x000000a19e200000,0x000000a19e300000) (1024K)]
  0x000002656d416c10 JavaThread "JavaFX-Launcher"                   [_thread_blocked, id=18048, stack(0x000000a19fa00000,0x000000a19fb00000) (1024K)]
  0x000002656d379820 JavaThread "Thread-2"                   daemon [_thread_in_native, id=30332, stack(0x000000a19f900000,0x000000a19fa00000) (1024K)]
  0x000002656d78dfc0 JavaThread "Prism Font Disposer"        daemon [_thread_blocked, id=36952, stack(0x000000a1a0b00000,0x000000a1a0c00000) (1024K)]
  0x000002656d78d930 JavaThread "Cleaner-0"                  daemon [_thread_blocked, id=33856, stack(0x000000a1a0900000,0x000000a1a0a00000) (1024K)]
Total: 18

Other Threads:
=>0x00000265199caef0 VMThread "VM Thread"                           [id=28732, stack(0x000000a19d300000,0x000000a19d400000) (1024K)]
  0x0000026519890390 WorkerThread "GC Thread#0"                     [id=24984, stack(0x000000a19cd00000,0x000000a19ce00000) (1024K)]
  0x000002656d417280 WorkerThread "GC Thread#1"                     [id=36044, stack(0x000000a19fb00000,0x000000a19fc00000) (1024K)]
  0x000002656d3b4930 WorkerThread "GC Thread#2"                     [id=27416, stack(0x000000a19fc00000,0x000000a19fd00000) (1024K)]
  0x000002656d37bea0 WorkerThread "GC Thread#3"                     [id=29576, stack(0x000000a19fd00000,0x000000a19fe00000) (1024K)]
  0x000002656d37c250 WorkerThread "GC Thread#4"                     [id=6576, stack(0x000000a19fe00000,0x000000a19ff00000) (1024K)]
  0x000002656d3b4ce0 WorkerThread "GC Thread#5"                     [id=36304, stack(0x000000a19ff00000,0x000000a1a0000000) (1024K)]
  0x000002656d40d850 WorkerThread "GC Thread#6"                     [id=30568, stack(0x000000a1a0000000,0x000000a1a0100000) (1024K)]
  0x000002656d40dc00 WorkerThread "GC Thread#7"                     [id=32128, stack(0x000000a1a0100000,0x000000a1a0200000) (1024K)]
  0x000002656d40e360 WorkerThread "GC Thread#8"                     [id=27612, stack(0x000000a1a0200000,0x000000a1a0300000) (1024K)]
  0x000002656d40d0f0 WorkerThread "GC Thread#9"                     [id=5752, stack(0x000000a1a0300000,0x000000a1a0400000) (1024K)]
  0x000002656d40d4a0 WorkerThread "GC Thread#10"                    [id=18064, stack(0x000000a1a0400000,0x000000a1a0500000) (1024K)]
  0x000002656d40e710 WorkerThread "GC Thread#11"                    [id=18440, stack(0x000000a1a0500000,0x000000a1a0600000) (1024K)]
  0x00000265775560a0 WorkerThread "GC Thread#12"                    [id=2220, stack(0x000000a1a0c00000,0x000000a1a0d00000) (1024K)]
  0x0000026501cd0a90 ConcurrentGCThread "G1 Main Marker"            terminated
  0x0000026501cd2020 WorkerThread "G1 Conc#0"                       [id=22872, stack(0x000000a19cf00000,0x000000a19d000000) (1024K)]
  0x0000026519907d70 ConcurrentGCThread "G1 Refine#0"               terminated
  0x00000265199088f0 ConcurrentGCThread "G1 Service"                terminated
Total: 18

Threads with active compile tasks:
Total: 0

VM state: at safepoint (shutting down)

VM Mutex/Monitor currently owned by a thread:  ([mutex/lock_event])
[0x00007ffe94e9cb80] Threads_lock - owner thread: 0x00000265199caef0
[0x00007ffe94e9cc80] Heap_lock - owner thread: 0x000002656c637c40

Heap address: 0x0000000604c00000, size: 8116 MB, Compressed Oops mode: Zero based, Oop shift amount: 3

CDS archive(s) mapped at: [0x0000026527000000-0x0000026527c60000-0x0000026527c60000), size 12976128, SharedBaseAddress: 0x0000026527000000, ArchiveRelocationMode: 1.
Compressed class space mapped at: 0x0000026528000000-0x0000026568000000, reserved size: 1073741824
Narrow klass base: 0x0000026527000000, Narrow klass shift: 0, Narrow klass range: 0x41000000

GC Precious Log:
 CardTable entry size: 512
 Card Set container configuration: InlinePtr #cards 4 size 8 Array Of Cards #cards 32 size 80 Howl #buckets 8 coarsen threshold 7372 Howl Bitmap #cards 1024 size 144 coarsen threshold 921 Card regions per heap region 1 cards per card region 8192
 CPUs: 16 total, 16 available
 Memory: 32452M
 Large Page Support: Disabled
 NUMA Support: Disabled
 Compressed Oops: Enabled (Zero based)
 Heap Region Size: 4M
 Heap Min Capacity: 8M
 Heap Initial Capacity: 508M
 Heap Max Capacity: 8116M
 Pre-touch: Disabled
 Parallel Workers: 13
 Concurrent Workers: 3
 Concurrent Refinement Workers: 13
 Periodic GC: Disabled

Heap:
 garbage-first heap   total reserved 8310784K, committed 520192K, used 53941K [0x0000000604c00000, 0x0000000800000000)
  region size 4096K, 14 young (57344K), 2 survivors (8192K)
 Metaspace       used 20313K, committed 20608K, reserved 1114112K
  class space    used 3132K, committed 3264K, reserved 1048576K

Heap Regions: E=young(eden), S=young(survivor), O=old, HS=humongous(starts), HC=humongous(continues), CS=collection set, F=free, TAMS=top-at-mark-start, PB=parsable bottom
|   0|0x0000000604c00000, 0x0000000604cad4b0, 0x0000000605000000| 16%| O|  |TAMS 0x0000000604c00000| PB 0x0000000604c00000| Untracked |  0
|   1|0x0000000605000000, 0x0000000605000000, 0x0000000605400000|  0%| F|  |TAMS 0x0000000605000000| PB 0x0000000605000000| Untracked |  0
|   2|0x0000000605400000, 0x0000000605400000, 0x0000000605800000|  0%| F|  |TAMS 0x0000000605400000| PB 0x0000000605400000| Untracked |  0
|   3|0x0000000605800000, 0x0000000605800000, 0x0000000605c00000|  0%| F|  |TAMS 0x0000000605800000| PB 0x0000000605800000| Untracked |  0
|   4|0x0000000605c00000, 0x0000000605c00000, 0x0000000606000000|  0%| F|  |TAMS 0x0000000605c00000| PB 0x0000000605c00000| Untracked |  0
|   5|0x0000000606000000, 0x0000000606000000, 0x0000000606400000|  0%| F|  |TAMS 0x0000000606000000| PB 0x0000000606000000| Untracked |  0
|   6|0x0000000606400000, 0x0000000606400000, 0x0000000606800000|  0%| F|  |TAMS 0x0000000606400000| PB 0x0000000606400000| Untracked |  0
|   7|0x0000000606800000, 0x0000000606800000, 0x0000000606c00000|  0%| F|  |TAMS 0x0000000606800000| PB 0x0000000606800000| Untracked |  0
|   8|0x0000000606c00000, 0x0000000606c00000, 0x0000000607000000|  0%| F|  |TAMS 0x0000000606c00000| PB 0x0000000606c00000| Untracked |  0
|   9|0x0000000607000000, 0x0000000607000000, 0x0000000607400000|  0%| F|  |TAMS 0x0000000607000000| PB 0x0000000607000000| Untracked |  0
|  10|0x0000000607400000, 0x0000000607400000, 0x0000000607800000|  0%| F|  |TAMS 0x0000000607400000| PB 0x0000000607400000| Untracked |  0
|  11|0x0000000607800000, 0x0000000607800000, 0x0000000607c00000|  0%| F|  |TAMS 0x0000000607800000| PB 0x0000000607800000| Untracked |  0
|  12|0x0000000607c00000, 0x0000000607c00000, 0x0000000608000000|  0%| F|  |TAMS 0x0000000607c00000| PB 0x0000000607c00000| Untracked |  0
|  13|0x0000000608000000, 0x0000000608000000, 0x0000000608400000|  0%| F|  |TAMS 0x0000000608000000| PB 0x0000000608000000| Untracked |  0
|  14|0x0000000608400000, 0x0000000608400000, 0x0000000608800000|  0%| F|  |TAMS 0x0000000608400000| PB 0x0000000608400000| Untracked |  0
|  15|0x0000000608800000, 0x0000000608800000, 0x0000000608c00000|  0%| F|  |TAMS 0x0000000608800000| PB 0x0000000608800000| Untracked |  0
|  16|0x0000000608c00000, 0x0000000608c00000, 0x0000000609000000|  0%| F|  |TAMS 0x0000000608c00000| PB 0x0000000608c00000| Untracked |  0
|  17|0x0000000609000000, 0x0000000609000000, 0x0000000609400000|  0%| F|  |TAMS 0x0000000609000000| PB 0x0000000609000000| Untracked |  0
|  18|0x0000000609400000, 0x0000000609400000, 0x0000000609800000|  0%| F|  |TAMS 0x0000000609400000| PB 0x0000000609400000| Untracked |  0
|  19|0x0000000609800000, 0x0000000609800000, 0x0000000609c00000|  0%| F|  |TAMS 0x0000000609800000| PB 0x0000000609800000| Untracked |  0
|  20|0x0000000609c00000, 0x0000000609c00000, 0x000000060a000000|  0%| F|  |TAMS 0x0000000609c00000| PB 0x0000000609c00000| Untracked |  0
|  21|0x000000060a000000, 0x000000060a000000, 0x000000060a400000|  0%| F|  |TAMS 0x000000060a000000| PB 0x000000060a000000| Untracked |  0
|  22|0x000000060a400000, 0x000000060a400000, 0x000000060a800000|  0%| F|  |TAMS 0x000000060a400000| PB 0x000000060a400000| Untracked |  0
|  23|0x000000060a800000, 0x000000060a800000, 0x000000060ac00000|  0%| F|  |TAMS 0x000000060a800000| PB 0x000000060a800000| Untracked |  0
|  24|0x000000060ac00000, 0x000000060ac00000, 0x000000060b000000|  0%| F|  |TAMS 0x000000060ac00000| PB 0x000000060ac00000| Untracked |  0
|  25|0x000000060b000000, 0x000000060b000000, 0x000000060b400000|  0%| F|  |TAMS 0x000000060b000000| PB 0x000000060b000000| Untracked |  0
|  26|0x000000060b400000, 0x000000060b400000, 0x000000060b800000|  0%| F|  |TAMS 0x000000060b400000| PB 0x000000060b400000| Untracked |  0
|  27|0x000000060b800000, 0x000000060b800000, 0x000000060bc00000|  0%| F|  |TAMS 0x000000060b800000| PB 0x000000060b800000| Untracked |  0
|  28|0x000000060bc00000, 0x000000060bc00000, 0x000000060c000000|  0%| F|  |TAMS 0x000000060bc00000| PB 0x000000060bc00000| Untracked |  0
|  29|0x000000060c000000, 0x000000060c000000, 0x000000060c400000|  0%| F|  |TAMS 0x000000060c000000| PB 0x000000060c000000| Untracked |  0
|  30|0x000000060c400000, 0x000000060c400000, 0x000000060c800000|  0%| F|  |TAMS 0x000000060c400000| PB 0x000000060c400000| Untracked |  0
|  31|0x000000060c800000, 0x000000060c800000, 0x000000060cc00000|  0%| F|  |TAMS 0x000000060c800000| PB 0x000000060c800000| Untracked |  0
|  32|0x000000060cc00000, 0x000000060cc00000, 0x000000060d000000|  0%| F|  |TAMS 0x000000060cc00000| PB 0x000000060cc00000| Untracked |  0
|  33|0x000000060d000000, 0x000000060d000000, 0x000000060d400000|  0%| F|  |TAMS 0x000000060d000000| PB 0x000000060d000000| Untracked |  0
|  34|0x000000060d400000, 0x000000060d400000, 0x000000060d800000|  0%| F|  |TAMS 0x000000060d400000| PB 0x000000060d400000| Untracked |  0
|  35|0x000000060d800000, 0x000000060d800000, 0x000000060dc00000|  0%| F|  |TAMS 0x000000060d800000| PB 0x000000060d800000| Untracked |  0
|  36|0x000000060dc00000, 0x000000060dc00000, 0x000000060e000000|  0%| F|  |TAMS 0x000000060dc00000| PB 0x000000060dc00000| Untracked |  0
|  37|0x000000060e000000, 0x000000060e000000, 0x000000060e400000|  0%| F|  |TAMS 0x000000060e000000| PB 0x000000060e000000| Untracked |  0
|  38|0x000000060e400000, 0x000000060e400000, 0x000000060e800000|  0%| F|  |TAMS 0x000000060e400000| PB 0x000000060e400000| Untracked |  0
|  39|0x000000060e800000, 0x000000060e800000, 0x000000060ec00000|  0%| F|  |TAMS 0x000000060e800000| PB 0x000000060e800000| Untracked |  0
|  40|0x000000060ec00000, 0x000000060ec00000, 0x000000060f000000|  0%| F|  |TAMS 0x000000060ec00000| PB 0x000000060ec00000| Untracked |  0
|  41|0x000000060f000000, 0x000000060f000000, 0x000000060f400000|  0%| F|  |TAMS 0x000000060f000000| PB 0x000000060f000000| Untracked |  0
|  42|0x000000060f400000, 0x000000060f400000, 0x000000060f800000|  0%| F|  |TAMS 0x000000060f400000| PB 0x000000060f400000| Untracked |  0
|  43|0x000000060f800000, 0x000000060f800000, 0x000000060fc00000|  0%| F|  |TAMS 0x000000060f800000| PB 0x000000060f800000| Untracked |  0
|  44|0x000000060fc00000, 0x000000060fc00000, 0x0000000610000000|  0%| F|  |TAMS 0x000000060fc00000| PB 0x000000060fc00000| Untracked |  0
|  45|0x0000000610000000, 0x0000000610000000, 0x0000000610400000|  0%| F|  |TAMS 0x0000000610000000| PB 0x0000000610000000| Untracked |  0
|  46|0x0000000610400000, 0x0000000610400000, 0x0000000610800000|  0%| F|  |TAMS 0x0000000610400000| PB 0x0000000610400000| Untracked |  0
|  47|0x0000000610800000, 0x0000000610800000, 0x0000000610c00000|  0%| F|  |TAMS 0x0000000610800000| PB 0x0000000610800000| Untracked |  0
|  48|0x0000000610c00000, 0x0000000610c00000, 0x0000000611000000|  0%| F|  |TAMS 0x0000000610c00000| PB 0x0000000610c00000| Untracked |  0
|  49|0x0000000611000000, 0x0000000611000000, 0x0000000611400000|  0%| F|  |TAMS 0x0000000611000000| PB 0x0000000611000000| Untracked |  0
|  50|0x0000000611400000, 0x0000000611400000, 0x0000000611800000|  0%| F|  |TAMS 0x0000000611400000| PB 0x0000000611400000| Untracked |  0
|  51|0x0000000611800000, 0x0000000611800000, 0x0000000611c00000|  0%| F|  |TAMS 0x0000000611800000| PB 0x0000000611800000| Untracked |  0
|  52|0x0000000611c00000, 0x0000000611c00000, 0x0000000612000000|  0%| F|  |TAMS 0x0000000611c00000| PB 0x0000000611c00000| Untracked |  0
|  53|0x0000000612000000, 0x0000000612000000, 0x0000000612400000|  0%| F|  |TAMS 0x0000000612000000| PB 0x0000000612000000| Untracked |  0
|  54|0x0000000612400000, 0x0000000612400000, 0x0000000612800000|  0%| F|  |TAMS 0x0000000612400000| PB 0x0000000612400000| Untracked |  0
|  55|0x0000000612800000, 0x0000000612800000, 0x0000000612c00000|  0%| F|  |TAMS 0x0000000612800000| PB 0x0000000612800000| Untracked |  0
|  56|0x0000000612c00000, 0x0000000612c00000, 0x0000000613000000|  0%| F|  |TAMS 0x0000000612c00000| PB 0x0000000612c00000| Untracked |  0
|  57|0x0000000613000000, 0x0000000613000000, 0x0000000613400000|  0%| F|  |TAMS 0x0000000613000000| PB 0x0000000613000000| Untracked |  0
|  58|0x0000000613400000, 0x0000000613400000, 0x0000000613800000|  0%| F|  |TAMS 0x0000000613400000| PB 0x0000000613400000| Untracked |  0
|  59|0x0000000613800000, 0x0000000613800000, 0x0000000613c00000|  0%| F|  |TAMS 0x0000000613800000| PB 0x0000000613800000| Untracked |  0
|  60|0x0000000613c00000, 0x0000000613c00000, 0x0000000614000000|  0%| F|  |TAMS 0x0000000613c00000| PB 0x0000000613c00000| Untracked |  0
|  61|0x0000000614000000, 0x0000000614000000, 0x0000000614400000|  0%| F|  |TAMS 0x0000000614000000| PB 0x0000000614000000| Untracked |  0
|  62|0x0000000614400000, 0x0000000614400000, 0x0000000614800000|  0%| F|  |TAMS 0x0000000614400000| PB 0x0000000614400000| Untracked |  0
|  63|0x0000000614800000, 0x0000000614800000, 0x0000000614c00000|  0%| F|  |TAMS 0x0000000614800000| PB 0x0000000614800000| Untracked |  0
|  64|0x0000000614c00000, 0x0000000614c00000, 0x0000000615000000|  0%| F|  |TAMS 0x0000000614c00000| PB 0x0000000614c00000| Untracked |  0
|  65|0x0000000615000000, 0x0000000615000000, 0x0000000615400000|  0%| F|  |TAMS 0x0000000615000000| PB 0x0000000615000000| Untracked |  0
|  66|0x0000000615400000, 0x0000000615400000, 0x0000000615800000|  0%| F|  |TAMS 0x0000000615400000| PB 0x0000000615400000| Untracked |  0
|  67|0x0000000615800000, 0x0000000615800000, 0x0000000615c00000|  0%| F|  |TAMS 0x0000000615800000| PB 0x0000000615800000| Untracked |  0
|  68|0x0000000615c00000, 0x0000000615c00000, 0x0000000616000000|  0%| F|  |TAMS 0x0000000615c00000| PB 0x0000000615c00000| Untracked |  0
|  69|0x0000000616000000, 0x0000000616000000, 0x0000000616400000|  0%| F|  |TAMS 0x0000000616000000| PB 0x0000000616000000| Untracked |  0
|  70|0x0000000616400000, 0x0000000616400000, 0x0000000616800000|  0%| F|  |TAMS 0x0000000616400000| PB 0x0000000616400000| Untracked |  0
|  71|0x0000000616800000, 0x0000000616800000, 0x0000000616c00000|  0%| F|  |TAMS 0x0000000616800000| PB 0x0000000616800000| Untracked |  0
|  72|0x0000000616c00000, 0x0000000616c00000, 0x0000000617000000|  0%| F|  |TAMS 0x0000000616c00000| PB 0x0000000616c00000| Untracked |  0
|  73|0x0000000617000000, 0x0000000617000000, 0x0000000617400000|  0%| F|  |TAMS 0x0000000617000000| PB 0x0000000617000000| Untracked |  0
|  74|0x0000000617400000, 0x0000000617400000, 0x0000000617800000|  0%| F|  |TAMS 0x0000000617400000| PB 0x0000000617400000| Untracked |  0
|  75|0x0000000617800000, 0x0000000617800000, 0x0000000617c00000|  0%| F|  |TAMS 0x0000000617800000| PB 0x0000000617800000| Untracked |  0
|  76|0x0000000617c00000, 0x0000000617c00000, 0x0000000618000000|  0%| F|  |TAMS 0x0000000617c00000| PB 0x0000000617c00000| Untracked |  0
|  77|0x0000000618000000, 0x0000000618000000, 0x0000000618400000|  0%| F|  |TAMS 0x0000000618000000| PB 0x0000000618000000| Untracked |  0
|  78|0x0000000618400000, 0x0000000618400000, 0x0000000618800000|  0%| F|  |TAMS 0x0000000618400000| PB 0x0000000618400000| Untracked |  0
|  79|0x0000000618800000, 0x0000000618800000, 0x0000000618c00000|  0%| F|  |TAMS 0x0000000618800000| PB 0x0000000618800000| Untracked |  0
|  80|0x0000000618c00000, 0x0000000618c00000, 0x0000000619000000|  0%| F|  |TAMS 0x0000000618c00000| PB 0x0000000618c00000| Untracked |  0
|  81|0x0000000619000000, 0x0000000619000000, 0x0000000619400000|  0%| F|  |TAMS 0x0000000619000000| PB 0x0000000619000000| Untracked |  0
|  82|0x0000000619400000, 0x0000000619400000, 0x0000000619800000|  0%| F|  |TAMS 0x0000000619400000| PB 0x0000000619400000| Untracked |  0
|  83|0x0000000619800000, 0x0000000619800000, 0x0000000619c00000|  0%| F|  |TAMS 0x0000000619800000| PB 0x0000000619800000| Untracked |  0
|  84|0x0000000619c00000, 0x0000000619c00000, 0x000000061a000000|  0%| F|  |TAMS 0x0000000619c00000| PB 0x0000000619c00000| Untracked |  0
|  85|0x000000061a000000, 0x000000061a000000, 0x000000061a400000|  0%| F|  |TAMS 0x000000061a000000| PB 0x000000061a000000| Untracked |  0
|  86|0x000000061a400000, 0x000000061a400000, 0x000000061a800000|  0%| F|  |TAMS 0x000000061a400000| PB 0x000000061a400000| Untracked |  0
|  87|0x000000061a800000, 0x000000061a800000, 0x000000061ac00000|  0%| F|  |TAMS 0x000000061a800000| PB 0x000000061a800000| Untracked |  0
|  88|0x000000061ac00000, 0x000000061ac00000, 0x000000061b000000|  0%| F|  |TAMS 0x000000061ac00000| PB 0x000000061ac00000| Untracked |  0
|  89|0x000000061b000000, 0x000000061b000000, 0x000000061b400000|  0%| F|  |TAMS 0x000000061b000000| PB 0x000000061b000000| Untracked |  0
|  90|0x000000061b400000, 0x000000061b400000, 0x000000061b800000|  0%| F|  |TAMS 0x000000061b400000| PB 0x000000061b400000| Untracked |  0
|  91|0x000000061b800000, 0x000000061b800000, 0x000000061bc00000|  0%| F|  |TAMS 0x000000061b800000| PB 0x000000061b800000| Untracked |  0
|  92|0x000000061bc00000, 0x000000061bc00000, 0x000000061c000000|  0%| F|  |TAMS 0x000000061bc00000| PB 0x000000061bc00000| Untracked |  0
|  93|0x000000061c000000, 0x000000061c000000, 0x000000061c400000|  0%| F|  |TAMS 0x000000061c000000| PB 0x000000061c000000| Untracked |  0
|  94|0x000000061c400000, 0x000000061c400000, 0x000000061c800000|  0%| F|  |TAMS 0x000000061c400000| PB 0x000000061c400000| Untracked |  0
|  95|0x000000061c800000, 0x000000061c800000, 0x000000061cc00000|  0%| F|  |TAMS 0x000000061c800000| PB 0x000000061c800000| Untracked |  0
|  96|0x000000061cc00000, 0x000000061cc00000, 0x000000061d000000|  0%| F|  |TAMS 0x000000061cc00000| PB 0x000000061cc00000| Untracked |  0
|  97|0x000000061d000000, 0x000000061d000000, 0x000000061d400000|  0%| F|  |TAMS 0x000000061d000000| PB 0x000000061d000000| Untracked |  0
|  98|0x000000061d400000, 0x000000061d400000, 0x000000061d800000|  0%| F|  |TAMS 0x000000061d400000| PB 0x000000061d400000| Untracked |  0
|  99|0x000000061d800000, 0x000000061d800000, 0x000000061dc00000|  0%| F|  |TAMS 0x000000061d800000| PB 0x000000061d800000| Untracked |  0
| 100|0x000000061dc00000, 0x000000061dc00000, 0x000000061e000000|  0%| F|  |TAMS 0x000000061dc00000| PB 0x000000061dc00000| Untracked |  0
| 101|0x000000061e000000, 0x000000061e000000, 0x000000061e400000|  0%| F|  |TAMS 0x000000061e000000| PB 0x000000061e000000| Untracked |  0
| 102|0x000000061e400000, 0x000000061e400000, 0x000000061e800000|  0%| F|  |TAMS 0x000000061e400000| PB 0x000000061e400000| Untracked |  0
| 103|0x000000061e800000, 0x000000061e800000, 0x000000061ec00000|  0%| F|  |TAMS 0x000000061e800000| PB 0x000000061e800000| Untracked |  0
| 104|0x000000061ec00000, 0x000000061ec00000, 0x000000061f000000|  0%| F|  |TAMS 0x000000061ec00000| PB 0x000000061ec00000| Untracked |  0
| 105|0x000000061f000000, 0x000000061f000000, 0x000000061f400000|  0%| F|  |TAMS 0x000000061f000000| PB 0x000000061f000000| Untracked |  0
| 106|0x000000061f400000, 0x000000061f400000, 0x000000061f800000|  0%| F|  |TAMS 0x000000061f400000| PB 0x000000061f400000| Untracked |  0
| 107|0x000000061f800000, 0x000000061f800000, 0x000000061fc00000|  0%| F|  |TAMS 0x000000061f800000| PB 0x000000061f800000| Untracked |  0
| 108|0x000000061fc00000, 0x000000061fc00000, 0x0000000620000000|  0%| F|  |TAMS 0x000000061fc00000| PB 0x000000061fc00000| Untracked |  0
| 109|0x0000000620000000, 0x0000000620000000, 0x0000000620400000|  0%| F|  |TAMS 0x0000000620000000| PB 0x0000000620000000| Untracked |  0
| 110|0x0000000620400000, 0x0000000620400000, 0x0000000620800000|  0%| F|  |TAMS 0x0000000620400000| PB 0x0000000620400000| Untracked |  0
| 111|0x0000000620800000, 0x0000000620c00000, 0x0000000620c00000|100%| S|CS|TAMS 0x0000000620800000| PB 0x0000000620800000| Complete |  0
| 112|0x0000000620c00000, 0x0000000621000000, 0x0000000621000000|100%| S|CS|TAMS 0x0000000620c00000| PB 0x0000000620c00000| Complete |  0
| 113|0x0000000621000000, 0x0000000621000000, 0x0000000621400000|  0%| F|  |TAMS 0x0000000621000000| PB 0x0000000621000000| Untracked |  0
| 114|0x0000000621400000, 0x0000000621400000, 0x0000000621800000|  0%| F|  |TAMS 0x0000000621400000| PB 0x0000000621400000| Untracked |  0
| 115|0x0000000621800000, 0x0000000621b4f5f0, 0x0000000621c00000| 82%| E|  |TAMS 0x0000000621800000| PB 0x0000000621800000| Complete |  0
| 116|0x0000000621c00000, 0x0000000622000000, 0x0000000622000000|100%| E|CS|TAMS 0x0000000621c00000| PB 0x0000000621c00000| Complete |  0
| 117|0x0000000622000000, 0x0000000622400000, 0x0000000622400000|100%| E|CS|TAMS 0x0000000622000000| PB 0x0000000622000000| Complete |  0
| 118|0x0000000622400000, 0x0000000622800000, 0x0000000622800000|100%| E|CS|TAMS 0x0000000622400000| PB 0x0000000622400000| Complete |  0
| 119|0x0000000622800000, 0x0000000622c00000, 0x0000000622c00000|100%| E|CS|TAMS 0x0000000622800000| PB 0x0000000622800000| Complete |  0
| 120|0x0000000622c00000, 0x0000000623000000, 0x0000000623000000|100%| E|CS|TAMS 0x0000000622c00000| PB 0x0000000622c00000| Complete |  0
| 121|0x0000000623000000, 0x0000000623400000, 0x0000000623400000|100%| E|CS|TAMS 0x0000000623000000| PB 0x0000000623000000| Complete |  0
| 122|0x0000000623400000, 0x0000000623800000, 0x0000000623800000|100%| E|CS|TAMS 0x0000000623400000| PB 0x0000000623400000| Complete |  0
| 123|0x0000000623800000, 0x0000000623c00000, 0x0000000623c00000|100%| E|CS|TAMS 0x0000000623800000| PB 0x0000000623800000| Complete |  0
| 124|0x0000000623c00000, 0x0000000624000000, 0x0000000624000000|100%| E|CS|TAMS 0x0000000623c00000| PB 0x0000000623c00000| Complete |  0
| 125|0x0000000624000000, 0x0000000624400000, 0x0000000624400000|100%| E|CS|TAMS 0x0000000624000000| PB 0x0000000624000000| Complete |  0
| 126|0x0000000624400000, 0x0000000624800000, 0x0000000624800000|100%| E|CS|TAMS 0x0000000624400000| PB 0x0000000624400000| Complete |  0

Card table byte_map: [0x000002651a9f0000,0x000002651b9d0000] _byte_map_base: 0x00000265179ca000

Marking Bits: (CMBitMap*) 0x0000026501cc0660
 Bits: [0x000002651b9d0000, 0x00000265238a0000)

Polling page: 0x0000026501410000

Metaspace:

Usage:
  Non-class:     16.78 MB used.
      Class:      3.06 MB used.
       Both:     19.84 MB used.

Virtual space:
  Non-class space:       64.00 MB reserved,      16.94 MB ( 26%) committed,  1 nodes.
      Class space:        1.00 GB reserved,       3.19 MB ( <1%) committed,  1 nodes.
             Both:        1.06 GB reserved,      20.12 MB (  2%) committed. 

Chunk freelists:
   Non-Class:  14.69 MB
       Class:  12.75 MB
        Both:  27.44 MB

MaxMetaspaceSize: unlimited
CompressedClassSpaceSize: 1.00 GB
Initial GC threshold: 21.00 MB
Current GC threshold: 21.00 MB
CDS: on
 - commit_granule_bytes: 65536.
 - commit_granule_words: 8192.
 - virtual_space_node_default_size: 8388608.
 - enlarge_chunks_in_place: 1.
 - use_allocation_guard: 0.


Internal statistics:

num_allocs_failed_limit: 0.
num_arena_births: 412.
num_arena_deaths: 0.
num_vsnodes_births: 2.
num_vsnodes_deaths: 0.
num_space_committed: 322.
num_space_uncommitted: 0.
num_chunks_returned_to_freelist: 0.
num_chunks_taken_from_freelist: 1052.
num_chunk_merges: 0.
num_chunk_splits: 725.
num_chunks_enlarged: 533.
num_inconsistent_stats: 0.

CodeHeap 'non-profiled nmethods': size=119168Kb used=2303Kb max_used=2303Kb free=116864Kb
 bounds [0x0000026511b30000, 0x0000026511da0000, 0x0000026518f90000]
CodeHeap 'profiled nmethods': size=119104Kb used=8522Kb max_used=8522Kb free=110581Kb
 bounds [0x0000026509f90000, 0x000002650a7f0000, 0x00000265113e0000]
CodeHeap 'non-nmethods': size=7488Kb used=1859Kb max_used=3587Kb free=5628Kb
 bounds [0x00000265113e0000, 0x0000026511770000, 0x0000026511b30000]
 total_blobs=5179 nmethods=4318 adapters=763
 compilation: enabled
              stopped_count=0, restarted_count=0
 full_count=0

Compilation events (20 events):
Event: 198.176 Thread 0x0000026519a09d80 nmethod 4313 0x000002650a7dea10 code [0x000002650a7debc0, 0x000002650a7dedf0]
Event: 198.176 Thread 0x0000026519a09d80 4314       3       com.sun.javafx.geom.transform.AffineBase::scale (284 bytes)
Event: 198.176 Thread 0x0000026519a09d80 nmethod 4314 0x000002650a7def10 code [0x000002650a7df160, 0x000002650a7df950]
Event: 198.176 Thread 0x0000026519a09d80 4317       3       com.sun.javafx.geom.Path2D::<init> (26 bytes)
Event: 198.177 Thread 0x0000026519a09d80 nmethod 4317 0x000002650a7dfa90 code [0x000002650a7dfc60, 0x000002650a7e01b8]
Event: 198.178 Thread 0x0000026519a09d80 4315       1       com.sun.javafx.tk.quantum.GlassScene::getDepthBuffer (5 bytes)
Event: 198.178 Thread 0x0000026519a09d80 nmethod 4315 0x0000026511d6e190 code [0x0000026511d6e320, 0x0000026511d6e3f0]
Event: 198.178 Thread 0x0000026519a09d80 4316       1       com.sun.javafx.tk.quantum.SceneState::getCamera (5 bytes)
Event: 198.178 Thread 0x0000026519a09d80 nmethod 4316 0x0000026511d6e490 code [0x0000026511d6e620, 0x0000026511d6e6f0]
Event: 198.180 Thread 0x0000026519a092d0 nmethod 4309 0x0000026511d6e790 code [0x0000026511d6e960, 0x0000026511d6ece8]
Event: 198.180 Thread 0x0000026519a092d0 4312       4       java.lang.Integer::valueOf (32 bytes)
Event: 198.181 Thread 0x0000026519a092d0 nmethod 4312 0x0000026511d6f010 code [0x0000026511d6f1a0, 0x0000026511d6f290]
Event: 198.190 Thread 0x0000026519a092d0 4318       4       java.util.WeakHashMap$EntryIterator::next (5 bytes)
Event: 198.193 Thread 0x0000026519a092d0 nmethod 4318 0x0000026511d6f310 code [0x0000026511d6f4a0, 0x0000026511d6f8e0]
Event: 198.246 Thread 0x0000026519a09d80 4319       3       javafx.scene.Node::setScenes (75 bytes)
Event: 198.246 Thread 0x0000026519a09d80 nmethod 4319 0x000002650a7e0390 code [0x000002650a7e0600, 0x000002650a7e1418]
Event: 198.246 Thread 0x0000026519a09d80 4320       3       javafx.scene.Node::updateCanReceiveFocus (31 bytes)
Event: 198.247 Thread 0x0000026519a09d80 nmethod 4320 0x000002650a7e1810 code [0x000002650a7e1a60, 0x000002650a7e26c8]
Event: 198.247 Thread 0x0000026519a09d80 4321       1       java.util.logging.LogManager$LoggerContext::getOwner (5 bytes)
Event: 198.247 Thread 0x0000026519a09d80 nmethod 4321 0x0000026511d6fa10 code [0x0000026511d6fba0, 0x0000026511d6fc70]

GC Heap History (4 events):
Event: 1.102 GC heap before
{Heap before GC invocations=0 (full 0):
 garbage-first heap   total reserved 8310784K, committed 520192K, used 24576K [0x0000000604c00000, 0x0000000800000000)
  region size 4096K, 6 young (24576K), 0 survivors (0K)
 Metaspace       used 4690K, committed 4928K, reserved 1114112K
  class space    used 507K, committed 640K, reserved 1048576K
}
Event: 1.105 GC heap after
{Heap after GC invocations=1 (full 0):
 garbage-first heap   total reserved 8310784K, committed 520192K, used 2739K [0x0000000604c00000, 0x0000000800000000)
  region size 4096K, 1 young (4096K), 1 survivors (4096K)
 Metaspace       used 4690K, committed 4928K, reserved 1114112K
  class space    used 507K, committed 640K, reserved 1048576K
}
Event: 1.930 GC heap before
{Heap before GC invocations=1 (full 0):
 garbage-first heap   total reserved 8310784K, committed 520192K, used 51891K [0x0000000604c00000, 0x0000000800000000)
  region size 4096K, 14 young (57344K), 1 survivors (4096K)
 Metaspace       used 14382K, committed 14720K, reserved 1114112K
  class space    used 2082K, committed 2240K, reserved 1048576K
}
Event: 1.937 GC heap after
{Heap after GC invocations=2 (full 0):
 garbage-first heap   total reserved 8310784K, committed 520192K, used 8885K [0x0000000604c00000, 0x0000000800000000)
  region size 4096K, 2 young (8192K), 2 survivors (8192K)
 Metaspace       used 14382K, committed 14720K, reserved 1114112K
  class space    used 2082K, committed 2240K, reserved 1048576K
}

Dll operation events (20 events):
Event: 0.557 Loaded shared library C:\Users\birnst2\.openjfx\cache\22.0.1+7\amd64\api-ms-win-crt-locale-l1-1-0.dll
Event: 0.567 Loaded shared library C:\Users\birnst2\.openjfx\cache\22.0.1+7\amd64\api-ms-win-crt-math-l1-1-0.dll
Event: 0.575 Loaded shared library C:\Users\birnst2\.openjfx\cache\22.0.1+7\amd64\api-ms-win-crt-multibyte-l1-1-0.dll
Event: 0.584 Loaded shared library C:\Users\birnst2\.openjfx\cache\22.0.1+7\amd64\api-ms-win-crt-private-l1-1-0.dll
Event: 0.592 Loaded shared library C:\Users\birnst2\.openjfx\cache\22.0.1+7\amd64\api-ms-win-crt-process-l1-1-0.dll
Event: 0.601 Loaded shared library C:\Users\birnst2\.openjfx\cache\22.0.1+7\amd64\api-ms-win-crt-runtime-l1-1-0.dll
Event: 0.610 Loaded shared library C:\Users\birnst2\.openjfx\cache\22.0.1+7\amd64\api-ms-win-crt-stdio-l1-1-0.dll
Event: 0.618 Loaded shared library C:\Users\birnst2\.openjfx\cache\22.0.1+7\amd64\api-ms-win-crt-string-l1-1-0.dll
Event: 0.628 Loaded shared library C:\Users\birnst2\.openjfx\cache\22.0.1+7\amd64\api-ms-win-crt-time-l1-1-0.dll
Event: 0.637 Loaded shared library C:\Users\birnst2\.openjfx\cache\22.0.1+7\amd64\api-ms-win-crt-utility-l1-1-0.dll
Event: 0.654 Loaded shared library C:\Users\birnst2\.openjfx\cache\22.0.1+7\amd64\ucrtbase.dll
Event: 0.664 Loaded shared library C:\Users\birnst2\.openjfx\cache\22.0.1+7\amd64\vcruntime140.dll
Event: 0.673 Loaded shared library C:\Users\birnst2\.openjfx\cache\22.0.1+7\amd64\vcruntime140_1.dll
Event: 0.685 Loaded shared library C:\Users\birnst2\.openjfx\cache\22.0.1+7\amd64\msvcp140.dll
Event: 0.693 Loaded shared library C:\Users\birnst2\.openjfx\cache\22.0.1+7\amd64\msvcp140_1.dll
Event: 0.704 Loaded shared library C:\Users\birnst2\.openjfx\cache\22.0.1+7\amd64\msvcp140_2.dll
Event: 0.749 Loaded shared library C:\Users\birnst2\.openjfx\cache\22.0.1+7\amd64\prism_d3d.dll
Event: 0.899 Loaded shared library C:\Users\birnst2\.openjfx\cache\22.0.1+7\amd64\glass.dll
Event: 1.122 Loaded shared library C:\Users\birnst2\.jdks\openjdk-22.0.2\bin\jimage.dll
Event: 1.531 Loaded shared library C:\Users\birnst2\.openjfx\cache\22.0.1+7\amd64\javafx_font.dll

Deoptimization events (20 events):
Event: 191.623 Thread 0x000002656c637c40 DEOPT PACKING pc=0x0000026511d5fea0 sp=0x000000a19e2fe1b0
Event: 191.623 Thread 0x000002656c637c40 DEOPT UNPACKING pc=0x00000265114346a2 sp=0x000000a19e2fe160 mode 2
Event: 192.112 Thread 0x000002656c637c40 Uncommon trap: trap_request=0xffffff45 fr.pc=0x0000026511d38c04 relative=0x00000000000000c4
Event: 192.112 Thread 0x000002656c637c40 Uncommon trap: reason=unstable_if action=reinterpret pc=0x0000026511d38c04 method=java.lang.Math.max(DD)D @ 28 c2
Event: 192.112 Thread 0x000002656c637c40 DEOPT PACKING pc=0x0000026511d38c04 sp=0x000000a19e2fd990
Event: 192.112 Thread 0x000002656c637c40 DEOPT UNPACKING pc=0x00000265114346a2 sp=0x000000a19e2fd930 mode 2
Event: 192.121 Thread 0x000002656c637c40 Uncommon trap: trap_request=0xffffffc6 fr.pc=0x0000026511c3e2bc relative=0x00000000000002fc
Event: 192.121 Thread 0x000002656c637c40 Uncommon trap: reason=bimorphic_or_optimized_type_check action=maybe_recompile pc=0x0000026511c3e2bc method=java.util.Collections$UnmodifiableCollection$1.<init>(Ljava/util/Collections$UnmodifiableCollection;)V @ 17 c2
Event: 192.121 Thread 0x000002656c637c40 DEOPT PACKING pc=0x0000026511c3e2bc sp=0x000000a19e2fcd90
Event: 192.121 Thread 0x000002656c637c40 DEOPT UNPACKING pc=0x00000265114346a2 sp=0x000000a19e2fcce8 mode 2
Event: 192.121 Thread 0x000002656c637c40 Uncommon trap: trap_request=0xffffffc6 fr.pc=0x0000026511c58b2c relative=0x000000000000022c
Event: 192.121 Thread 0x000002656c637c40 Uncommon trap: reason=bimorphic_or_optimized_type_check action=maybe_recompile pc=0x0000026511c58b2c method=java.util.Collections$UnmodifiableCollection$1.next()Ljava/lang/Object; @ 4 c2
Event: 192.121 Thread 0x000002656c637c40 DEOPT PACKING pc=0x0000026511c58b2c sp=0x000000a19e2fcdc0
Event: 192.121 Thread 0x000002656c637c40 DEOPT UNPACKING pc=0x00000265114346a2 sp=0x000000a19e2fcd60 mode 2
Event: 192.121 Thread 0x000002656c637c40 DEOPT PACKING pc=0x000002650a388e8b sp=0x000000a19e2fca20
Event: 192.121 Thread 0x000002656c637c40 DEOPT UNPACKING pc=0x0000026511434e42 sp=0x000000a19e2fbeb0 mode 0
Event: 192.124 Thread 0x000002656c637c40 Uncommon trap: trap_request=0xffffff45 fr.pc=0x0000026511d32384 relative=0x00000000000007e4
Event: 192.124 Thread 0x000002656c637c40 Uncommon trap: reason=unstable_if action=reinterpret pc=0x0000026511d32384 method=javafx.scene.CssStyleHelper.getStyle(Ljavafx/css/Styleable;Ljava/lang/String;Lcom/sun/javafx/css/StyleMap;Ljava/util/Set;)Lcom/sun/javafx/css/CascadingStyle; @ 8 c2
Event: 192.124 Thread 0x000002656c637c40 DEOPT PACKING pc=0x0000026511d32384 sp=0x000000a19e2fce80
Event: 192.124 Thread 0x000002656c637c40 DEOPT UNPACKING pc=0x00000265114346a2 sp=0x000000a19e2fcdf0 mode 2

Classes loaded (20 events):
Event: 2.383 Loading class java/util/concurrent/ConcurrentLinkedQueue
Event: 2.383 Loading class java/util/concurrent/ConcurrentLinkedQueue done
Event: 2.383 Loading class java/util/concurrent/ConcurrentLinkedQueue$Node
Event: 2.383 Loading class java/util/concurrent/ConcurrentLinkedQueue$Node done
Event: 2.383 Loading class jdk/internal/ref/CleanerImpl$InnocuousThreadFactory
Event: 2.384 Loading class jdk/internal/ref/CleanerImpl$InnocuousThreadFactory done
Event: 2.387 Loading class sun/misc/Unsafe
Event: 2.387 Loading class sun/misc/Unsafe done
Event: 2.387 Loading class java/lang/invoke/DirectMethodHandle$StaticAccessor
Event: 2.388 Loading class java/lang/invoke/DirectMethodHandle$StaticAccessor done
Event: 2.431 Loading class java/lang/FdLibm$Atan2
Event: 2.431 Loading class java/lang/FdLibm$Atan2 done
Event: 147.587 Loading class java/util/EnumMap$Values
Event: 147.587 Loading class java/util/EnumMap$Values done
Event: 147.587 Loading class java/util/EnumMap$ValueIterator
Event: 147.587 Loading class java/util/EnumMap$EnumMapIterator
Event: 147.587 Loading class java/util/EnumMap$EnumMapIterator done
Event: 147.587 Loading class java/util/EnumMap$ValueIterator done
Event: 155.476 Loading class java/io/UnsupportedEncodingException
Event: 155.477 Loading class java/io/UnsupportedEncodingException done

Classes unloaded (0 events):
No events

Classes redefined (0 events):
No events

Internal exceptions (20 events):
Event: 1.662 Thread 0x000002656c637c40 Exception <a 'java/lang/NoSuchMethodError'{0x0000000622350cf8}: 'void java.lang.invoke.DelegatingMethodHandle$Holder.reinvoke_L(java.lang.Object, java.lang.Object, int)'> (0x0000000622350cf8) 
thrown [s\open\src\hotspot\share\interpreter\linkResolver.cpp, line 774]
Event: 1.673 Thread 0x000002656c637c40 Exception <a 'java/lang/NoSuchMethodError'{0x00000006223eadd0}: 'java.lang.Object java.lang.invoke.DirectMethodHandle$Holder.newInvokeSpecial(java.lang.Object, double)'> (0x00000006223eadd0) 
thrown [s\open\src\hotspot\share\interpreter\linkResolver.cpp, line 774]
Event: 1.843 Thread 0x000002656c637c40 Exception <a 'java/io/FileNotFoundException'{0x0000000621743fd0}> (0x0000000621743fd0) 
thrown [s\open\src\hotspot\share\prims\jni.cpp, line 520]
Event: 1.893 Thread 0x000002656c637c40 Exception <a 'java/lang/IncompatibleClassChangeError'{0x00000006212a3690}: Found class java.lang.Object, but interface was expected> (0x00000006212a3690) 
thrown [s\open\src\hotspot\share\interpreter\linkResolver.cpp, line 841]
Event: 1.955 Thread 0x000002656c637c40 Exception <a 'java/lang/ClassNotFoundException'{0x00000006245f7ed8}: com/sun/javafx/scene/control/skin/resources/controls> (0x00000006245f7ed8) 
thrown [s\open\src\hotspot\share\prims\jni.cpp, line 539]
Event: 1.956 Thread 0x000002656c637c40 Exception <a 'java/lang/ClassNotFoundException'{0x00000006246060b8}: com/sun/javafx/scene/control/skin/resources/controls_de> (0x00000006246060b8) 
thrown [s\open\src\hotspot\share\prims\jni.cpp, line 539]
Event: 1.956 Thread 0x000002656c637c40 Exception <a 'java/lang/ClassNotFoundException'{0x0000000624613b38}: com/sun/javafx/scene/control/skin/resources/controls_de_DE> (0x0000000624613b38) 
thrown [s\open\src\hotspot\share\prims\jni.cpp, line 539]
Event: 1.980 Thread 0x000002656c637c40 Exception <a 'java/lang/NoSuchMethodError'{0x000000062408c460}: 'void java.lang.invoke.DirectMethodHandle$Holder.invokeSpecial(java.lang.Object, java.lang.Object, java.lang.Object, java.lang.Object, java.lang.Object, java.lang.Object)'> (0x000000062408c460) 
thrown [s\open\src\hotspot\share\interpreter\linkResolver.cpp, line 774]
Event: 2.060 Thread 0x000002656c637c40 Exception <a 'java/lang/NoSuchMethodError'{0x000000062385d3b8}: 'int java.lang.invoke.DirectMethodHandle$Holder.invokeSpecial(java.lang.Object, java.lang.Object, int)'> (0x000000062385d3b8) 
thrown [s\open\src\hotspot\share\interpreter\linkResolver.cpp, line 774]
Event: 2.143 Thread 0x000002656c637c40 Exception <a 'java/lang/NoSuchMethodError'{0x0000000623be3ee8}: 'java.lang.Object java.lang.invoke.DirectMethodHandle$Holder.newInvokeSpecial(java.lang.Object, java.lang.Object, int)'> (0x0000000623be3ee8) 
thrown [s\open\src\hotspot\share\interpreter\linkResolver.cpp, line 774]
Event: 2.218 Thread 0x000002656c7f9360 Exception <a 'java/lang/NoSuchMethodError'{0x0000000623567ab0}: 'int java.lang.invoke.DirectMethodHandle$Holder.invokeStaticInit(java.lang.Object, java.lang.Object)'> (0x0000000623567ab0) 
thrown [s\open\src\hotspot\share\interpreter\linkResolver.cpp, line 774]
Event: 155.510 Thread 0x000002656c637c40 Implicit null exception at 0x0000026511c65b68 to 0x0000026511c665e4
Event: 155.544 Thread 0x000002656c637c40 Exception <a 'java/lang/NoSuchMethodError'{0x0000000622f7b560}: 'long java.lang.invoke.DirectMethodHandle$Holder.invokeStatic(java.lang.Object, java.lang.Object, java.lang.Object)'> (0x0000000622f7b560) 
thrown [s\open\src\hotspot\share\interpreter\linkResolver.cpp, line 774]
Event: 155.544 Thread 0x000002656c637c40 Exception <a 'java/lang/NoSuchMethodError'{0x0000000622f7e930}: 'long java.lang.invoke.DirectMethodHandle$Holder.invokeStaticInit(java.lang.Object, java.lang.Object, java.lang.Object)'> (0x0000000622f7e930) 
thrown [s\open\src\hotspot\share\interpreter\linkResolver.cpp, line 774]
Event: 155.545 Thread 0x000002656c637c40 Exception <a 'java/lang/NoSuchMethodError'{0x0000000622f93028}: 'java.lang.Object java.lang.invoke.DirectMethodHandle$Holder.newInvokeSpecial(java.lang.Object, java.lang.Object, long)'> (0x0000000622f93028) 
thrown [s\open\src\hotspot\share\interpreter\linkResolver.cpp, line 774]
Event: 155.545 Thread 0x000002656c637c40 Exception <a 'java/lang/NoSuchMethodError'{0x0000000622f96930}: 'java.lang.Object java.lang.invoke.Invokers$Holder.linkToTargetMethod(java.lang.Object, long, java.lang.Object)'> (0x0000000622f96930) 
thrown [s\open\src\hotspot\share\interpreter\linkResolver.cpp, line 774]
Event: 155.550 Thread 0x000002656c7f9360 Exception <a 'java/lang/NoSuchMethodError'{0x0000000622c2e020}: 'java.lang.Object java.lang.invoke.DirectMethodHandle$Holder.invokeStaticInit(java.lang.Object, int)'> (0x0000000622c2e020) 
thrown [s\open\src\hotspot\share\interpreter\linkResolver.cpp, line 774]
Event: 161.001 Thread 0x000002656c637c40 Exception <a 'java/lang/NoSuchMethodError'{0x0000000622b69f10}: 'java.lang.Object java.lang.invoke.DirectMethodHandle$Holder.newInvokeSpecial(java.lang.Object, java.lang.Object, int, int, int, int, int, java.lang.Object)'> (0x0000000622b69f10) 
thrown [s\open\src\hotspot\share\interpreter\linkResolver.cpp, line 774]
Event: 161.002 Thread 0x000002656c637c40 Exception <a 'java/lang/NoSuchMethodError'{0x0000000622b7bc30}: 'java.lang.Object java.lang.invoke.DirectMethodHandle$Holder.newInvokeSpecial(java.lang.Object, java.lang.Object, java.lang.Object, int, int, int, int, int)'> (0x0000000622b7bc30) 
thrown [s\open\src\hotspot\share\interpreter\linkResolver.cpp, line 774]
Event: 161.002 Thread 0x000002656c637c40 Exception <a 'java/lang/NoSuchMethodError'{0x0000000622b82fa0}: 'java.lang.Object java.lang.invoke.Invokers$Holder.linkToTargetMethod(java.lang.Object, java.lang.Object, int, int, int, int, int, java.lang.Object)'> (0x0000000622b82fa0) 
thrown [s\open\src\hotspot\share\interpreter\linkResolver.cpp, line 774]

ZGC Phase Switch (0 events):
No events

VM Operations (20 events):
Event: 171.286 Executing VM operation: Cleanup done
Event: 173.287 Executing VM operation: Cleanup
Event: 173.287 Executing VM operation: Cleanup done
Event: 177.289 Executing VM operation: Cleanup
Event: 177.289 Executing VM operation: Cleanup done
Event: 178.289 Executing VM operation: Cleanup
Event: 178.289 Executing VM operation: Cleanup done
Event: 180.468 Executing VM operation: HandshakeAllThreads (HandshakeForDeflation)
Event: 180.468 Executing VM operation: HandshakeAllThreads (HandshakeForDeflation) done
Event: 180.468 Executing VM operation: RendezvousGCThreads
Event: 180.468 Executing VM operation: RendezvousGCThreads done
Event: 191.474 Executing VM operation: Cleanup
Event: 191.474 Executing VM operation: Cleanup done
Event: 192.475 Executing VM operation: Cleanup
Event: 192.475 Executing VM operation: Cleanup done
Event: 193.475 Executing VM operation: Cleanup
Event: 193.475 Executing VM operation: Cleanup done
Event: 197.477 Executing VM operation: Cleanup
Event: 197.478 Executing VM operation: Cleanup done
Event: 198.248 Executing VM operation: Exit

Memory protections (0 events):
No events

Nmethod flushes (0 events):
No events

Events (20 events):
Event: 172.414 Thread 0x000002656d613920 Thread exited: 0x000002656d613920
Event: 172.414 Thread 0x000002656d614d90 Thread exited: 0x000002656d614d90
Event: 176.942 Thread 0x0000026519a09d80 Thread added: 0x000002656d614d90
Event: 176.942 Thread 0x0000026519a09d80 Thread added: 0x000002656d612b80
Event: 176.943 Thread 0x0000026519a09d80 Thread added: 0x000002656d613250
Event: 177.678 Thread 0x000002656d613250 Thread exited: 0x000002656d613250
Event: 177.678 Thread 0x000002656d612b80 Thread exited: 0x000002656d612b80
Event: 177.726 Thread 0x000002656d614d90 Thread exited: 0x000002656d614d90
Event: 190.880 Thread 0x0000026519a09d80 Thread added: 0x000002656d612b80
Event: 191.454 Thread 0x000002656d612b80 Thread exited: 0x000002656d612b80
Event: 192.125 Thread 0x0000026519a09d80 Thread added: 0x000002656d613250
Event: 192.125 Thread 0x0000026519a09d80 Thread added: 0x000002656d6146c0
Event: 192.705 Thread 0x000002656d6146c0 Thread exited: 0x000002656d6146c0
Event: 192.705 Thread 0x000002656d613250 Thread exited: 0x000002656d613250
Event: 198.247 Thread 0x000002656c637c40 Thread added: 0x000002656d78e650
Event: 198.247 Thread 0x000002656c637c40 Thread added: 0x000002656d78ece0
Event: 198.247 Thread 0x000002656d78e650 Thread exited: 0x000002656d78e650
Event: 198.248 Thread 0x000002656d78ece0 Thread exited: 0x000002656d78ece0
Event: 198.248 Thread 0x000002656c637c40 Before exit entered
Event: 198.248 Thread 0x00000265199f0a10 Thread exited: 0x00000265199f0a10


Dynamic libraries:
0x00007ff79a860000 - 0x00007ff79a86e000 	C:\Users\birnst2\.jdks\openjdk-22.0.2\bin\java.exe
0x00007fff717f0000 - 0x00007fff71a07000 	C:\WINDOWS\SYSTEM32\ntdll.dll
0x00007fff6fde0000 - 0x00007fff6fea4000 	C:\WINDOWS\System32\KERNEL32.DLL
0x00007fff6f020000 - 0x00007fff6f3cd000 	C:\WINDOWS\System32\KERNELBASE.dll
0x00007fff6f400000 - 0x00007fff6f511000 	C:\WINDOWS\System32\ucrtbase.dll
0x00007fff59a20000 - 0x00007fff59a37000 	C:\Users\birnst2\.jdks\openjdk-22.0.2\bin\jli.dll
0x00007fff63c80000 - 0x00007fff63c9b000 	C:\Users\birnst2\.jdks\openjdk-22.0.2\bin\VCRUNTIME140.dll
0x00007fff6f5a0000 - 0x00007fff6f74e000 	C:\WINDOWS\System32\USER32.dll
0x00007fff6f3d0000 - 0x00007fff6f3f6000 	C:\WINDOWS\System32\win32u.dll
0x00007fff70440000 - 0x00007fff70469000 	C:\WINDOWS\System32\GDI32.dll
0x00007fff6eb10000 - 0x00007fff6ec29000 	C:\WINDOWS\System32\gdi32full.dll
0x00007fff6ef80000 - 0x00007fff6f01a000 	C:\WINDOWS\System32\msvcp_win.dll
0x00007fff5b000000 - 0x00007fff5b293000 	C:\WINDOWS\WinSxS\amd64_microsoft.windows.common-controls_6595b64144ccf1df_6.0.22621.3672_none_2713b9d173822955\COMCTL32.dll
0x00007fff716f0000 - 0x00007fff71797000 	C:\WINDOWS\System32\msvcrt.dll
0x00007fff70080000 - 0x00007fff700b1000 	C:\WINDOWS\System32\IMM32.DLL
0x00007fff5b360000 - 0x00007fff5b4ba000 	\\?\zceVJKonMfQweaeMuuXLAzIMgTyn\GLOBAL??\C:\WINDOWS\system32\tmumh\20019\AddOn\8.55.0.1333\TmUmEvt64.dll
0x00007fff717a0000 - 0x00007fff717a8000 	C:\WINDOWS\System32\PSAPI.DLL
0x00007fff70380000 - 0x00007fff70432000 	C:\WINDOWS\System32\ADVAPI32.dll
0x00007fff715e0000 - 0x00007fff71689000 	C:\WINDOWS\System32\sechost.dll
0x00007fff6ec30000 - 0x00007fff6ec58000 	C:\WINDOWS\System32\bcrypt.dll
0x00007fff70e90000 - 0x00007fff70fa4000 	C:\WINDOWS\System32\RPCRT4.dll
0x0000000075ce0000 - 0x0000000075e5e000 	\\?\zceVJKonMfQweaeMuuXLAzIMgTyn\GLOBAL??\C:\WINDOWS\system32\tmumh\20019\TmMon\2.9.0.1176\tmmon64.dll
0x00007fff23280000 - 0x00007fff235bf000 	C:\WINDOWS\System32\TmLWE\TmUmSnsr64\1.0.0.1140\TmUmSnsr64.dll
0x00007fff6da30000 - 0x00007fff6da48000 	C:\WINDOWS\SYSTEM32\kernel.appcore.dll
0x00007fff65a40000 - 0x00007fff65a4c000 	C:\Users\birnst2\.jdks\openjdk-22.0.2\bin\vcruntime140_1.dll
0x00007fff55f30000 - 0x00007fff55fbe000 	C:\Users\birnst2\.jdks\openjdk-22.0.2\bin\msvcp140.dll
0x00007ffe94230000 - 0x00007ffe94f79000 	C:\Users\birnst2\.jdks\openjdk-22.0.2\bin\server\jvm.dll
0x00007fff6f860000 - 0x00007fff6f8d1000 	C:\WINDOWS\System32\WS2_32.dll
0x00007fff6e830000 - 0x00007fff6e87d000 	C:\WINDOWS\SYSTEM32\POWRPROF.dll
0x00007fff65c30000 - 0x00007fff65c64000 	C:\WINDOWS\SYSTEM32\WINMM.dll
0x00007fff5a540000 - 0x00007fff5a54a000 	C:\WINDOWS\SYSTEM32\VERSION.dll
0x00007fff6e810000 - 0x00007fff6e823000 	C:\WINDOWS\SYSTEM32\UMPDC.dll
0x00007fff65630000 - 0x00007fff6563a000 	C:\Users\birnst2\.jdks\openjdk-22.0.2\bin\jimage.dll
0x00007fff6bed0000 - 0x00007fff6c102000 	C:\WINDOWS\SYSTEM32\DBGHELP.DLL
0x00007fff6f940000 - 0x00007fff6fcce000 	C:\WINDOWS\System32\combase.dll
0x00007fff6fcd0000 - 0x00007fff6fda7000 	C:\WINDOWS\System32\OLEAUT32.dll
0x00007fff5a750000 - 0x00007fff5a782000 	C:\WINDOWS\SYSTEM32\dbgcore.DLL
0x00007fff6ec60000 - 0x00007fff6ecdb000 	C:\WINDOWS\System32\bcryptPrimitives.dll
0x00007fff65640000 - 0x00007fff6564f000 	C:\Users\birnst2\.jdks\openjdk-22.0.2\bin\instrument.dll
0x00007fff55f10000 - 0x00007fff55f2e000 	C:\Users\birnst2\.jdks\openjdk-22.0.2\bin\java.dll
0x00007fff70620000 - 0x00007fff70e87000 	C:\WINDOWS\System32\SHELL32.dll
0x00007fff70470000 - 0x00007fff70615000 	C:\WINDOWS\System32\ole32.dll
0x00007fff6c8a0000 - 0x00007fff6d19f000 	C:\WINDOWS\SYSTEM32\windows.storage.dll
0x00007fff6c760000 - 0x00007fff6c89f000 	C:\WINDOWS\SYSTEM32\wintypes.dll
0x0000026526c80000 - 0x0000026526d79000 	C:\WINDOWS\System32\SHCORE.dll
0x00007fff6f8e0000 - 0x00007fff6f93e000 	C:\WINDOWS\System32\shlwapi.dll
0x00007fff6ea40000 - 0x00007fff6ea67000 	C:\WINDOWS\SYSTEM32\profapi.dll
0x00007fff01450000 - 0x00007fff01527000 	C:\Users\birnst2\.jdks\openjdk-22.0.2\bin\jsvml.dll
0x00007fff65530000 - 0x00007fff65540000 	C:\Users\birnst2\.jdks\openjdk-22.0.2\bin\net.dll
0x00007fff6dfd0000 - 0x00007fff6e039000 	C:\WINDOWS\system32\mswsock.dll
0x00007fff50170000 - 0x00007fff50186000 	C:\Users\birnst2\.jdks\openjdk-22.0.2\bin\nio.dll
0x00007fff4f2c0000 - 0x00007fff4f2d7000 	C:\Users\birnst2\.jdks\openjdk-22.0.2\bin\zip.dll
0x00007fff53520000 - 0x00007fff5353a000 	C:\Program Files\JetBrains\IntelliJ IDEA Community Edition 2024.2.0.2\bin\breakgen64.dll
0x0000026501bb0000 - 0x0000026501bb3000 	C:\Users\birnst2\.openjfx\cache\22.0.1+7\amd64\api-ms-win-core-console-l1-1-0.dll
0x0000026501bc0000 - 0x0000026501bc3000 	C:\Users\birnst2\.openjfx\cache\22.0.1+7\amd64\api-ms-win-core-console-l1-2-0.dll
0x0000026501bd0000 - 0x0000026501bd3000 	C:\Users\birnst2\.openjfx\cache\22.0.1+7\amd64\api-ms-win-core-datetime-l1-1-0.dll
0x0000026501be0000 - 0x0000026501be3000 	C:\Users\birnst2\.openjfx\cache\22.0.1+7\amd64\api-ms-win-core-debug-l1-1-0.dll
0x0000026501bf0000 - 0x0000026501bf3000 	C:\Users\birnst2\.openjfx\cache\22.0.1+7\amd64\api-ms-win-core-errorhandling-l1-1-0.dll
0x0000026501c00000 - 0x0000026501c04000 	C:\Users\birnst2\.openjfx\cache\22.0.1+7\amd64\api-ms-win-core-file-l1-1-0.dll
0x0000026526d80000 - 0x0000026526d83000 	C:\Users\birnst2\.openjfx\cache\22.0.1+7\amd64\api-ms-win-core-file-l1-2-0.dll
0x0000026526d90000 - 0x0000026526d93000 	C:\Users\birnst2\.openjfx\cache\22.0.1+7\amd64\api-ms-win-core-file-l2-1-0.dll
0x0000026526da0000 - 0x0000026526da3000 	C:\Users\birnst2\.openjfx\cache\22.0.1+7\amd64\api-ms-win-core-handle-l1-1-0.dll
0x0000026526db0000 - 0x0000026526db3000 	C:\Users\birnst2\.openjfx\cache\22.0.1+7\amd64\api-ms-win-core-heap-l1-1-0.dll
0x0000026526dc0000 - 0x0000026526dc3000 	C:\Users\birnst2\.openjfx\cache\22.0.1+7\amd64\api-ms-win-core-interlocked-l1-1-0.dll
0x0000026526dd0000 - 0x0000026526dd3000 	C:\Users\birnst2\.openjfx\cache\22.0.1+7\amd64\api-ms-win-core-libraryloader-l1-1-0.dll
0x0000026526de0000 - 0x0000026526de3000 	C:\Users\birnst2\.openjfx\cache\22.0.1+7\amd64\api-ms-win-core-localization-l1-2-0.dll
0x0000026526df0000 - 0x0000026526df3000 	C:\Users\birnst2\.openjfx\cache\22.0.1+7\amd64\api-ms-win-core-memory-l1-1-0.dll
0x0000026526e00000 - 0x0000026526e03000 	C:\Users\birnst2\.openjfx\cache\22.0.1+7\amd64\api-ms-win-core-namedpipe-l1-1-0.dll
0x0000026526e10000 - 0x0000026526e13000 	C:\Users\birnst2\.openjfx\cache\22.0.1+7\amd64\api-ms-win-core-processenvironment-l1-1-0.dll
0x0000026526e20000 - 0x0000026526e23000 	C:\Users\birnst2\.openjfx\cache\22.0.1+7\amd64\api-ms-win-core-processthreads-l1-1-0.dll
0x0000026526e30000 - 0x0000026526e33000 	C:\Users\birnst2\.openjfx\cache\22.0.1+7\amd64\api-ms-win-core-processthreads-l1-1-1.dll
0x0000026526e40000 - 0x0000026526e43000 	C:\Users\birnst2\.openjfx\cache\22.0.1+7\amd64\api-ms-win-core-profile-l1-1-0.dll
0x0000026526e50000 - 0x0000026526e53000 	C:\Users\birnst2\.openjfx\cache\22.0.1+7\amd64\api-ms-win-core-rtlsupport-l1-1-0.dll
0x0000026526e60000 - 0x0000026526e63000 	C:\Users\birnst2\.openjfx\cache\22.0.1+7\amd64\api-ms-win-core-string-l1-1-0.dll
0x0000026526e70000 - 0x0000026526e73000 	C:\Users\birnst2\.openjfx\cache\22.0.1+7\amd64\api-ms-win-core-synch-l1-1-0.dll
0x0000026526e80000 - 0x0000026526e83000 	C:\Users\birnst2\.openjfx\cache\22.0.1+7\amd64\api-ms-win-core-synch-l1-2-0.dll
0x0000026526e90000 - 0x0000026526e93000 	C:\Users\birnst2\.openjfx\cache\22.0.1+7\amd64\api-ms-win-core-sysinfo-l1-1-0.dll
0x0000026526ea0000 - 0x0000026526ea3000 	C:\Users\birnst2\.openjfx\cache\22.0.1+7\amd64\api-ms-win-core-timezone-l1-1-0.dll
0x0000026526eb0000 - 0x0000026526eb3000 	C:\Users\birnst2\.openjfx\cache\22.0.1+7\amd64\api-ms-win-core-util-l1-1-0.dll
0x0000026526ec0000 - 0x0000026526ec3000 	C:\Users\birnst2\.openjfx\cache\22.0.1+7\amd64\api-ms-win-crt-conio-l1-1-0.dll
0x0000026526ed0000 - 0x0000026526ed4000 	C:\Users\birnst2\.openjfx\cache\22.0.1+7\amd64\api-ms-win-crt-convert-l1-1-0.dll
0x0000026526ee0000 - 0x0000026526ee3000 	C:\Users\birnst2\.openjfx\cache\22.0.1+7\amd64\api-ms-win-crt-environment-l1-1-0.dll
0x0000026526ef0000 - 0x0000026526ef3000 	C:\Users\birnst2\.openjfx\cache\22.0.1+7\amd64\api-ms-win-crt-filesystem-l1-1-0.dll
0x0000026526f00000 - 0x0000026526f03000 	C:\Users\birnst2\.openjfx\cache\22.0.1+7\amd64\api-ms-win-crt-heap-l1-1-0.dll
0x0000026526f10000 - 0x0000026526f13000 	C:\Users\birnst2\.openjfx\cache\22.0.1+7\amd64\api-ms-win-crt-locale-l1-1-0.dll
0x0000026526f20000 - 0x0000026526f25000 	C:\Users\birnst2\.openjfx\cache\22.0.1+7\amd64\api-ms-win-crt-math-l1-1-0.dll
0x0000026526f30000 - 0x0000026526f35000 	C:\Users\birnst2\.openjfx\cache\22.0.1+7\amd64\api-ms-win-crt-multibyte-l1-1-0.dll
0x0000026526f40000 - 0x0000026526f50000 	C:\Users\birnst2\.openjfx\cache\22.0.1+7\amd64\api-ms-win-crt-private-l1-1-0.dll
0x0000026526f50000 - 0x0000026526f53000 	C:\Users\birnst2\.openjfx\cache\22.0.1+7\amd64\api-ms-win-crt-process-l1-1-0.dll
0x0000026526f60000 - 0x0000026526f64000 	C:\Users\birnst2\.openjfx\cache\22.0.1+7\amd64\api-ms-win-crt-runtime-l1-1-0.dll
0x0000026526f70000 - 0x0000026526f74000 	C:\Users\birnst2\.openjfx\cache\22.0.1+7\amd64\api-ms-win-crt-stdio-l1-1-0.dll
0x0000026526f80000 - 0x0000026526f84000 	C:\Users\birnst2\.openjfx\cache\22.0.1+7\amd64\api-ms-win-crt-string-l1-1-0.dll
0x0000026526f90000 - 0x0000026526f93000 	C:\Users\birnst2\.openjfx\cache\22.0.1+7\amd64\api-ms-win-crt-time-l1-1-0.dll
0x0000026526fa0000 - 0x0000026526fa3000 	C:\Users\birnst2\.openjfx\cache\22.0.1+7\amd64\api-ms-win-crt-utility-l1-1-0.dll
0x00007ffefd3d0000 - 0x00007ffefd4cc000 	C:\Users\birnst2\.openjfx\cache\22.0.1+7\amd64\ucrtbase.dll
0x00007fff531e0000 - 0x00007fff531fb000 	C:\Users\birnst2\.openjfx\cache\22.0.1+7\amd64\vcruntime140.dll
0x00007fff64f20000 - 0x00007fff64f2c000 	C:\Users\birnst2\.openjfx\cache\22.0.1+7\amd64\vcruntime140_1.dll
0x00007ffeedac0000 - 0x00007ffeedb4e000 	C:\Users\birnst2\.openjfx\cache\22.0.1+7\amd64\msvcp140.dll
0x00007fff64c40000 - 0x00007fff64c49000 	C:\Users\birnst2\.openjfx\cache\22.0.1+7\amd64\msvcp140_1.dll
0x00007fff4cc50000 - 0x00007fff4cc91000 	C:\Users\birnst2\.openjfx\cache\22.0.1+7\amd64\msvcp140_2.dll
0x00007fff4de70000 - 0x00007fff4dea0000 	C:\Users\birnst2\.openjfx\cache\22.0.1+7\amd64\prism_d3d.dll
0x00007ffecb900000 - 0x00007ffecbaa8000 	C:\WINDOWS\system32\d3d9.dll
0x00007fff6aff0000 - 0x00007fff6b01b000 	C:\WINDOWS\SYSTEM32\dwmapi.dll
0x00007fff6b4f0000 - 0x00007fff6b527000 	C:\WINDOWS\SYSTEM32\dxcore.dll
0x00007fff6a9b0000 - 0x00007fff6aa61000 	C:\WINDOWS\system32\uxtheme.dll
0x00007ffefd9d0000 - 0x00007ffefdc46000 	C:\WINDOWS\System32\DriverStore\FileRepository\iigd_dch.inf_amd64_c4d6f796a2bde26e\igdumdim64.dll
0x00007ffe8bbf0000 - 0x00007ffe8d12c000 	C:\WINDOWS\System32\DriverStore\FileRepository\iigd_dch.inf_amd64_c4d6f796a2bde26e\igd9trinity64.dll
0x00007fff6c3c0000 - 0x00007fff6c4b7000 	C:\WINDOWS\system32\dxgi.dll
0x00007fff5f460000 - 0x00007fff5f8a2000 	C:\WINDOWS\System32\DriverStore\FileRepository\iigd_dch.inf_amd64_c4d6f796a2bde26e\igdgmm64.dll
0x00007fff61bc0000 - 0x00007fff61be6000 	C:\WINDOWS\System32\DriverStore\FileRepository\iigd_dch.inf_amd64_c4d6f796a2bde26e\igc64.dll
0x00007fff630e0000 - 0x00007fff63129000 	C:\WINDOWS\SYSTEM32\directxdatabasehelper.dll
0x00007ffe88fd0000 - 0x00007ffe8a4f9000 	C:\WINDOWS\System32\DriverStore\FileRepository\iigd_dch.inf_amd64_c4d6f796a2bde26e\igd9dxva64.dll
0x00007fff70fb0000 - 0x00007fff71424000 	C:\WINDOWS\System32\SETUPAPI.dll
0x00007fff6e780000 - 0x00007fff6e7ce000 	C:\WINDOWS\SYSTEM32\cfgmgr32.dll
0x00007ffed3a90000 - 0x00007ffed57be000 	C:\WINDOWS\System32\DriverStore\FileRepository\iigd_dch.inf_amd64_c4d6f796a2bde26e\media_bin_64.dll
0x00007fff4cb30000 - 0x00007fff4cb75000 	C:\Users\birnst2\.openjfx\cache\22.0.1+7\amd64\glass.dll
0x00007fff6f750000 - 0x00007fff6f84f000 	C:\WINDOWS\System32\COMDLG32.dll
0x00007fff71430000 - 0x00007fff7158e000 	C:\WINDOWS\System32\MSCTF.dll
0x00007fff5b4c0000 - 0x00007fff5f459000 	C:\WINDOWS\System32\DriverStore\FileRepository\iigd_dch.inf_amd64_c4d6f796a2bde26e\igc1464.dll
0x00007ffeb86f0000 - 0x00007ffeb8839000 	C:\WINDOWS\System32\DriverStore\FileRepository\iigd_dch.inf_amd64_c4d6f796a2bde26e\igdml64.dll
0x00007ffef8cc0000 - 0x00007ffef8ce9000 	C:\WINDOWS\System32\DriverStore\FileRepository\iigd_dch.inf_amd64_c4d6f796a2bde26e\igdinfo64.dll
0x00007fff6ffd0000 - 0x00007fff70080000 	C:\WINDOWS\System32\clbcatq.dll
0x00007fff55fc0000 - 0x00007fff56135000 	C:\Windows\System32\Windows.UI.dll
0x00007fff54740000 - 0x00007fff548b5000 	C:\Windows\System32\Windows.UI.Immersive.dll
0x00007fff50460000 - 0x00007fff50475000 	C:\Users\birnst2\.openjfx\cache\22.0.1+7\amd64\javafx_font.dll
0x00007fff6bb20000 - 0x00007fff6bd93000 	C:\WINDOWS\SYSTEM32\dwrite.dll
0x00007fff6a7b0000 - 0x00007fff6a961000 	C:\WINDOWS\SYSTEM32\WindowsCodecs.dll
0x00007fff11e00000 - 0x00007fff11e5e000 	C:\WINDOWS\system32\dataexchange.dll

dbghelp: loaded successfully - version: 4.0.5 - missing functions: none
symbol engine: initialized successfully - sym options: 0x614 - pdb path: .;C:\Users\birnst2\.jdks\openjdk-22.0.2\bin;C:\WINDOWS\SYSTEM32;C:\WINDOWS\WinSxS\amd64_microsoft.windows.common-controls_6595b64144ccf1df_6.0.22621.3672_none_2713b9d173822955;\\?\zceVJKonMfQweaeMuuXLAzIMgTyn\GLOBAL??\C:\WINDOWS\system32\tmumh\20019\AddOn\8.55.0.1333;\\?\zceVJKonMfQweaeMuuXLAzIMgTyn\GLOBAL??\C:\WINDOWS\system32\tmumh\20019\TmMon\2.9.0.1176;C:\WINDOWS\System32\TmLWE\TmUmSnsr64\1.0.0.1140;C:\Users\birnst2\.jdks\openjdk-22.0.2\bin\server;C:\Program Files\JetBrains\IntelliJ IDEA Community Edition 2024.2.0.2\bin;C:\Users\birnst2\.openjfx\cache\22.0.1+7\amd64;C:\WINDOWS\System32\DriverStore\FileRepository\iigd_dch.inf_amd64_c4d6f796a2bde26e;C:\Program Files\Common Files\Microsoft Shared\Ink

VM Arguments:
jvm_args: -javaagent:C:\Program Files\JetBrains\IntelliJ IDEA Community Edition 2024.2.0.2\lib\idea_rt.jar=60673:C:\Program Files\JetBrains\IntelliJ IDEA Community Edition 2024.2.0.2\bin -Dfile.encoding=UTF-8 -Dsun.stdout.encoding=UTF-8 -Dsun.stderr.encoding=UTF-8 --module-path=C:\Users\birnst2\.m2\repository\org\openjfx\javafx-base\22.0.1\javafx-base-22.0.1-win.jar;C:\Users\birnst2\.m2\repository\org\openjfx\javafx-fxml\22.0.1\javafx-fxml-22.0.1-win.jar;C:\Users\birnst2\.m2\repository\org\kordamp\bootstrapfx\bootstrapfx-core\0.4.0\bootstrapfx-core-0.4.0.jar;C:\APC\KNAPP\Berufsschule\2LJ Berufsschule\ITL 1-2 JRZ\Aufgabe 7\GUI Hangman\target\classes;C:\Users\birnst2\.m2\repository\org\openjfx\javafx-graphics\22.0.1\javafx-graphics-22.0.1-win.jar;C:\Users\birnst2\.m2\repository\org\openjfx\javafx-controls\22.0.1\javafx-controls-22.0.1-win.jar -Djdk.module.main=hangman.hangman 
java_command: hangman.hangman/hangman.hangman.Main
java_class_path (initial): C:\Users\birnst2\.m2\repository\org\openjfx\javafx-controls\22.0.1\javafx-controls-22.0.1.jar;C:\Users\birnst2\.m2\repository\org\openjfx\javafx-graphics\22.0.1\javafx-graphics-22.0.1.jar;C:\Users\birnst2\.m2\repository\org\openjfx\javafx-base\22.0.1\javafx-base-22.0.1.jar;C:\Users\birnst2\.m2\repository\org\openjfx\javafx-fxml\22.0.1\javafx-fxml-22.0.1.jar
Launcher Type: SUN_STANDARD

[Global flags]
     intx CICompilerCount                          = 12                                        {product} {ergonomic}
     uint ConcGCThreads                            = 3                                         {product} {ergonomic}
     uint G1ConcRefinementThreads                  = 13                                        {product} {ergonomic}
   size_t G1HeapRegionSize                         = 4194304                                   {product} {ergonomic}
   size_t InitialHeapSize                          = 532676608                                 {product} {ergonomic}
   size_t MarkStackSize                            = 4194304                                   {product} {ergonomic}
   size_t MaxHeapSize                              = 8510242816                                {product} {ergonomic}
   size_t MaxNewSize                               = 5104467968                                {product} {ergonomic}
   size_t MinHeapDeltaBytes                        = 4194304                                   {product} {ergonomic}
   size_t MinHeapSize                              = 8388608                                   {product} {ergonomic}
    uintx NonNMethodCodeHeapSize                   = 7602480                                {pd product} {ergonomic}
    uintx NonProfiledCodeHeapSize                  = 122027880                              {pd product} {ergonomic}
    uintx ProfiledCodeHeapSize                     = 122027880                              {pd product} {ergonomic}
    uintx ReservedCodeCacheSize                    = 251658240                              {pd product} {ergonomic}
     bool SegmentedCodeCache                       = true                                      {product} {ergonomic}
   size_t SoftMaxHeapSize                          = 8510242816                             {manageable} {ergonomic}
     bool UseCompressedOops                        = true                           {product lp64_product} {ergonomic}
     bool UseG1GC                                  = true                                      {product} {ergonomic}
     bool UseLargePagesIndividualAllocation        = false                                  {pd product} {ergonomic}

Logging:
Log output configuration:
 #0: stdout all=off uptime,level,tags foldmultilines=false
 #1: stderr all=off uptime,level,tags foldmultilines=false

Environment Variables:
JAVA_HOME=C:\Program Files\JDK
PATH=C:\Program Files (x86)\Common Files\Oracle\Java\java8path;C:\Program Files (x86)\Common Files\Oracle\Java\javapath;C:\WINDOWS\system32;C:\WINDOWS;C:\WINDOWS\System32\Wbem;C:\WINDOWS\System32\WindowsPowerShell\v1.0\;C:\WINDOWS\System32\OpenSSH\;C:\Program Files\PuTTY\;C:\Program Files\dotnet\;C:\Program Files (x86)\Java\jre6\bin\;C:\ProgramData\chocolatey\bin;C:\Program Files (x86)\Windows Kits\10\Windows Performance Toolkit\;C:\Program Files\Apache\Maven\bin;C:\Program Files\JDK;C:\Program Files\nodejs\;C:\Users\birnst2\flutter\bin;C:\Users\birnst2\AppData\Local\Programs\Python\Python38\Scripts\;C:\Users\birnst2\AppData\Local\Programs\Python\Python38\;C:\Users\birnst2\AppData\Local\Microsoft\WindowsApps;C:\Users\birnst2\AppData\Local\Programs\Microsoft VS Code\bin;C:\Users\birnst2\AppData\Local\GitHubDesktop\bin;C:\Users\birnst2\AppData\Local\Programs\Git\cmd;C:\Users\birnst2\AppData\Roaming\npm;C:\Program Files\Apache\Maven\bin;C:\Program Files\JDK;C:\Users\birnst2\.dotnet\tools;
USERNAME=birnst2
OS=Windows_NT
PROCESSOR_IDENTIFIER=Intel64 Family 6 Model 186 Stepping 2, GenuineIntel
TMP=C:\Users\birnst2\AppData\Local\Temp
TEMP=C:\Users\birnst2\AppData\Local\Temp




Periodic native trim disabled

---------------  S Y S T E M  ---------------

OS:
 Windows 11 , 64 bit Build 22621 (10.0.22621.3958)
OS uptime: 3 days 5:11 hours
Hyper-V role detected

CPU: total 16 (initial active 16) (8 cores per cpu, 2 threads per core) family 6 model 186 stepping 2 microcode 0x4114, cx8, cmov, fxsr, ht, mmx, 3dnowpref, sse, sse2, sse3, ssse3, sse4.1, sse4.2, popcnt, lzcnt, tsc, tscinvbit, avx, avx2, aes, erms, clmul, bmi1, bmi2, adx, sha, fma, vzeroupper, clflush, clflushopt, clwb, hv, serialize, rdtscp, rdpid, fsrm, f16c, cet_ibt, cet_ss
Processor Information for processor 0
  Max Mhz: 1900, Current Mhz: 1900, Mhz Limit: 1900
Processor Information for processor 1
  Max Mhz: 1900, Current Mhz: 1900, Mhz Limit: 1900
Processor Information for processor 2
  Max Mhz: 1900, Current Mhz: 1900, Mhz Limit: 1900
Processor Information for processor 3
  Max Mhz: 1900, Current Mhz: 1900, Mhz Limit: 1900
Processor Information for processor 4
  Max Mhz: 1900, Current Mhz: 1900, Mhz Limit: 1900
Processor Information for processor 5
  Max Mhz: 1900, Current Mhz: 1504, Mhz Limit: 1900
Processor Information for processor 6
  Max Mhz: 1900, Current Mhz: 1900, Mhz Limit: 1900
Processor Information for processor 7
  Max Mhz: 1900, Current Mhz: 1900, Mhz Limit: 1900
Processor Information for processor 8
  Max Mhz: 1900, Current Mhz: 1400, Mhz Limit: 1387
Processor Information for processor 9
  Max Mhz: 1900, Current Mhz: 1400, Mhz Limit: 1387
Processor Information for processor 10
  Max Mhz: 1900, Current Mhz: 1400, Mhz Limit: 1387
Processor Information for processor 11
  Max Mhz: 1900, Current Mhz: 1400, Mhz Limit: 1387
Processor Information for processor 12
  Max Mhz: 1900, Current Mhz: 1400, Mhz Limit: 1387
Processor Information for processor 13
  Max Mhz: 1900, Current Mhz: 1400, Mhz Limit: 1387
Processor Information for processor 14
  Max Mhz: 1900, Current Mhz: 1400, Mhz Limit: 1387
Processor Information for processor 15
  Max Mhz: 1900, Current Mhz: 1400, Mhz Limit: 1387

Memory: 4k page, system-wide physical 32452M (14861M free)
TotalPageFile size 37316M (AvailPageFile size 13622M)
current process WorkingSet (physical memory assigned to process): 531M, peak: 548M
current process commit charge ("private bytes"): 1028M, peak: 1048M

vm_info: OpenJDK 64-Bit Server VM (22.0.2+9-70) for windows-amd64 JRE (22.0.2+9-70), built on 2024-06-04T16:52:23Z by "mach5one" with MS VC++ 17.6 (VS2022)

END.
