#
# A fatal error has been detected by the Java Runtime Environment:
#
#  EXCEPTION_ACCESS_VIOLATION (0xc0000005) at pc=0x00007fff4e4e82d7, pid=28928, tid=29236
#
# JRE version: OpenJDK Runtime Environment (22.0.2+9) (build 22.0.2+9-70)
# Java VM: OpenJDK 64-Bit Server VM (22.0.2+9-70, mixed mode, sharing, tiered, compressed oops, compressed class ptrs, g1 gc, windows-amd64)
# Problematic frame:
# C  [glass.dll+0x282d7]
#
# No core dump will be written. Minidumps are not enabled by default on client versions of Windows
#
# If you would like to submit a bug report, please visit:
#   https://bugreport.java.com/bugreport/crash.jsp
#

---------------  S U M M A R Y ------------

Command Line: -javaagent:C:\Program Files\JetBrains\IntelliJ IDEA Community Edition 2024.2.0.2\lib\idea_rt.jar=60492:C:\Program Files\JetBrains\IntelliJ IDEA Community Edition 2024.2.0.2\bin -Dfile.encoding=UTF-8 -Dsun.stdout.encoding=UTF-8 -Dsun.stderr.encoding=UTF-8 --module-path=C:\Users\birnst2\.m2\repository\org\openjfx\javafx-base\22.0.1\javafx-base-22.0.1-win.jar;C:\Users\birnst2\.m2\repository\org\openjfx\javafx-fxml\22.0.1\javafx-fxml-22.0.1-win.jar;C:\Users\birnst2\.m2\repository\org\kordamp\bootstrapfx\bootstrapfx-core\0.4.0\bootstrapfx-core-0.4.0.jar;C:\APC\KNAPP\Berufsschule\2LJ Berufsschule\ITL 1-2 JRZ\Aufgabe 7\GUI Hangman\target\classes;C:\Users\birnst2\.m2\repository\org\openjfx\javafx-graphics\22.0.1\javafx-graphics-22.0.1-win.jar;C:\Users\birnst2\.m2\repository\org\openjfx\javafx-controls\22.0.1\javafx-controls-22.0.1-win.jar -Djdk.module.main=hangman.hangman hangman.hangman/hangman.hangman.Main

Host: 13th Gen Intel(R) Core(TM) i5-1350P, 16 cores, 31G,  Windows 11 , 64 bit Build 22621 (10.0.22621.3958)
Time: Thu Oct 17 12:39:41 2024 Mitteleuropäische Sommerzeit elapsed time: 9.856640 seconds (0d 0h 0m 9s)

---------------  T H R E A D  ---------------

Current thread (0x00000253fecb9d00):  VMThread "VM Thread"          [id=29236, stack(0x000000b207c00000,0x000000b207d00000) (1024K)]

Stack: [0x000000b207c00000,0x000000b207d00000],  sp=0x000000b207cff1f0,  free space=1020k
Native frames: (J=compiled Java code, j=interpreted, Vv=VM code, C=native code)
C  [glass.dll+0x282d7]  (no source info available)
C  [ucrtbase.dll+0x53a93]  (no source info available)
C  [ucrtbase.dll+0x2042e]  (no source info available)
C  [ucrtbase.dll+0x1dddd]  (no source info available)
C  [glass.dll+0x25a6d]  (no source info available)
C  [glass.dll+0x25b92]  (no source info available)
C  [ntdll.dll+0x28b7f]  (no source info available)
C  [ntdll.dll+0x51586]  (no source info available)
C  [ntdll.dll+0x5117d]  (no source info available)
C  [KERNEL32.DLL+0x17fab]  (no source info available)
C  [ucrtbase.dll+0x1bed8]  (no source info available)
C  [ucrtbase.dll+0x1c099]  (no source info available)
V  [jvm.dll+0x6db87b]  (no source info available)
V  [jvm.dll+0x6db3b0]  (no source info available)
V  [jvm.dll+0x3e2314]  (no source info available)
V  [jvm.dll+0x87e0f0]  (no source info available)
V  [jvm.dll+0x87f477]  (no source info available)
V  [jvm.dll+0x87f9f0]  (no source info available)
V  [jvm.dll+0x87fc93]  (no source info available)
V  [jvm.dll+0x81dc0b]  (no source info available)
V  [jvm.dll+0x6e0d85]  (no source info available)
C  [ucrtbase.dll+0x29333]  (no source info available)
C  [KERNEL32.DLL+0x1257d]  (no source info available)
C  [ntdll.dll+0x5af28]  (no source info available)


siginfo: EXCEPTION_ACCESS_VIOLATION (0xc0000005), reading address 0x0000000000000000


Registers:
RAX=0x0000000000000000, RBX=0x00000253fecce1e2, RCX=0x00000253fecb9d00, RDX=0x000000b207cff1f0
RSP=0x000000b207cff1f0, RBP=0x00000253e921c8c8, RSI=0x000000b207cff2f8, RDI=0x00000253e921c8a0
R8 =0x0000000000010002, R9 =0x00000253e921c8a0, R10=0x85f13e9656da4870, R11=0x000000b207cff180
R12=0x00007fff4e4e5be0, R13=0x00007ffe94ec4a60, R14=0x00001d57c418a562, R15=0x00000253e921c8a0
RIP=0x00007fff4e4e82d7, EFLAGS=0x0000000000010206


Register to memory mapping:

RAX=0x0 is null
RBX=0x00000253fecce1e2 is a global jni handle
RCX=0x00000253fecb9d00 points into unknown readable memory: 0x00007ffe94cc5060 | 60 50 cc 94 fe 7f 00 00
RDX=0x000000b207cff1f0 points into unknown readable memory: 0x0000000000000000 | 00 00 00 00 00 00 00 00
RSP=0x000000b207cff1f0 points into unknown readable memory: 0x0000000000000000 | 00 00 00 00 00 00 00 00
RBP=0x00000253e921c8c8 points into unknown readable memory: 0x00001d57c418a562 | 62 a5 18 c4 57 1d 00 00
RSI=0x000000b207cff2f8 points into unknown readable memory: 0x000000b207cff2e0 | e0 f2 cf 07 b2 00 00 00
RDI=0x00000253e921c8a0 points into unknown readable memory: 0x393946b7c4195a9f | 9f 5a 19 c4 b7 46 39 39
R8 =0x0000000000010002 is an unknown value
R9 =0x00000253e921c8a0 points into unknown readable memory: 0x393946b7c4195a9f | 9f 5a 19 c4 b7 46 39 39
R10=0x85f13e9656da4870 is an unknown value
R11=0x000000b207cff180 points into unknown readable memory: 0x00000253e921c8a0 | a0 c8 21 e9 53 02 00 00
R12=0x00007fff4e4e5be0 glass.dll
R13=0x00007ffe94ec4a60 jvm.dll
R14=0x00001d57c418a562 is an unknown value
R15=0x00000253e921c8a0 points into unknown readable memory: 0x393946b7c4195a9f | 9f 5a 19 c4 b7 46 39 39

Top of Stack: (sp=0x000000b207cff1f0)
0x000000b207cff1f0:   0000000000000000 000000b207cff2f8
0x000000b207cff200:   00007ffe94ec4a60 00007fff4e4e5be0
0x000000b207cff210:   00000253e921c8a8 00007fff6f453a93
0x000000b207cff220:   00000253e921c8a0 0000025300000000
0x000000b207cff230:   00000253e921c8c8 000000b207cff2f8
0x000000b207cff240:   fffffffffffffffe 0000000000000000
0x000000b207cff250:   0000000000000001 00007fff4e4c0000
0x000000b207cff260:   000000b207cff2e8 00007fff6f42042e
0x000000b207cff270:   0000000000000000 000000b207cff2f8
0x000000b207cff280:   000000b207cff5e0 0000000000000001
0x000000b207cff290:   0000000000000001 00007fff6f41dddd
0x000000b207cff2a0:   0000000000000000 00007fff4e4e53d9
0x000000b207cff2b0:   0000000000000000 000000b207cff2e8
0x000000b207cff2c0:   fffffffffffffffe 0000000000000001
0x000000b207cff2d0:   0000000000000000 00007fff4e4e5a6d
0x000000b207cff2e0:   00007fff4e4fd078 00007fff00000002
0x000000b207cff2f0:   0000000000000002 000000b207cff2e0
0x000000b207cff300:   0000000000000000 00007fff71818ae3
0x000000b207cff310:   0000000000000000 00007fff4e4e5b92
0x000000b207cff320:   0000000000000001 0000000000000001
0x000000b207cff330:   0000000000000001 00007fff232e1ec7
0x000000b207cff340:   0000000000000001 00007fff6e2b2223
0x000000b207cff350:   00007fff00000001 0000000000000000
0x000000b207cff360:   00007fff4e4c0000 000000007ffe0384
0x000000b207cff370:   0000000000000000 00007fff71818b7f
0x000000b207cff380:   00007fff4e4c0000 0000000000000000
0x000000b207cff390:   0000000000000001 000000007ffe0385
0x000000b207cff3a0:   00007fff71927940 00007fff5cd562a0
0x000000b207cff3b0:   0000c2c8bcf29700 00007fff5b4c0000
0x000000b207cff3c0:   00007fff4e4e5be0 0000000000000000
0x000000b207cff3d0:   0000000000000000 000000b206e7f000
0x000000b207cff3e0:   00000253e91ac700 00007fff71841586 

Instructions: (pc=0x00007fff4e4e82d7)
0x00007fff4e4e81d7:   8b 4d 58 e8 49 cf ff ff 48 8b 4d 60 e8 40 cf ff
0x00007fff4e4e81e7:   ff 48 8b 95 80 00 00 00 48 8b 8d 18 01 00 00 e8
0x00007fff4e4e81f7:   26 c5 ff ff 33 d2 33 c9 e8 8c e1 ff ff 90 48 89
0x00007fff4e4e8207:   54 24 10 55 48 83 ec 20 48 8b ea 48 b8 00 00 00
0x00007fff4e4e8217:   00 00 00 00 00 48 83 c4 20 5d c3 cc 40 55 48 8b
0x00007fff4e4e8227:   ea 48 8b 01 33 c9 81 38 05 00 00 c0 0f 94 c1 8b
0x00007fff4e4e8237:   c1 5d c3 cc 40 55 48 83 ec 20 48 8b ea 8a 4d 40
0x00007fff4e4e8247:   48 83 c4 20 5d e9 33 d3 ff ff cc 40 55 48 83 ec
0x00007fff4e4e8257:   20 48 8b ea 8a 4d 20 e8 21 d3 ff ff 90 48 83 c4
0x00007fff4e4e8267:   20 5d c3 cc 40 55 48 83 ec 20 48 8b ea 48 83 c4
0x00007fff4e4e8277:   20 5d e9 82 d1 ff ff cc 40 55 48 83 ec 30 48 8b
0x00007fff4e4e8287:   ea 48 8b 01 8b 10 48 89 4c 24 28 89 54 24 20 4c
0x00007fff4e4e8297:   8d 0d 23 d6 ff ff 4c 8b 45 70 8b 55 68 48 8b 4d
0x00007fff4e4e82a7:   60 e8 c3 d0 ff ff 90 48 83 c4 30 5d c3 cc cc cc
0x00007fff4e4e82b7:   cc cc cc cc cc cc cc cc cc 40 53 48 83 ec 20 48
0x00007fff4e4e82c7:   8b 1d 6b 47 01 00 48 85 db 74 16 e8 39 90 ff ff
0x00007fff4e4e82d7:   4c 8b 00 48 8b d3 48 8b c8 41 ff 90 b0 00 00 00
0x00007fff4e4e82e7:   90 48 83 c4 20 5b c3 cc cc 40 53 48 83 ec 20 48
0x00007fff4e4e82f7:   8b 1d ab 48 01 00 48 85 db 74 57 b8 ff ff ff ff
0x00007fff4e4e8307:   f0 0f c1 43 10 83 f8 01 75 3d 48 85 db 74 38 48
0x00007fff4e4e8317:   8b 0b 48 85 c9 74 0d ff 15 8c 0f 00 00 48 c7 03
0x00007fff4e4e8327:   00 00 00 00 48 8b 4b 08 48 85 c9 74 0d e8 ef cd
0x00007fff4e4e8337:   ff ff 48 c7 43 08 00 00 00 00 ba 18 00 00 00 48
0x00007fff4e4e8347:   8b cb e8 da cd ff ff 48 c7 05 4f 48 01 00 00 00
0x00007fff4e4e8357:   00 00 48 83 c4 20 5b c3 cc 40 53 48 83 ec 20 48
0x00007fff4e4e8367:   8b 1d 1b 48 01 00 48 85 db 74 57 b8 ff ff ff ff
0x00007fff4e4e8377:   f0 0f c1 43 10 83 f8 01 75 3d 48 85 db 74 38 48
0x00007fff4e4e8387:   8b 0b 48 85 c9 74 0d ff 15 1c 0f 00 00 48 c7 03
0x00007fff4e4e8397:   00 00 00 00 48 8b 4b 08 48 85 c9 74 0d e8 7f cd
0x00007fff4e4e83a7:   ff ff 48 c7 43 08 00 00 00 00 ba 18 00 00 00 48
0x00007fff4e4e83b7:   8b cb e8 6a cd ff ff 48 c7 05 bf 47 01 00 00 00
0x00007fff4e4e83c7:   00 00 48 83 c4 20 5b c3 cc 40 53 48 83 ec 20 48 


Stack slot to memory mapping:

stack at sp + 0 slots: 0x0 is null
stack at sp + 1 slots: 0x000000b207cff2f8 points into unknown readable memory: 0x000000b207cff2e0 | e0 f2 cf 07 b2 00 00 00
stack at sp + 2 slots: 0x00007ffe94ec4a60 jvm.dll
stack at sp + 3 slots: 0x00007fff4e4e5be0 glass.dll
stack at sp + 4 slots: 0x00000253e921c8a8 points into unknown readable memory: 0x00001d57c418a562 | 62 a5 18 c4 57 1d 00 00
stack at sp + 5 slots: 0x00007fff6f453a93 ucrtbase.dll
stack at sp + 6 slots: 0x00000253e921c8a0 points into unknown readable memory: 0x393946b7c4195a9f | 9f 5a 19 c4 b7 46 39 39
stack at sp + 7 slots: 0x0000025300000000 is an unknown value

VM_Operation (0x000000b208afb400): Exit, mode: safepoint, requested by thread 0x00000253e92bb160


---------------  P R O C E S S  ---------------

Threads class SMR info:
_java_thread_list=0x00000253e91607b0, length=19, elements={
0x00000253fae56bd0, 0x00000253e4090030, 0x00000253e4090c90, 0x00000253e4095e70,
0x00000253e40989e0, 0x00000253e40a1950, 0x00000253e40a5db0, 0x00000253e40a9460,
0x00000253e40ac420, 0x00000253e41bbb00, 0x00000253e43aaea0, 0x00000253e444d010,
0x00000253e4966d70, 0x00000253e92baaf0, 0x00000253e92bb160, 0x00000253e98e9300,
0x00000253e994fd80, 0x00000253f4b7fdd0, 0x00000253f4b82bc0
}

Java Threads: ( => current thread )
  0x00000253fae56bd0 JavaThread "main"                              [_thread_blocked, id=34104, stack(0x000000b207500000,0x000000b207600000) (1024K)]
  0x00000253e4090030 JavaThread "Reference Handler"          daemon [_thread_blocked, id=27960, stack(0x000000b207d00000,0x000000b207e00000) (1024K)]
  0x00000253e4090c90 JavaThread "Finalizer"                  daemon [_thread_blocked, id=32176, stack(0x000000b207e00000,0x000000b207f00000) (1024K)]
  0x00000253e4095e70 JavaThread "Signal Dispatcher"          daemon [_thread_blocked, id=12072, stack(0x000000b207f00000,0x000000b208000000) (1024K)]
  0x00000253e40989e0 JavaThread "Attach Listener"            daemon [_thread_blocked, id=16644, stack(0x000000b208000000,0x000000b208100000) (1024K)]
  0x00000253e40a1950 JavaThread "Service Thread"             daemon [_thread_blocked, id=13368, stack(0x000000b208100000,0x000000b208200000) (1024K)]
  0x00000253e40a5db0 JavaThread "Monitor Deflation Thread"   daemon [_thread_blocked, id=31524, stack(0x000000b208200000,0x000000b208300000) (1024K)]
  0x00000253e40a9460 JavaThread "C2 CompilerThread0"         daemon [_thread_blocked, id=37156, stack(0x000000b208300000,0x000000b208400000) (1024K)]
  0x00000253e40ac420 JavaThread "C1 CompilerThread0"         daemon [_thread_blocked, id=30332, stack(0x000000b208400000,0x000000b208500000) (1024K)]
  0x00000253e41bbb00 JavaThread "Common-Cleaner"             daemon [_thread_blocked, id=28644, stack(0x000000b208800000,0x000000b208900000) (1024K)]
  0x00000253e43aaea0 JavaThread "Monitor Ctrl-Break"         daemon [_thread_in_native, id=6456, stack(0x000000b208c00000,0x000000b208d00000) (1024K)]
  0x00000253e444d010 JavaThread "Notification Thread"        daemon [_thread_blocked, id=24424, stack(0x000000b208d00000,0x000000b208e00000) (1024K)]
  0x00000253e4966d70 JavaThread "QuantumRenderer-0"          daemon [_thread_blocked, id=35244, stack(0x000000b208700000,0x000000b208800000) (1024K)]
  0x00000253e92baaf0 JavaThread "InvokeLaterDispatcher"      daemon [_thread_blocked, id=33188, stack(0x000000b208900000,0x000000b208a00000) (1024K)]
  0x00000253e92bb160 JavaThread "JavaFX Application Thread"         [_thread_blocked, id=13716, stack(0x000000b208a00000,0x000000b208b00000) (1024K)]
  0x00000253e98e9300 JavaThread "JavaFX-Launcher"                   [_thread_blocked, id=36256, stack(0x000000b20a300000,0x000000b20a400000) (1024K)]
  0x00000253e994fd80 JavaThread "Thread-2"                   daemon [_thread_in_native, id=5840, stack(0x000000b20a200000,0x000000b20a300000) (1024K)]
  0x00000253f4b7fdd0 JavaThread "Prism Font Disposer"        daemon [_thread_blocked, id=36840, stack(0x000000b20af00000,0x000000b20b000000) (1024K)]
  0x00000253f4b82bc0 JavaThread "Cleaner-0"                  daemon [_thread_blocked, id=29360, stack(0x000000b20b200000,0x000000b20b300000) (1024K)]
Total: 19

Other Threads:
=>0x00000253fecb9d00 VMThread "VM Thread"                           [id=29236, stack(0x000000b207c00000,0x000000b207d00000) (1024K)]
  0x00000253feb50390 WorkerThread "GC Thread#0"                     [id=37884, stack(0x000000b207600000,0x000000b207700000) (1024K)]
  0x00000253e996cac0 WorkerThread "GC Thread#1"                     [id=4584, stack(0x000000b20a400000,0x000000b20a500000) (1024K)]
  0x00000253e996ce70 WorkerThread "GC Thread#2"                     [id=35220, stack(0x000000b20a500000,0x000000b20a600000) (1024K)]
  0x00000253e997a5a0 WorkerThread "GC Thread#3"                     [id=25964, stack(0x000000b20a600000,0x000000b20a700000) (1024K)]
  0x00000253e998a0e0 WorkerThread "GC Thread#4"                     [id=13036, stack(0x000000b20a700000,0x000000b20a800000) (1024K)]
  0x00000253e9997810 WorkerThread "GC Thread#5"                     [id=34356, stack(0x000000b20a800000,0x000000b20a900000) (1024K)]
  0x00000253e99b0f60 WorkerThread "GC Thread#6"                     [id=26688, stack(0x000000b20a900000,0x000000b20aa00000) (1024K)]
  0x00000253e99b1310 WorkerThread "GC Thread#7"                     [id=32784, stack(0x000000b20aa00000,0x000000b20ab00000) (1024K)]
  0x00000253e99bea40 WorkerThread "GC Thread#8"                     [id=9892, stack(0x000000b20ab00000,0x000000b20ac00000) (1024K)]
  0x00000253e99cc170 WorkerThread "GC Thread#9"                     [id=11684, stack(0x000000b20ac00000,0x000000b20ad00000) (1024K)]
  0x00000253e99e7430 WorkerThread "GC Thread#10"                    [id=28512, stack(0x000000b20ad00000,0x000000b20ae00000) (1024K)]
  0x00000253e99f5e20 WorkerThread "GC Thread#11"                    [id=11780, stack(0x000000b20ae00000,0x000000b20af00000) (1024K)]
  0x00000253e99f4bb0 WorkerThread "GC Thread#12"                    [id=30304, stack(0x000000b20b000000,0x000000b20b100000) (1024K)]
  0x00000253fe2049b0 ConcurrentGCThread "G1 Main Marker"            terminated
  0x00000253fe205480 WorkerThread "G1 Conc#0"                       [id=28236, stack(0x000000b207800000,0x000000b207900000) (1024K)]
  0x00000253febfd4d0 ConcurrentGCThread "G1 Refine#0"               terminated
  0x00000253febfdef0 ConcurrentGCThread "G1 Service"                terminated
Total: 18

Threads with active compile tasks:
Total: 0

VM state: at safepoint (shutting down)

VM Mutex/Monitor currently owned by a thread:  ([mutex/lock_event])
[0x00007ffe94e9cb80] Threads_lock - owner thread: 0x00000253fecb9d00
[0x00007ffe94e9cc80] Heap_lock - owner thread: 0x00000253e92bb160

Heap address: 0x0000000604c00000, size: 8116 MB, Compressed Oops mode: Zero based, Oop shift amount: 3

CDS archive(s) mapped at: [0x00000253a3000000-0x00000253a3c60000-0x00000253a3c60000), size 12976128, SharedBaseAddress: 0x00000253a3000000, ArchiveRelocationMode: 1.
Compressed class space mapped at: 0x00000253a4000000-0x00000253e4000000, reserved size: 1073741824
Narrow klass base: 0x00000253a3000000, Narrow klass shift: 0, Narrow klass range: 0x41000000

GC Precious Log:
 CardTable entry size: 512
 Card Set container configuration: InlinePtr #cards 4 size 8 Array Of Cards #cards 32 size 80 Howl #buckets 8 coarsen threshold 7372 Howl Bitmap #cards 1024 size 144 coarsen threshold 921 Card regions per heap region 1 cards per card region 8192
 CPUs: 16 total, 16 available
 Memory: 32452M
 Large Page Support: Disabled
 NUMA Support: Disabled
 Compressed Oops: Enabled (Zero based)
 Heap Region Size: 4M
 Heap Min Capacity: 8M
 Heap Initial Capacity: 508M
 Heap Max Capacity: 8116M
 Pre-touch: Disabled
 Parallel Workers: 13
 Concurrent Workers: 3
 Concurrent Refinement Workers: 13
 Periodic GC: Disabled

Heap:
 garbage-first heap   total reserved 8310784K, committed 520192K, used 37547K [0x0000000604c00000, 0x0000000800000000)
  region size 4096K, 10 young (40960K), 2 survivors (8192K)
 Metaspace       used 19243K, committed 19584K, reserved 1114112K
  class space    used 3035K, committed 3200K, reserved 1048576K

Heap Regions: E=young(eden), S=young(survivor), O=old, HS=humongous(starts), HC=humongous(continues), CS=collection set, F=free, TAMS=top-at-mark-start, PB=parsable bottom
|   0|0x0000000604c00000, 0x0000000604caada8, 0x0000000605000000| 16%| O|  |TAMS 0x0000000604c00000| PB 0x0000000604c00000| Untracked |  0
|   1|0x0000000605000000, 0x0000000605000000, 0x0000000605400000|  0%| F|  |TAMS 0x0000000605000000| PB 0x0000000605000000| Untracked |  0
|   2|0x0000000605400000, 0x0000000605400000, 0x0000000605800000|  0%| F|  |TAMS 0x0000000605400000| PB 0x0000000605400000| Untracked |  0
|   3|0x0000000605800000, 0x0000000605800000, 0x0000000605c00000|  0%| F|  |TAMS 0x0000000605800000| PB 0x0000000605800000| Untracked |  0
|   4|0x0000000605c00000, 0x0000000605c00000, 0x0000000606000000|  0%| F|  |TAMS 0x0000000605c00000| PB 0x0000000605c00000| Untracked |  0
|   5|0x0000000606000000, 0x0000000606000000, 0x0000000606400000|  0%| F|  |TAMS 0x0000000606000000| PB 0x0000000606000000| Untracked |  0
|   6|0x0000000606400000, 0x0000000606400000, 0x0000000606800000|  0%| F|  |TAMS 0x0000000606400000| PB 0x0000000606400000| Untracked |  0
|   7|0x0000000606800000, 0x0000000606800000, 0x0000000606c00000|  0%| F|  |TAMS 0x0000000606800000| PB 0x0000000606800000| Untracked |  0
|   8|0x0000000606c00000, 0x0000000606c00000, 0x0000000607000000|  0%| F|  |TAMS 0x0000000606c00000| PB 0x0000000606c00000| Untracked |  0
|   9|0x0000000607000000, 0x0000000607000000, 0x0000000607400000|  0%| F|  |TAMS 0x0000000607000000| PB 0x0000000607000000| Untracked |  0
|  10|0x0000000607400000, 0x0000000607400000, 0x0000000607800000|  0%| F|  |TAMS 0x0000000607400000| PB 0x0000000607400000| Untracked |  0
|  11|0x0000000607800000, 0x0000000607800000, 0x0000000607c00000|  0%| F|  |TAMS 0x0000000607800000| PB 0x0000000607800000| Untracked |  0
|  12|0x0000000607c00000, 0x0000000607c00000, 0x0000000608000000|  0%| F|  |TAMS 0x0000000607c00000| PB 0x0000000607c00000| Untracked |  0
|  13|0x0000000608000000, 0x0000000608000000, 0x0000000608400000|  0%| F|  |TAMS 0x0000000608000000| PB 0x0000000608000000| Untracked |  0
|  14|0x0000000608400000, 0x0000000608400000, 0x0000000608800000|  0%| F|  |TAMS 0x0000000608400000| PB 0x0000000608400000| Untracked |  0
|  15|0x0000000608800000, 0x0000000608800000, 0x0000000608c00000|  0%| F|  |TAMS 0x0000000608800000| PB 0x0000000608800000| Untracked |  0
|  16|0x0000000608c00000, 0x0000000608c00000, 0x0000000609000000|  0%| F|  |TAMS 0x0000000608c00000| PB 0x0000000608c00000| Untracked |  0
|  17|0x0000000609000000, 0x0000000609000000, 0x0000000609400000|  0%| F|  |TAMS 0x0000000609000000| PB 0x0000000609000000| Untracked |  0
|  18|0x0000000609400000, 0x0000000609400000, 0x0000000609800000|  0%| F|  |TAMS 0x0000000609400000| PB 0x0000000609400000| Untracked |  0
|  19|0x0000000609800000, 0x0000000609800000, 0x0000000609c00000|  0%| F|  |TAMS 0x0000000609800000| PB 0x0000000609800000| Untracked |  0
|  20|0x0000000609c00000, 0x0000000609c00000, 0x000000060a000000|  0%| F|  |TAMS 0x0000000609c00000| PB 0x0000000609c00000| Untracked |  0
|  21|0x000000060a000000, 0x000000060a000000, 0x000000060a400000|  0%| F|  |TAMS 0x000000060a000000| PB 0x000000060a000000| Untracked |  0
|  22|0x000000060a400000, 0x000000060a400000, 0x000000060a800000|  0%| F|  |TAMS 0x000000060a400000| PB 0x000000060a400000| Untracked |  0
|  23|0x000000060a800000, 0x000000060a800000, 0x000000060ac00000|  0%| F|  |TAMS 0x000000060a800000| PB 0x000000060a800000| Untracked |  0
|  24|0x000000060ac00000, 0x000000060ac00000, 0x000000060b000000|  0%| F|  |TAMS 0x000000060ac00000| PB 0x000000060ac00000| Untracked |  0
|  25|0x000000060b000000, 0x000000060b000000, 0x000000060b400000|  0%| F|  |TAMS 0x000000060b000000| PB 0x000000060b000000| Untracked |  0
|  26|0x000000060b400000, 0x000000060b400000, 0x000000060b800000|  0%| F|  |TAMS 0x000000060b400000| PB 0x000000060b400000| Untracked |  0
|  27|0x000000060b800000, 0x000000060b800000, 0x000000060bc00000|  0%| F|  |TAMS 0x000000060b800000| PB 0x000000060b800000| Untracked |  0
|  28|0x000000060bc00000, 0x000000060bc00000, 0x000000060c000000|  0%| F|  |TAMS 0x000000060bc00000| PB 0x000000060bc00000| Untracked |  0
|  29|0x000000060c000000, 0x000000060c000000, 0x000000060c400000|  0%| F|  |TAMS 0x000000060c000000| PB 0x000000060c000000| Untracked |  0
|  30|0x000000060c400000, 0x000000060c400000, 0x000000060c800000|  0%| F|  |TAMS 0x000000060c400000| PB 0x000000060c400000| Untracked |  0
|  31|0x000000060c800000, 0x000000060c800000, 0x000000060cc00000|  0%| F|  |TAMS 0x000000060c800000| PB 0x000000060c800000| Untracked |  0
|  32|0x000000060cc00000, 0x000000060cc00000, 0x000000060d000000|  0%| F|  |TAMS 0x000000060cc00000| PB 0x000000060cc00000| Untracked |  0
|  33|0x000000060d000000, 0x000000060d000000, 0x000000060d400000|  0%| F|  |TAMS 0x000000060d000000| PB 0x000000060d000000| Untracked |  0
|  34|0x000000060d400000, 0x000000060d400000, 0x000000060d800000|  0%| F|  |TAMS 0x000000060d400000| PB 0x000000060d400000| Untracked |  0
|  35|0x000000060d800000, 0x000000060d800000, 0x000000060dc00000|  0%| F|  |TAMS 0x000000060d800000| PB 0x000000060d800000| Untracked |  0
|  36|0x000000060dc00000, 0x000000060dc00000, 0x000000060e000000|  0%| F|  |TAMS 0x000000060dc00000| PB 0x000000060dc00000| Untracked |  0
|  37|0x000000060e000000, 0x000000060e000000, 0x000000060e400000|  0%| F|  |TAMS 0x000000060e000000| PB 0x000000060e000000| Untracked |  0
|  38|0x000000060e400000, 0x000000060e400000, 0x000000060e800000|  0%| F|  |TAMS 0x000000060e400000| PB 0x000000060e400000| Untracked |  0
|  39|0x000000060e800000, 0x000000060e800000, 0x000000060ec00000|  0%| F|  |TAMS 0x000000060e800000| PB 0x000000060e800000| Untracked |  0
|  40|0x000000060ec00000, 0x000000060ec00000, 0x000000060f000000|  0%| F|  |TAMS 0x000000060ec00000| PB 0x000000060ec00000| Untracked |  0
|  41|0x000000060f000000, 0x000000060f000000, 0x000000060f400000|  0%| F|  |TAMS 0x000000060f000000| PB 0x000000060f000000| Untracked |  0
|  42|0x000000060f400000, 0x000000060f400000, 0x000000060f800000|  0%| F|  |TAMS 0x000000060f400000| PB 0x000000060f400000| Untracked |  0
|  43|0x000000060f800000, 0x000000060f800000, 0x000000060fc00000|  0%| F|  |TAMS 0x000000060f800000| PB 0x000000060f800000| Untracked |  0
|  44|0x000000060fc00000, 0x000000060fc00000, 0x0000000610000000|  0%| F|  |TAMS 0x000000060fc00000| PB 0x000000060fc00000| Untracked |  0
|  45|0x0000000610000000, 0x0000000610000000, 0x0000000610400000|  0%| F|  |TAMS 0x0000000610000000| PB 0x0000000610000000| Untracked |  0
|  46|0x0000000610400000, 0x0000000610400000, 0x0000000610800000|  0%| F|  |TAMS 0x0000000610400000| PB 0x0000000610400000| Untracked |  0
|  47|0x0000000610800000, 0x0000000610800000, 0x0000000610c00000|  0%| F|  |TAMS 0x0000000610800000| PB 0x0000000610800000| Untracked |  0
|  48|0x0000000610c00000, 0x0000000610c00000, 0x0000000611000000|  0%| F|  |TAMS 0x0000000610c00000| PB 0x0000000610c00000| Untracked |  0
|  49|0x0000000611000000, 0x0000000611000000, 0x0000000611400000|  0%| F|  |TAMS 0x0000000611000000| PB 0x0000000611000000| Untracked |  0
|  50|0x0000000611400000, 0x0000000611400000, 0x0000000611800000|  0%| F|  |TAMS 0x0000000611400000| PB 0x0000000611400000| Untracked |  0
|  51|0x0000000611800000, 0x0000000611800000, 0x0000000611c00000|  0%| F|  |TAMS 0x0000000611800000| PB 0x0000000611800000| Untracked |  0
|  52|0x0000000611c00000, 0x0000000611c00000, 0x0000000612000000|  0%| F|  |TAMS 0x0000000611c00000| PB 0x0000000611c00000| Untracked |  0
|  53|0x0000000612000000, 0x0000000612000000, 0x0000000612400000|  0%| F|  |TAMS 0x0000000612000000| PB 0x0000000612000000| Untracked |  0
|  54|0x0000000612400000, 0x0000000612400000, 0x0000000612800000|  0%| F|  |TAMS 0x0000000612400000| PB 0x0000000612400000| Untracked |  0
|  55|0x0000000612800000, 0x0000000612800000, 0x0000000612c00000|  0%| F|  |TAMS 0x0000000612800000| PB 0x0000000612800000| Untracked |  0
|  56|0x0000000612c00000, 0x0000000612c00000, 0x0000000613000000|  0%| F|  |TAMS 0x0000000612c00000| PB 0x0000000612c00000| Untracked |  0
|  57|0x0000000613000000, 0x0000000613000000, 0x0000000613400000|  0%| F|  |TAMS 0x0000000613000000| PB 0x0000000613000000| Untracked |  0
|  58|0x0000000613400000, 0x0000000613400000, 0x0000000613800000|  0%| F|  |TAMS 0x0000000613400000| PB 0x0000000613400000| Untracked |  0
|  59|0x0000000613800000, 0x0000000613800000, 0x0000000613c00000|  0%| F|  |TAMS 0x0000000613800000| PB 0x0000000613800000| Untracked |  0
|  60|0x0000000613c00000, 0x0000000613c00000, 0x0000000614000000|  0%| F|  |TAMS 0x0000000613c00000| PB 0x0000000613c00000| Untracked |  0
|  61|0x0000000614000000, 0x0000000614000000, 0x0000000614400000|  0%| F|  |TAMS 0x0000000614000000| PB 0x0000000614000000| Untracked |  0
|  62|0x0000000614400000, 0x0000000614400000, 0x0000000614800000|  0%| F|  |TAMS 0x0000000614400000| PB 0x0000000614400000| Untracked |  0
|  63|0x0000000614800000, 0x0000000614800000, 0x0000000614c00000|  0%| F|  |TAMS 0x0000000614800000| PB 0x0000000614800000| Untracked |  0
|  64|0x0000000614c00000, 0x0000000614c00000, 0x0000000615000000|  0%| F|  |TAMS 0x0000000614c00000| PB 0x0000000614c00000| Untracked |  0
|  65|0x0000000615000000, 0x0000000615000000, 0x0000000615400000|  0%| F|  |TAMS 0x0000000615000000| PB 0x0000000615000000| Untracked |  0
|  66|0x0000000615400000, 0x0000000615400000, 0x0000000615800000|  0%| F|  |TAMS 0x0000000615400000| PB 0x0000000615400000| Untracked |  0
|  67|0x0000000615800000, 0x0000000615800000, 0x0000000615c00000|  0%| F|  |TAMS 0x0000000615800000| PB 0x0000000615800000| Untracked |  0
|  68|0x0000000615c00000, 0x0000000615c00000, 0x0000000616000000|  0%| F|  |TAMS 0x0000000615c00000| PB 0x0000000615c00000| Untracked |  0
|  69|0x0000000616000000, 0x0000000616000000, 0x0000000616400000|  0%| F|  |TAMS 0x0000000616000000| PB 0x0000000616000000| Untracked |  0
|  70|0x0000000616400000, 0x0000000616400000, 0x0000000616800000|  0%| F|  |TAMS 0x0000000616400000| PB 0x0000000616400000| Untracked |  0
|  71|0x0000000616800000, 0x0000000616800000, 0x0000000616c00000|  0%| F|  |TAMS 0x0000000616800000| PB 0x0000000616800000| Untracked |  0
|  72|0x0000000616c00000, 0x0000000616c00000, 0x0000000617000000|  0%| F|  |TAMS 0x0000000616c00000| PB 0x0000000616c00000| Untracked |  0
|  73|0x0000000617000000, 0x0000000617000000, 0x0000000617400000|  0%| F|  |TAMS 0x0000000617000000| PB 0x0000000617000000| Untracked |  0
|  74|0x0000000617400000, 0x0000000617400000, 0x0000000617800000|  0%| F|  |TAMS 0x0000000617400000| PB 0x0000000617400000| Untracked |  0
|  75|0x0000000617800000, 0x0000000617800000, 0x0000000617c00000|  0%| F|  |TAMS 0x0000000617800000| PB 0x0000000617800000| Untracked |  0
|  76|0x0000000617c00000, 0x0000000617c00000, 0x0000000618000000|  0%| F|  |TAMS 0x0000000617c00000| PB 0x0000000617c00000| Untracked |  0
|  77|0x0000000618000000, 0x0000000618000000, 0x0000000618400000|  0%| F|  |TAMS 0x0000000618000000| PB 0x0000000618000000| Untracked |  0
|  78|0x0000000618400000, 0x0000000618400000, 0x0000000618800000|  0%| F|  |TAMS 0x0000000618400000| PB 0x0000000618400000| Untracked |  0
|  79|0x0000000618800000, 0x0000000618800000, 0x0000000618c00000|  0%| F|  |TAMS 0x0000000618800000| PB 0x0000000618800000| Untracked |  0
|  80|0x0000000618c00000, 0x0000000618c00000, 0x0000000619000000|  0%| F|  |TAMS 0x0000000618c00000| PB 0x0000000618c00000| Untracked |  0
|  81|0x0000000619000000, 0x0000000619000000, 0x0000000619400000|  0%| F|  |TAMS 0x0000000619000000| PB 0x0000000619000000| Untracked |  0
|  82|0x0000000619400000, 0x0000000619400000, 0x0000000619800000|  0%| F|  |TAMS 0x0000000619400000| PB 0x0000000619400000| Untracked |  0
|  83|0x0000000619800000, 0x0000000619800000, 0x0000000619c00000|  0%| F|  |TAMS 0x0000000619800000| PB 0x0000000619800000| Untracked |  0
|  84|0x0000000619c00000, 0x0000000619c00000, 0x000000061a000000|  0%| F|  |TAMS 0x0000000619c00000| PB 0x0000000619c00000| Untracked |  0
|  85|0x000000061a000000, 0x000000061a000000, 0x000000061a400000|  0%| F|  |TAMS 0x000000061a000000| PB 0x000000061a000000| Untracked |  0
|  86|0x000000061a400000, 0x000000061a400000, 0x000000061a800000|  0%| F|  |TAMS 0x000000061a400000| PB 0x000000061a400000| Untracked |  0
|  87|0x000000061a800000, 0x000000061a800000, 0x000000061ac00000|  0%| F|  |TAMS 0x000000061a800000| PB 0x000000061a800000| Untracked |  0
|  88|0x000000061ac00000, 0x000000061ac00000, 0x000000061b000000|  0%| F|  |TAMS 0x000000061ac00000| PB 0x000000061ac00000| Untracked |  0
|  89|0x000000061b000000, 0x000000061b000000, 0x000000061b400000|  0%| F|  |TAMS 0x000000061b000000| PB 0x000000061b000000| Untracked |  0
|  90|0x000000061b400000, 0x000000061b400000, 0x000000061b800000|  0%| F|  |TAMS 0x000000061b400000| PB 0x000000061b400000| Untracked |  0
|  91|0x000000061b800000, 0x000000061b800000, 0x000000061bc00000|  0%| F|  |TAMS 0x000000061b800000| PB 0x000000061b800000| Untracked |  0
|  92|0x000000061bc00000, 0x000000061bc00000, 0x000000061c000000|  0%| F|  |TAMS 0x000000061bc00000| PB 0x000000061bc00000| Untracked |  0
|  93|0x000000061c000000, 0x000000061c000000, 0x000000061c400000|  0%| F|  |TAMS 0x000000061c000000| PB 0x000000061c000000| Untracked |  0
|  94|0x000000061c400000, 0x000000061c400000, 0x000000061c800000|  0%| F|  |TAMS 0x000000061c400000| PB 0x000000061c400000| Untracked |  0
|  95|0x000000061c800000, 0x000000061c800000, 0x000000061cc00000|  0%| F|  |TAMS 0x000000061c800000| PB 0x000000061c800000| Untracked |  0
|  96|0x000000061cc00000, 0x000000061cc00000, 0x000000061d000000|  0%| F|  |TAMS 0x000000061cc00000| PB 0x000000061cc00000| Untracked |  0
|  97|0x000000061d000000, 0x000000061d000000, 0x000000061d400000|  0%| F|  |TAMS 0x000000061d000000| PB 0x000000061d000000| Untracked |  0
|  98|0x000000061d400000, 0x000000061d400000, 0x000000061d800000|  0%| F|  |TAMS 0x000000061d400000| PB 0x000000061d400000| Untracked |  0
|  99|0x000000061d800000, 0x000000061d800000, 0x000000061dc00000|  0%| F|  |TAMS 0x000000061d800000| PB 0x000000061d800000| Untracked |  0
| 100|0x000000061dc00000, 0x000000061dc00000, 0x000000061e000000|  0%| F|  |TAMS 0x000000061dc00000| PB 0x000000061dc00000| Untracked |  0
| 101|0x000000061e000000, 0x000000061e000000, 0x000000061e400000|  0%| F|  |TAMS 0x000000061e000000| PB 0x000000061e000000| Untracked |  0
| 102|0x000000061e400000, 0x000000061e400000, 0x000000061e800000|  0%| F|  |TAMS 0x000000061e400000| PB 0x000000061e400000| Untracked |  0
| 103|0x000000061e800000, 0x000000061e800000, 0x000000061ec00000|  0%| F|  |TAMS 0x000000061e800000| PB 0x000000061e800000| Untracked |  0
| 104|0x000000061ec00000, 0x000000061ec00000, 0x000000061f000000|  0%| F|  |TAMS 0x000000061ec00000| PB 0x000000061ec00000| Untracked |  0
| 105|0x000000061f000000, 0x000000061f000000, 0x000000061f400000|  0%| F|  |TAMS 0x000000061f000000| PB 0x000000061f000000| Untracked |  0
| 106|0x000000061f400000, 0x000000061f400000, 0x000000061f800000|  0%| F|  |TAMS 0x000000061f400000| PB 0x000000061f400000| Untracked |  0
| 107|0x000000061f800000, 0x000000061f800000, 0x000000061fc00000|  0%| F|  |TAMS 0x000000061f800000| PB 0x000000061f800000| Untracked |  0
| 108|0x000000061fc00000, 0x000000061fc00000, 0x0000000620000000|  0%| F|  |TAMS 0x000000061fc00000| PB 0x000000061fc00000| Untracked |  0
| 109|0x0000000620000000, 0x0000000620000000, 0x0000000620400000|  0%| F|  |TAMS 0x0000000620000000| PB 0x0000000620000000| Untracked |  0
| 110|0x0000000620400000, 0x0000000620400000, 0x0000000620800000|  0%| F|  |TAMS 0x0000000620400000| PB 0x0000000620400000| Untracked |  0
| 111|0x0000000620800000, 0x0000000620c00000, 0x0000000620c00000|100%| S|CS|TAMS 0x0000000620800000| PB 0x0000000620800000| Complete |  0
| 112|0x0000000620c00000, 0x0000000621000000, 0x0000000621000000|100%| S|CS|TAMS 0x0000000620c00000| PB 0x0000000620c00000| Complete |  0
| 113|0x0000000621000000, 0x0000000621000000, 0x0000000621400000|  0%| F|  |TAMS 0x0000000621000000| PB 0x0000000621000000| Untracked |  0
| 114|0x0000000621400000, 0x0000000621400000, 0x0000000621800000|  0%| F|  |TAMS 0x0000000621400000| PB 0x0000000621400000| Untracked |  0
| 115|0x0000000621800000, 0x0000000621800000, 0x0000000621c00000|  0%| F|  |TAMS 0x0000000621800000| PB 0x0000000621800000| Untracked |  0
| 116|0x0000000621c00000, 0x0000000621c00000, 0x0000000622000000|  0%| F|  |TAMS 0x0000000621c00000| PB 0x0000000621c00000| Untracked |  0
| 117|0x0000000622000000, 0x0000000622000000, 0x0000000622400000|  0%| F|  |TAMS 0x0000000622000000| PB 0x0000000622000000| Untracked |  0
| 118|0x0000000622400000, 0x0000000622400000, 0x0000000622800000|  0%| F|  |TAMS 0x0000000622400000| PB 0x0000000622400000| Untracked |  0
| 119|0x0000000622800000, 0x0000000622866698, 0x0000000622c00000| 10%| E|  |TAMS 0x0000000622800000| PB 0x0000000622800000| Complete |  0
| 120|0x0000000622c00000, 0x0000000623000000, 0x0000000623000000|100%| E|CS|TAMS 0x0000000622c00000| PB 0x0000000622c00000| Complete |  0
| 121|0x0000000623000000, 0x0000000623400000, 0x0000000623400000|100%| E|CS|TAMS 0x0000000623000000| PB 0x0000000623000000| Complete |  0
| 122|0x0000000623400000, 0x0000000623800000, 0x0000000623800000|100%| E|CS|TAMS 0x0000000623400000| PB 0x0000000623400000| Complete |  0
| 123|0x0000000623800000, 0x0000000623c00000, 0x0000000623c00000|100%| E|CS|TAMS 0x0000000623800000| PB 0x0000000623800000| Complete |  0
| 124|0x0000000623c00000, 0x0000000624000000, 0x0000000624000000|100%| E|CS|TAMS 0x0000000623c00000| PB 0x0000000623c00000| Complete |  0
| 125|0x0000000624000000, 0x0000000624400000, 0x0000000624400000|100%| E|CS|TAMS 0x0000000624000000| PB 0x0000000624000000| Complete |  0
| 126|0x0000000624400000, 0x0000000624800000, 0x0000000624800000|100%| E|CS|TAMS 0x0000000624400000| PB 0x0000000624400000| Complete |  0

Card table byte_map: [0x0000025397280000,0x0000025398260000] _byte_map_base: 0x000002539425a000

Marking Bits: (CMBitMap*) 0x00000253fe1f4580
 Bits: [0x0000025398260000, 0x00000253a0130000)

Polling page: 0x00000253fd940000

Metaspace:

Usage:
  Non-class:     15.83 MB used.
      Class:      2.96 MB used.
       Both:     18.79 MB used.

Virtual space:
  Non-class space:       64.00 MB reserved,      16.00 MB ( 25%) committed,  1 nodes.
      Class space:        1.00 GB reserved,       3.12 MB ( <1%) committed,  1 nodes.
             Both:        1.06 GB reserved,      19.12 MB (  2%) committed. 

Chunk freelists:
   Non-Class:  15.58 MB
       Class:  12.84 MB
        Both:  28.42 MB

MaxMetaspaceSize: unlimited
CompressedClassSpaceSize: 1.00 GB
Initial GC threshold: 21.00 MB
Current GC threshold: 21.00 MB
CDS: on
 - commit_granule_bytes: 65536.
 - commit_granule_words: 8192.
 - virtual_space_node_default_size: 8388608.
 - enlarge_chunks_in_place: 1.
 - use_allocation_guard: 0.


Internal statistics:

num_allocs_failed_limit: 0.
num_arena_births: 390.
num_arena_deaths: 0.
num_vsnodes_births: 2.
num_vsnodes_deaths: 0.
num_space_committed: 306.
num_space_uncommitted: 0.
num_chunks_returned_to_freelist: 0.
num_chunks_taken_from_freelist: 992.
num_chunk_merges: 0.
num_chunk_splits: 678.
num_chunks_enlarged: 497.
num_inconsistent_stats: 0.

CodeHeap 'non-profiled nmethods': size=119168Kb used=1636Kb max_used=1636Kb free=117531Kb
 bounds [0x000002538fe20000, 0x0000025390090000, 0x0000025397280000]
CodeHeap 'profiled nmethods': size=119104Kb used=6427Kb max_used=6427Kb free=112676Kb
 bounds [0x0000025388280000, 0x00000253888d0000, 0x000002538f6d0000]
CodeHeap 'non-nmethods': size=7488Kb used=1847Kb max_used=3553Kb free=5640Kb
 bounds [0x000002538f6d0000, 0x000002538fa50000, 0x000002538fe20000]
 total_blobs=4296 nmethods=3443 adapters=756
 compilation: enabled
              stopped_count=0, restarted_count=0
 full_count=0

Compilation events (20 events):
Event: 9.426 Thread 0x00000253e40ac420 3435       3       java.util.EnumMap::values (25 bytes)
Event: 9.426 Thread 0x00000253e40ac420 nmethod 3435 0x00000253888c1f90 code [0x00000253888c2140, 0x00000253888c24c0]
Event: 9.426 Thread 0x00000253e40ac420 3436       3       java.util.EnumMap$Values::iterator (12 bytes)
Event: 9.426 Thread 0x00000253e40ac420 nmethod 3436 0x00000253888c2610 code [0x00000253888c27c0, 0x00000253888c2b20]
Event: 9.426 Thread 0x00000253e40ac420 3437       3       java.util.EnumMap$ValueIterator::<init> (11 bytes)
Event: 9.426 Thread 0x00000253e40ac420 nmethod 3437 0x00000253888c2c90 code [0x00000253888c2e40, 0x00000253888c30e0]
Event: 9.426 Thread 0x00000253e40ac420 3438       3       java.util.EnumMap$EnumMapIterator::<init> (20 bytes)
Event: 9.426 Thread 0x00000253e40ac420 nmethod 3438 0x00000253888c3210 code [0x00000253888c33a0, 0x00000253888c3580]
Event: 9.435 Thread 0x00000253e40ac420 3439       3       java.util.concurrent.ConcurrentHashMap::sumCount (60 bytes)
Event: 9.435 Thread 0x00000253e40ac420 nmethod 3439 0x00000253888c3690 code [0x00000253888c3840, 0x00000253888c3a88]
Event: 9.437 Thread 0x00000253e40ac420 3440       3       javafx.scene.Node::sceneProperty (8 bytes)
Event: 9.437 Thread 0x00000253e40ac420 nmethod 3440 0x00000253888c3b90 code [0x00000253888c3d60, 0x00000253888c4290]
Event: 9.437 Thread 0x00000253e40ac420 3441       3       javafx.scene.Node::isFocusTraversable (19 bytes)
Event: 9.437 Thread 0x00000253e40ac420 nmethod 3441 0x00000253888c4490 code [0x00000253888c4640, 0x00000253888c49a8]
Event: 9.437 Thread 0x00000253e40ac420 3442       3       javafx.scene.Node::focusSetDirty (25 bytes)
Event: 9.438 Thread 0x00000253e40ac420 nmethod 3442 0x00000253888c4a90 code [0x00000253888c4d00, 0x00000253888c5b90]
Event: 9.438 Thread 0x00000253e40ac420 3443       3       javafx.scene.Node::layoutBoundsChanged (47 bytes)
Event: 9.438 Thread 0x00000253e40ac420 nmethod 3443 0x00000253888c6090 code [0x00000253888c62c0, 0x00000253888c6b00]
Event: 9.440 Thread 0x00000253e40ac420 3444       1       java.util.logging.LogManager$LoggerContext::getOwner (5 bytes)
Event: 9.440 Thread 0x00000253e40ac420 nmethod 3444 0x000002538ffb8f90 code [0x000002538ffb9120, 0x000002538ffb91f0]

GC Heap History (4 events):
Event: 3.293 GC heap before
{Heap before GC invocations=0 (full 0):
 garbage-first heap   total reserved 8310784K, committed 520192K, used 24576K [0x0000000604c00000, 0x0000000800000000)
  region size 4096K, 6 young (24576K), 0 survivors (0K)
 Metaspace       used 4746K, committed 4928K, reserved 1114112K
  class space    used 525K, committed 640K, reserved 1048576K
}
Event: 3.295 GC heap after
{Heap after GC invocations=1 (full 0):
 garbage-first heap   total reserved 8310784K, committed 520192K, used 2749K [0x0000000604c00000, 0x0000000800000000)
  region size 4096K, 1 young (4096K), 1 survivors (4096K)
 Metaspace       used 4746K, committed 4928K, reserved 1114112K
  class space    used 525K, committed 640K, reserved 1048576K
}
Event: 4.268 GC heap before
{Heap before GC invocations=1 (full 0):
 garbage-first heap   total reserved 8310784K, committed 520192K, used 51901K [0x0000000604c00000, 0x0000000800000000)
  region size 4096K, 14 young (57344K), 1 survivors (4096K)
 Metaspace       used 14585K, committed 14976K, reserved 1114112K
  class space    used 2113K, committed 2304K, reserved 1048576K
}
Event: 4.273 GC heap after
{Heap after GC invocations=2 (full 0):
 garbage-first heap   total reserved 8310784K, committed 520192K, used 8875K [0x0000000604c00000, 0x0000000800000000)
  region size 4096K, 2 young (8192K), 2 survivors (8192K)
 Metaspace       used 14585K, committed 14976K, reserved 1114112K
  class space    used 2113K, committed 2304K, reserved 1048576K
}

Dll operation events (20 events):
Event: 2.262 Loaded shared library C:\Users\birnst2\.openjfx\cache\22.0.1+7\amd64\api-ms-win-crt-locale-l1-1-0.dll
Event: 2.275 Loaded shared library C:\Users\birnst2\.openjfx\cache\22.0.1+7\amd64\api-ms-win-crt-math-l1-1-0.dll
Event: 2.288 Loaded shared library C:\Users\birnst2\.openjfx\cache\22.0.1+7\amd64\api-ms-win-crt-multibyte-l1-1-0.dll
Event: 2.303 Loaded shared library C:\Users\birnst2\.openjfx\cache\22.0.1+7\amd64\api-ms-win-crt-private-l1-1-0.dll
Event: 2.319 Loaded shared library C:\Users\birnst2\.openjfx\cache\22.0.1+7\amd64\api-ms-win-crt-process-l1-1-0.dll
Event: 2.340 Loaded shared library C:\Users\birnst2\.openjfx\cache\22.0.1+7\amd64\api-ms-win-crt-runtime-l1-1-0.dll
Event: 2.357 Loaded shared library C:\Users\birnst2\.openjfx\cache\22.0.1+7\amd64\api-ms-win-crt-stdio-l1-1-0.dll
Event: 2.371 Loaded shared library C:\Users\birnst2\.openjfx\cache\22.0.1+7\amd64\api-ms-win-crt-string-l1-1-0.dll
Event: 2.386 Loaded shared library C:\Users\birnst2\.openjfx\cache\22.0.1+7\amd64\api-ms-win-crt-time-l1-1-0.dll
Event: 2.400 Loaded shared library C:\Users\birnst2\.openjfx\cache\22.0.1+7\amd64\api-ms-win-crt-utility-l1-1-0.dll
Event: 2.443 Loaded shared library C:\Users\birnst2\.openjfx\cache\22.0.1+7\amd64\ucrtbase.dll
Event: 2.457 Loaded shared library C:\Users\birnst2\.openjfx\cache\22.0.1+7\amd64\vcruntime140.dll
Event: 2.469 Loaded shared library C:\Users\birnst2\.openjfx\cache\22.0.1+7\amd64\vcruntime140_1.dll
Event: 2.497 Loaded shared library C:\Users\birnst2\.openjfx\cache\22.0.1+7\amd64\msvcp140.dll
Event: 2.512 Loaded shared library C:\Users\birnst2\.openjfx\cache\22.0.1+7\amd64\msvcp140_1.dll
Event: 2.535 Loaded shared library C:\Users\birnst2\.openjfx\cache\22.0.1+7\amd64\msvcp140_2.dll
Event: 2.622 Loaded shared library C:\Users\birnst2\.openjfx\cache\22.0.1+7\amd64\prism_d3d.dll
Event: 3.037 Loaded shared library C:\Users\birnst2\.openjfx\cache\22.0.1+7\amd64\glass.dll
Event: 3.310 Loaded shared library C:\Users\birnst2\.jdks\openjdk-22.0.2\bin\jimage.dll
Event: 3.746 Loaded shared library C:\Users\birnst2\.openjfx\cache\22.0.1+7\amd64\javafx_font.dll

Deoptimization events (20 events):
Event: 6.642 Thread 0x00000253e92bb160 DEOPT PACKING pc=0x000002538ff553c4 sp=0x000000b208afc910
Event: 6.642 Thread 0x00000253e92bb160 DEOPT UNPACKING pc=0x000002538f7246a2 sp=0x000000b208afc8b0 mode 2
Event: 6.642 Thread 0x00000253e92bb160 Uncommon trap: trap_request=0xffffffc6 fr.pc=0x000002538ff32970 relative=0x0000000000000150
Event: 6.642 Thread 0x00000253e92bb160 Uncommon trap: reason=bimorphic_or_optimized_type_check action=maybe_recompile pc=0x000002538ff32970 method=java.util.Collections$UnmodifiableCollection$1.hasNext()Z @ 4 c2
Event: 6.642 Thread 0x00000253e92bb160 DEOPT PACKING pc=0x000002538ff32970 sp=0x000000b208afc910
Event: 6.642 Thread 0x00000253e92bb160 DEOPT UNPACKING pc=0x000002538f7246a2 sp=0x000000b208afc8b0 mode 2
Event: 6.643 Thread 0x00000253e92bb160 DEOPT PACKING pc=0x00000253886836d9 sp=0x000000b208afc570
Event: 6.643 Thread 0x00000253e92bb160 DEOPT UNPACKING pc=0x000002538f724e42 sp=0x000000b208afba00 mode 0
Event: 6.643 Thread 0x00000253e92bb160 Uncommon trap: trap_request=0xffffff6e fr.pc=0x000002538fface80 relative=0x00000000000006c0
Event: 6.643 Thread 0x00000253e92bb160 Uncommon trap: reason=loop_limit_check action=maybe_recompile pc=0x000002538fface80 method=com.sun.javafx.image.impl.ByteBgra$ToByteBgraPreConv.doConvert([BII[BIIII)V @ 27 c2
Event: 6.643 Thread 0x00000253e92bb160 DEOPT PACKING pc=0x000002538fface80 sp=0x000000b208afc540
Event: 6.643 Thread 0x00000253e92bb160 DEOPT UNPACKING pc=0x000002538f7246a2 sp=0x000000b208afc510 mode 2
Event: 6.647 Thread 0x00000253e92bb160 Uncommon trap: trap_request=0xffffff45 fr.pc=0x000002538ff5e300 relative=0x00000000000007e0
Event: 6.647 Thread 0x00000253e92bb160 Uncommon trap: reason=unstable_if action=reinterpret pc=0x000002538ff5e300 method=javafx.scene.CssStyleHelper.getStyle(Ljavafx/css/Styleable;Ljava/lang/String;Lcom/sun/javafx/css/StyleMap;Ljava/util/Set;)Lcom/sun/javafx/css/CascadingStyle; @ 8 c2
Event: 6.647 Thread 0x00000253e92bb160 DEOPT PACKING pc=0x000002538ff5e300 sp=0x000000b208afcd30
Event: 6.647 Thread 0x00000253e92bb160 DEOPT UNPACKING pc=0x000002538f7246a2 sp=0x000000b208afccc8 mode 2
Event: 6.649 Thread 0x00000253e92bb160 Uncommon trap: trap_request=0xffffff45 fr.pc=0x000002538ff25a0c relative=0x000000000000006c
Event: 6.649 Thread 0x00000253e92bb160 Uncommon trap: reason=unstable_if action=reinterpret pc=0x000002538ff25a0c method=java.util.Objects.equals(Ljava/lang/Object;Ljava/lang/Object;)Z @ 6 c2
Event: 6.649 Thread 0x00000253e92bb160 DEOPT PACKING pc=0x000002538ff25a0c sp=0x000000b208afc5d0
Event: 6.649 Thread 0x00000253e92bb160 DEOPT UNPACKING pc=0x000002538f7246a2 sp=0x000000b208afc570 mode 2

Classes loaded (20 events):
Event: 4.620 Loading class java/nio/ShortBuffer
Event: 4.620 Loading class java/nio/ShortBuffer done
Event: 4.620 Loading class java/nio/DoubleBuffer
Event: 4.620 Loading class java/nio/DoubleBuffer done
Event: 4.620 Loading class java/nio/DirectFloatBufferU
Event: 4.620 Loading class java/nio/DirectFloatBufferU done
Event: 4.639 Loading class java/util/concurrent/ConcurrentLinkedQueue
Event: 4.639 Loading class java/util/concurrent/ConcurrentLinkedQueue done
Event: 4.639 Loading class java/util/concurrent/ConcurrentLinkedQueue$Node
Event: 4.639 Loading class java/util/concurrent/ConcurrentLinkedQueue$Node done
Event: 4.640 Loading class jdk/internal/ref/CleanerImpl$InnocuousThreadFactory
Event: 4.640 Loading class jdk/internal/ref/CleanerImpl$InnocuousThreadFactory done
Event: 4.644 Loading class sun/misc/Unsafe
Event: 4.644 Loading class sun/misc/Unsafe done
Event: 4.644 Loading class java/lang/invoke/DirectMethodHandle$StaticAccessor
Event: 4.644 Loading class java/lang/invoke/DirectMethodHandle$StaticAccessor done
Event: 4.666 Loading class java/lang/FdLibm$Atan2
Event: 4.666 Loading class java/lang/FdLibm$Atan2 done
Event: 5.503 Loading class java/io/UnsupportedEncodingException
Event: 5.503 Loading class java/io/UnsupportedEncodingException done

Classes unloaded (0 events):
No events

Classes redefined (0 events):
No events

Internal exceptions (20 events):
Event: 3.896 Thread 0x00000253e92bb160 Exception <a 'java/lang/NoSuchMethodError'{0x00000006221be5f0}: 'void java.lang.invoke.DirectMethodHandle$Holder.invokeSpecial(java.lang.Object, java.lang.Object, double)'> (0x00000006221be5f0) 
thrown [s\open\src\hotspot\share\interpreter\linkResolver.cpp, line 774]
Event: 3.897 Thread 0x00000253e92bb160 Exception <a 'java/lang/NoSuchMethodError'{0x00000006221c5618}: 'void java.lang.invoke.DelegatingMethodHandle$Holder.reinvoke_L(java.lang.Object, java.lang.Object, double)'> (0x00000006221c5618) 
thrown [s\open\src\hotspot\share\interpreter\linkResolver.cpp, line 774]
Event: 3.905 Thread 0x00000253e92bb160 Exception <a 'java/lang/NoSuchMethodError'{0x000000062225f818}: 'void java.lang.invoke.Invokers$Holder.invokeExact_MT(java.lang.Object, java.lang.Object, java.lang.Object, java.lang.Object)'> (0x000000062225f818) 
thrown [s\open\src\hotspot\share\interpreter\linkResolver.cpp, line 774]
Event: 3.908 Thread 0x00000253e92bb160 Exception <a 'java/lang/NoSuchMethodError'{0x0000000622273fd0}: 'void java.lang.invoke.DirectMethodHandle$Holder.invokeSpecial(java.lang.Object, java.lang.Object, int)'> (0x0000000622273fd0) 
thrown [s\open\src\hotspot\share\interpreter\linkResolver.cpp, line 774]
Event: 3.908 Thread 0x00000253e92bb160 Exception <a 'java/lang/NoSuchMethodError'{0x0000000622278358}: 'int java.lang.invoke.DirectMethodHandle$Holder.invokeSpecial(java.lang.Object, java.lang.Object, java.lang.Object, int)'> (0x0000000622278358) 
thrown [s\open\src\hotspot\share\interpreter\linkResolver.cpp, line 774]
Event: 3.908 Thread 0x00000253e92bb160 Exception <a 'java/lang/NoSuchMethodError'{0x0000000622282340}: 'void java.lang.invoke.DelegatingMethodHandle$Holder.reinvoke_L(java.lang.Object, java.lang.Object, int)'> (0x0000000622282340) 
thrown [s\open\src\hotspot\share\interpreter\linkResolver.cpp, line 774]
Event: 3.926 Thread 0x00000253e92bb160 Exception <a 'java/lang/NoSuchMethodError'{0x000000062231c6f8}: 'java.lang.Object java.lang.invoke.DirectMethodHandle$Holder.newInvokeSpecial(java.lang.Object, double)'> (0x000000062231c6f8) 
thrown [s\open\src\hotspot\share\interpreter\linkResolver.cpp, line 774]
Event: 4.217 Thread 0x00000253e92bb160 Exception <a 'java/io/FileNotFoundException'{0x00000006216833b8}> (0x00000006216833b8) 
thrown [s\open\src\hotspot\share\prims\jni.cpp, line 520]
Event: 4.249 Thread 0x00000253e92bb160 Exception <a 'java/lang/IncompatibleClassChangeError'{0x00000006211e3b50}: Found class java.lang.Object, but interface was expected> (0x00000006211e3b50) 
thrown [s\open\src\hotspot\share\interpreter\linkResolver.cpp, line 841]
Event: 4.280 Thread 0x00000253e92bb160 Exception <a 'java/lang/ClassNotFoundException'{0x000000062453dfd8}: com/sun/javafx/scene/control/skin/resources/controls> (0x000000062453dfd8) 
thrown [s\open\src\hotspot\share\prims\jni.cpp, line 539]
Event: 4.280 Thread 0x00000253e92bb160 Exception <a 'java/lang/ClassNotFoundException'{0x000000062454c1b8}: com/sun/javafx/scene/control/skin/resources/controls_de> (0x000000062454c1b8) 
thrown [s\open\src\hotspot\share\prims\jni.cpp, line 539]
Event: 4.281 Thread 0x00000253e92bb160 Exception <a 'java/lang/ClassNotFoundException'{0x0000000624559c38}: com/sun/javafx/scene/control/skin/resources/controls_de_DE> (0x0000000624559c38) 
thrown [s\open\src\hotspot\share\prims\jni.cpp, line 539]
Event: 4.296 Thread 0x00000253e92bb160 Exception <a 'java/lang/NoSuchMethodError'{0x0000000624024a00}: 'void java.lang.invoke.DirectMethodHandle$Holder.invokeSpecial(java.lang.Object, java.lang.Object, java.lang.Object, java.lang.Object, java.lang.Object, java.lang.Object)'> (0x0000000624024a00) 
thrown [s\open\src\hotspot\share\interpreter\linkResolver.cpp, line 774]
Event: 4.354 Thread 0x00000253e92bb160 Exception <a 'java/lang/NoSuchMethodError'{0x0000000623fd3078}: 'int java.lang.invoke.DirectMethodHandle$Holder.invokeSpecial(java.lang.Object, java.lang.Object, int)'> (0x0000000623fd3078) 
thrown [s\open\src\hotspot\share\interpreter\linkResolver.cpp, line 774]
Event: 4.434 Thread 0x00000253e92bb160 Exception <a 'java/lang/NoSuchMethodError'{0x0000000623b0b420}: 'java.lang.Object java.lang.invoke.DirectMethodHandle$Holder.newInvokeSpecial(java.lang.Object, java.lang.Object, int)'> (0x0000000623b0b420) 
thrown [s\open\src\hotspot\share\interpreter\linkResolver.cpp, line 774]
Event: 4.601 Thread 0x00000253e4966d70 Exception <a 'java/lang/NoSuchMethodError'{0x00000006234cb0b8}: 'int java.lang.invoke.DirectMethodHandle$Holder.invokeStaticInit(java.lang.Object, java.lang.Object)'> (0x00000006234cb0b8) 
thrown [s\open\src\hotspot\share\interpreter\linkResolver.cpp, line 774]
Event: 5.520 Thread 0x00000253e92bb160 Exception <a 'java/lang/NoSuchMethodError'{0x00000006233ae650}: 'long java.lang.invoke.DirectMethodHandle$Holder.invokeStatic(java.lang.Object, java.lang.Object, java.lang.Object)'> (0x00000006233ae650) 
thrown [s\open\src\hotspot\share\interpreter\linkResolver.cpp, line 774]
Event: 5.520 Thread 0x00000253e92bb160 Exception <a 'java/lang/NoSuchMethodError'{0x00000006233b1a20}: 'long java.lang.invoke.DirectMethodHandle$Holder.invokeStaticInit(java.lang.Object, java.lang.Object, java.lang.Object)'> (0x00000006233b1a20) 
thrown [s\open\src\hotspot\share\interpreter\linkResolver.cpp, line 774]
Event: 5.523 Thread 0x00000253e92bb160 Exception <a 'java/lang/NoSuchMethodError'{0x00000006233c6118}: 'java.lang.Object java.lang.invoke.DirectMethodHandle$Holder.newInvokeSpecial(java.lang.Object, java.lang.Object, long)'> (0x00000006233c6118) 
thrown [s\open\src\hotspot\share\interpreter\linkResolver.cpp, line 774]
Event: 5.523 Thread 0x00000253e92bb160 Exception <a 'java/lang/NoSuchMethodError'{0x00000006233c9a20}: 'java.lang.Object java.lang.invoke.Invokers$Holder.linkToTargetMethod(java.lang.Object, long, java.lang.Object)'> (0x00000006233c9a20) 
thrown [s\open\src\hotspot\share\interpreter\linkResolver.cpp, line 774]

ZGC Phase Switch (0 events):
No events

VM Operations (20 events):
Event: 3.750 Executing VM operation: HandshakeAllThreads (Deoptimize) done
Event: 3.765 Executing VM operation: ICBufferFull
Event: 3.765 Executing VM operation: ICBufferFull done
Event: 3.885 Executing VM operation: HandshakeAllThreads (Deoptimize)
Event: 3.885 Executing VM operation: HandshakeAllThreads (Deoptimize) done
Event: 3.889 Executing VM operation: HandshakeAllThreads (Deoptimize)
Event: 3.889 Executing VM operation: HandshakeAllThreads (Deoptimize) done
Event: 4.022 Executing VM operation: ICBufferFull
Event: 4.022 Executing VM operation: ICBufferFull done
Event: 4.268 Executing VM operation: G1CollectForAllocation (G1 Evacuation Pause)
Event: 4.273 Executing VM operation: G1CollectForAllocation (G1 Evacuation Pause) done
Event: 4.344 Executing VM operation: HandshakeAllThreads (Deoptimize)
Event: 4.344 Executing VM operation: HandshakeAllThreads (Deoptimize) done
Event: 4.424 Executing VM operation: ICBufferFull
Event: 4.424 Executing VM operation: ICBufferFull done
Event: 6.424 Executing VM operation: Cleanup
Event: 6.425 Executing VM operation: Cleanup done
Event: 8.425 Executing VM operation: Cleanup
Event: 8.426 Executing VM operation: Cleanup done
Event: 9.440 Executing VM operation: Exit

Memory protections (0 events):
No events

Nmethod flushes (0 events):
No events

Events (20 events):
Event: 4.195 Thread 0x00000253e9b02160 Thread exited: 0x00000253e9b02160
Event: 4.195 Thread 0x00000253e9b02830 Thread exited: 0x00000253e9b02830
Event: 4.196 Thread 0x00000253e9aff880 Thread exited: 0x00000253e9aff880
Event: 4.204 Thread 0x00000253e9aff1b0 Thread exited: 0x00000253e9aff1b0
Event: 4.246 Thread 0x00000253e92bb160 Thread added: 0x00000253f4b7fdd0
Event: 4.296 Thread 0x00000253e40ac420 Thread added: 0x00000253f4e1acf0
Event: 4.370 Thread 0x00000253e40a9460 Thread added: 0x00000253f4e19880
Event: 4.587 Thread 0x00000253f4e19880 Thread exited: 0x00000253f4e19880
Event: 4.641 Thread 0x00000253e4966d70 Thread added: 0x00000253f4b82bc0
Event: 4.823 Thread 0x00000253f4e1acf0 Thread exited: 0x00000253f4e1acf0
Event: 6.648 Thread 0x00000253e40ac420 Thread added: 0x00000253f4a8d840
Event: 7.213 Thread 0x00000253f4a8d840 Thread exited: 0x00000253f4a8d840
Event: 9.276 Thread 0x00000253e452b350 Thread exited: 0x00000253e452b350
Event: 9.366 Thread 0x00000253e41064d0 Thread exited: 0x00000253e41064d0
Event: 9.367 Thread 0x00000253e4105a10 Thread exited: 0x00000253e4105a10
Event: 9.438 Thread 0x00000253e92bb160 Thread added: 0x00000253f4b81810
Event: 9.439 Thread 0x00000253e92bb160 Thread added: 0x00000253f4b81ea0
Event: 9.440 Thread 0x00000253f4b81ea0 Thread exited: 0x00000253f4b81ea0
Event: 9.440 Thread 0x00000253f4b81810 Thread exited: 0x00000253f4b81810
Event: 9.440 Thread 0x00000253e92bb160 Before exit entered


Dynamic libraries:
0x00007ff79a860000 - 0x00007ff79a86e000 	C:\Users\birnst2\.jdks\openjdk-22.0.2\bin\java.exe
0x00007fff717f0000 - 0x00007fff71a07000 	C:\WINDOWS\SYSTEM32\ntdll.dll
0x00007fff6fde0000 - 0x00007fff6fea4000 	C:\WINDOWS\System32\KERNEL32.DLL
0x00007fff6f020000 - 0x00007fff6f3cd000 	C:\WINDOWS\System32\KERNELBASE.dll
0x00007fff6f400000 - 0x00007fff6f511000 	C:\WINDOWS\System32\ucrtbase.dll
0x00007fff63c80000 - 0x00007fff63c9b000 	C:\Users\birnst2\.jdks\openjdk-22.0.2\bin\VCRUNTIME140.dll
0x00007fff59a20000 - 0x00007fff59a37000 	C:\Users\birnst2\.jdks\openjdk-22.0.2\bin\jli.dll
0x00007fff6f5a0000 - 0x00007fff6f74e000 	C:\WINDOWS\System32\USER32.dll
0x00007fff6f3d0000 - 0x00007fff6f3f6000 	C:\WINDOWS\System32\win32u.dll
0x00007fff70440000 - 0x00007fff70469000 	C:\WINDOWS\System32\GDI32.dll
0x00007fff6eb10000 - 0x00007fff6ec29000 	C:\WINDOWS\System32\gdi32full.dll
0x00007fff6ef80000 - 0x00007fff6f01a000 	C:\WINDOWS\System32\msvcp_win.dll
0x00007fff5b000000 - 0x00007fff5b293000 	C:\WINDOWS\WinSxS\amd64_microsoft.windows.common-controls_6595b64144ccf1df_6.0.22621.3672_none_2713b9d173822955\COMCTL32.dll
0x00007fff716f0000 - 0x00007fff71797000 	C:\WINDOWS\System32\msvcrt.dll
0x00007fff70080000 - 0x00007fff700b1000 	C:\WINDOWS\System32\IMM32.DLL
0x00007fff5b360000 - 0x00007fff5b4ba000 	\\?\zceVJKonMfQweaeMuuXLAzIMgTyn\GLOBAL??\C:\WINDOWS\system32\tmumh\20019\AddOn\8.55.0.1333\TmUmEvt64.dll
0x00007fff717a0000 - 0x00007fff717a8000 	C:\WINDOWS\System32\PSAPI.DLL
0x00007fff70380000 - 0x00007fff70432000 	C:\WINDOWS\System32\ADVAPI32.dll
0x00007fff715e0000 - 0x00007fff71689000 	C:\WINDOWS\System32\sechost.dll
0x00007fff6ec30000 - 0x00007fff6ec58000 	C:\WINDOWS\System32\bcrypt.dll
0x00007fff70e90000 - 0x00007fff70fa4000 	C:\WINDOWS\System32\RPCRT4.dll
0x0000000075ce0000 - 0x0000000075e5e000 	\\?\zceVJKonMfQweaeMuuXLAzIMgTyn\GLOBAL??\C:\WINDOWS\system32\tmumh\20019\TmMon\2.9.0.1176\tmmon64.dll
0x00007fff23280000 - 0x00007fff235bf000 	C:\WINDOWS\System32\TmLWE\TmUmSnsr64\1.0.0.1140\TmUmSnsr64.dll
0x00007fff6da30000 - 0x00007fff6da48000 	C:\WINDOWS\SYSTEM32\kernel.appcore.dll
0x00007fff65a40000 - 0x00007fff65a4c000 	C:\Users\birnst2\.jdks\openjdk-22.0.2\bin\vcruntime140_1.dll
0x00007fff55f30000 - 0x00007fff55fbe000 	C:\Users\birnst2\.jdks\openjdk-22.0.2\bin\msvcp140.dll
0x00007ffe94230000 - 0x00007ffe94f79000 	C:\Users\birnst2\.jdks\openjdk-22.0.2\bin\server\jvm.dll
0x00007fff6f860000 - 0x00007fff6f8d1000 	C:\WINDOWS\System32\WS2_32.dll
0x00007fff6e830000 - 0x00007fff6e87d000 	C:\WINDOWS\SYSTEM32\POWRPROF.dll
0x00007fff65c30000 - 0x00007fff65c64000 	C:\WINDOWS\SYSTEM32\WINMM.dll
0x00007fff5a540000 - 0x00007fff5a54a000 	C:\WINDOWS\SYSTEM32\VERSION.dll
0x00007fff6e810000 - 0x00007fff6e823000 	C:\WINDOWS\SYSTEM32\UMPDC.dll
0x00007fff65630000 - 0x00007fff6563a000 	C:\Users\birnst2\.jdks\openjdk-22.0.2\bin\jimage.dll
0x00007fff6bed0000 - 0x00007fff6c102000 	C:\WINDOWS\SYSTEM32\DBGHELP.DLL
0x00007fff6f940000 - 0x00007fff6fcce000 	C:\WINDOWS\System32\combase.dll
0x00007fff6fcd0000 - 0x00007fff6fda7000 	C:\WINDOWS\System32\OLEAUT32.dll
0x00007fff5a750000 - 0x00007fff5a782000 	C:\WINDOWS\SYSTEM32\dbgcore.DLL
0x00007fff6ec60000 - 0x00007fff6ecdb000 	C:\WINDOWS\System32\bcryptPrimitives.dll
0x00007fff65a70000 - 0x00007fff65a7f000 	C:\Users\birnst2\.jdks\openjdk-22.0.2\bin\instrument.dll
0x00007fff55f10000 - 0x00007fff55f2e000 	C:\Users\birnst2\.jdks\openjdk-22.0.2\bin\java.dll
0x00007fff70620000 - 0x00007fff70e87000 	C:\WINDOWS\System32\SHELL32.dll
0x00007fff70470000 - 0x00007fff70615000 	C:\WINDOWS\System32\ole32.dll
0x00007fff6c8a0000 - 0x00007fff6d19f000 	C:\WINDOWS\SYSTEM32\windows.storage.dll
0x00007fff6c760000 - 0x00007fff6c89f000 	C:\WINDOWS\SYSTEM32\wintypes.dll
0x00000253a2e20000 - 0x00000253a2f19000 	C:\WINDOWS\System32\SHCORE.dll
0x00007fff6f8e0000 - 0x00007fff6f93e000 	C:\WINDOWS\System32\shlwapi.dll
0x00007fff6ea40000 - 0x00007fff6ea67000 	C:\WINDOWS\SYSTEM32\profapi.dll
0x00007fff01450000 - 0x00007fff01527000 	C:\Users\birnst2\.jdks\openjdk-22.0.2\bin\jsvml.dll
0x00007fff65530000 - 0x00007fff65540000 	C:\Users\birnst2\.jdks\openjdk-22.0.2\bin\net.dll
0x00007fff6dfd0000 - 0x00007fff6e039000 	C:\WINDOWS\system32\mswsock.dll
0x00007fff50170000 - 0x00007fff50186000 	C:\Users\birnst2\.jdks\openjdk-22.0.2\bin\nio.dll
0x00007fff4f2c0000 - 0x00007fff4f2d7000 	C:\Users\birnst2\.jdks\openjdk-22.0.2\bin\zip.dll
0x00007fff59340000 - 0x00007fff5935a000 	C:\Program Files\JetBrains\IntelliJ IDEA Community Edition 2024.2.0.2\bin\breakgen64.dll
0x00000253a2f60000 - 0x00000253a2f63000 	C:\Users\birnst2\.openjfx\cache\22.0.1+7\amd64\api-ms-win-core-console-l1-1-0.dll
0x00000253a2f70000 - 0x00000253a2f73000 	C:\Users\birnst2\.openjfx\cache\22.0.1+7\amd64\api-ms-win-core-console-l1-2-0.dll
0x00000253a2f80000 - 0x00000253a2f83000 	C:\Users\birnst2\.openjfx\cache\22.0.1+7\amd64\api-ms-win-core-datetime-l1-1-0.dll
0x00000253a2f90000 - 0x00000253a2f93000 	C:\Users\birnst2\.openjfx\cache\22.0.1+7\amd64\api-ms-win-core-debug-l1-1-0.dll
0x00000253a2fa0000 - 0x00000253a2fa3000 	C:\Users\birnst2\.openjfx\cache\22.0.1+7\amd64\api-ms-win-core-errorhandling-l1-1-0.dll
0x00000253a2fb0000 - 0x00000253a2fb4000 	C:\Users\birnst2\.openjfx\cache\22.0.1+7\amd64\api-ms-win-core-file-l1-1-0.dll
0x00000253a2fc0000 - 0x00000253a2fc3000 	C:\Users\birnst2\.openjfx\cache\22.0.1+7\amd64\api-ms-win-core-file-l1-2-0.dll
0x00000253a2fd0000 - 0x00000253a2fd3000 	C:\Users\birnst2\.openjfx\cache\22.0.1+7\amd64\api-ms-win-core-file-l2-1-0.dll
0x00000253a2fe0000 - 0x00000253a2fe3000 	C:\Users\birnst2\.openjfx\cache\22.0.1+7\amd64\api-ms-win-core-handle-l1-1-0.dll
0x00000253a2ff0000 - 0x00000253a2ff3000 	C:\Users\birnst2\.openjfx\cache\22.0.1+7\amd64\api-ms-win-core-heap-l1-1-0.dll
0x00000253e4c00000 - 0x00000253e4c03000 	C:\Users\birnst2\.openjfx\cache\22.0.1+7\amd64\api-ms-win-core-interlocked-l1-1-0.dll
0x00000253e4c10000 - 0x00000253e4c13000 	C:\Users\birnst2\.openjfx\cache\22.0.1+7\amd64\api-ms-win-core-libraryloader-l1-1-0.dll
0x00000253e4c20000 - 0x00000253e4c23000 	C:\Users\birnst2\.openjfx\cache\22.0.1+7\amd64\api-ms-win-core-localization-l1-2-0.dll
0x00000253e4c30000 - 0x00000253e4c33000 	C:\Users\birnst2\.openjfx\cache\22.0.1+7\amd64\api-ms-win-core-memory-l1-1-0.dll
0x00000253e4c40000 - 0x00000253e4c43000 	C:\Users\birnst2\.openjfx\cache\22.0.1+7\amd64\api-ms-win-core-namedpipe-l1-1-0.dll
0x00000253e4c50000 - 0x00000253e4c53000 	C:\Users\birnst2\.openjfx\cache\22.0.1+7\amd64\api-ms-win-core-processenvironment-l1-1-0.dll
0x00000253e4c60000 - 0x00000253e4c63000 	C:\Users\birnst2\.openjfx\cache\22.0.1+7\amd64\api-ms-win-core-processthreads-l1-1-0.dll
0x00000253e4c70000 - 0x00000253e4c73000 	C:\Users\birnst2\.openjfx\cache\22.0.1+7\amd64\api-ms-win-core-processthreads-l1-1-1.dll
0x00000253e4c80000 - 0x00000253e4c83000 	C:\Users\birnst2\.openjfx\cache\22.0.1+7\amd64\api-ms-win-core-profile-l1-1-0.dll
0x00000253e4c90000 - 0x00000253e4c93000 	C:\Users\birnst2\.openjfx\cache\22.0.1+7\amd64\api-ms-win-core-rtlsupport-l1-1-0.dll
0x00000253e4ca0000 - 0x00000253e4ca3000 	C:\Users\birnst2\.openjfx\cache\22.0.1+7\amd64\api-ms-win-core-string-l1-1-0.dll
0x00000253e4cb0000 - 0x00000253e4cb3000 	C:\Users\birnst2\.openjfx\cache\22.0.1+7\amd64\api-ms-win-core-synch-l1-1-0.dll
0x00000253e4cc0000 - 0x00000253e4cc3000 	C:\Users\birnst2\.openjfx\cache\22.0.1+7\amd64\api-ms-win-core-synch-l1-2-0.dll
0x00000253e4cd0000 - 0x00000253e4cd3000 	C:\Users\birnst2\.openjfx\cache\22.0.1+7\amd64\api-ms-win-core-sysinfo-l1-1-0.dll
0x00000253e4ce0000 - 0x00000253e4ce3000 	C:\Users\birnst2\.openjfx\cache\22.0.1+7\amd64\api-ms-win-core-timezone-l1-1-0.dll
0x00000253e4cf0000 - 0x00000253e4cf3000 	C:\Users\birnst2\.openjfx\cache\22.0.1+7\amd64\api-ms-win-core-util-l1-1-0.dll
0x00000253e4d00000 - 0x00000253e4d03000 	C:\Users\birnst2\.openjfx\cache\22.0.1+7\amd64\api-ms-win-crt-conio-l1-1-0.dll
0x00000253e4d10000 - 0x00000253e4d14000 	C:\Users\birnst2\.openjfx\cache\22.0.1+7\amd64\api-ms-win-crt-convert-l1-1-0.dll
0x00000253e4d20000 - 0x00000253e4d23000 	C:\Users\birnst2\.openjfx\cache\22.0.1+7\amd64\api-ms-win-crt-environment-l1-1-0.dll
0x00000253e4d30000 - 0x00000253e4d33000 	C:\Users\birnst2\.openjfx\cache\22.0.1+7\amd64\api-ms-win-crt-filesystem-l1-1-0.dll
0x00000253e4d40000 - 0x00000253e4d43000 	C:\Users\birnst2\.openjfx\cache\22.0.1+7\amd64\api-ms-win-crt-heap-l1-1-0.dll
0x00000253e4d50000 - 0x00000253e4d53000 	C:\Users\birnst2\.openjfx\cache\22.0.1+7\amd64\api-ms-win-crt-locale-l1-1-0.dll
0x00000253e4d60000 - 0x00000253e4d65000 	C:\Users\birnst2\.openjfx\cache\22.0.1+7\amd64\api-ms-win-crt-math-l1-1-0.dll
0x00000253e4d70000 - 0x00000253e4d75000 	C:\Users\birnst2\.openjfx\cache\22.0.1+7\amd64\api-ms-win-crt-multibyte-l1-1-0.dll
0x00000253e4d80000 - 0x00000253e4d90000 	C:\Users\birnst2\.openjfx\cache\22.0.1+7\amd64\api-ms-win-crt-private-l1-1-0.dll
0x00000253e4d90000 - 0x00000253e4d93000 	C:\Users\birnst2\.openjfx\cache\22.0.1+7\amd64\api-ms-win-crt-process-l1-1-0.dll
0x00000253e4da0000 - 0x00000253e4da4000 	C:\Users\birnst2\.openjfx\cache\22.0.1+7\amd64\api-ms-win-crt-runtime-l1-1-0.dll
0x00000253e4db0000 - 0x00000253e4db4000 	C:\Users\birnst2\.openjfx\cache\22.0.1+7\amd64\api-ms-win-crt-stdio-l1-1-0.dll
0x00000253e4dc0000 - 0x00000253e4dc4000 	C:\Users\birnst2\.openjfx\cache\22.0.1+7\amd64\api-ms-win-crt-string-l1-1-0.dll
0x00000253e4dd0000 - 0x00000253e4dd3000 	C:\Users\birnst2\.openjfx\cache\22.0.1+7\amd64\api-ms-win-crt-time-l1-1-0.dll
0x00000253e4de0000 - 0x00000253e4de3000 	C:\Users\birnst2\.openjfx\cache\22.0.1+7\amd64\api-ms-win-crt-utility-l1-1-0.dll
0x00007ffefd3d0000 - 0x00007ffefd4cc000 	C:\Users\birnst2\.openjfx\cache\22.0.1+7\amd64\ucrtbase.dll
0x00007fff53520000 - 0x00007fff5353b000 	C:\Users\birnst2\.openjfx\cache\22.0.1+7\amd64\vcruntime140.dll
0x00007fff65640000 - 0x00007fff6564c000 	C:\Users\birnst2\.openjfx\cache\22.0.1+7\amd64\vcruntime140_1.dll
0x00007fff02cc0000 - 0x00007fff02d4e000 	C:\Users\birnst2\.openjfx\cache\22.0.1+7\amd64\msvcp140.dll
0x00007fff655b0000 - 0x00007fff655b9000 	C:\Users\birnst2\.openjfx\cache\22.0.1+7\amd64\msvcp140_1.dll
0x00007fff50460000 - 0x00007fff504a1000 	C:\Users\birnst2\.openjfx\cache\22.0.1+7\amd64\msvcp140_2.dll
0x00007fff4e5b0000 - 0x00007fff4e5e0000 	C:\Users\birnst2\.openjfx\cache\22.0.1+7\amd64\prism_d3d.dll
0x00007ffecb900000 - 0x00007ffecbaa8000 	C:\WINDOWS\system32\d3d9.dll
0x00007fff6aff0000 - 0x00007fff6b01b000 	C:\WINDOWS\SYSTEM32\dwmapi.dll
0x00007fff6b4f0000 - 0x00007fff6b527000 	C:\WINDOWS\SYSTEM32\dxcore.dll
0x00007fff6a9b0000 - 0x00007fff6aa61000 	C:\WINDOWS\system32\uxtheme.dll
0x00007ffefd9d0000 - 0x00007ffefdc46000 	C:\WINDOWS\System32\DriverStore\FileRepository\iigd_dch.inf_amd64_c4d6f796a2bde26e\igdumdim64.dll
0x00007ffe8bbf0000 - 0x00007ffe8d12c000 	C:\WINDOWS\System32\DriverStore\FileRepository\iigd_dch.inf_amd64_c4d6f796a2bde26e\igd9trinity64.dll
0x00007fff6c3c0000 - 0x00007fff6c4b7000 	C:\WINDOWS\system32\dxgi.dll
0x00007fff5f460000 - 0x00007fff5f8a2000 	C:\WINDOWS\System32\DriverStore\FileRepository\iigd_dch.inf_amd64_c4d6f796a2bde26e\igdgmm64.dll
0x00007fff61bc0000 - 0x00007fff61be6000 	C:\WINDOWS\System32\DriverStore\FileRepository\iigd_dch.inf_amd64_c4d6f796a2bde26e\igc64.dll
0x00007fff630e0000 - 0x00007fff63129000 	C:\WINDOWS\SYSTEM32\directxdatabasehelper.dll
0x00007ffe88fd0000 - 0x00007ffe8a4f9000 	C:\WINDOWS\System32\DriverStore\FileRepository\iigd_dch.inf_amd64_c4d6f796a2bde26e\igd9dxva64.dll
0x00007fff70fb0000 - 0x00007fff71424000 	C:\WINDOWS\System32\SETUPAPI.dll
0x00007fff6e780000 - 0x00007fff6e7ce000 	C:\WINDOWS\SYSTEM32\cfgmgr32.dll
0x00007ffed3a90000 - 0x00007ffed57be000 	C:\WINDOWS\System32\DriverStore\FileRepository\iigd_dch.inf_amd64_c4d6f796a2bde26e\media_bin_64.dll
0x00007fff4e4c0000 - 0x00007fff4e505000 	C:\Users\birnst2\.openjfx\cache\22.0.1+7\amd64\glass.dll
0x00007fff6f750000 - 0x00007fff6f84f000 	C:\WINDOWS\System32\COMDLG32.dll
0x00007fff71430000 - 0x00007fff7158e000 	C:\WINDOWS\System32\MSCTF.dll
0x00007fff5b4c0000 - 0x00007fff5f459000 	C:\WINDOWS\System32\DriverStore\FileRepository\iigd_dch.inf_amd64_c4d6f796a2bde26e\igc1464.dll
0x00007ffeb86f0000 - 0x00007ffeb8839000 	C:\WINDOWS\System32\DriverStore\FileRepository\iigd_dch.inf_amd64_c4d6f796a2bde26e\igdml64.dll
0x00007ffef8cc0000 - 0x00007ffef8ce9000 	C:\WINDOWS\System32\DriverStore\FileRepository\iigd_dch.inf_amd64_c4d6f796a2bde26e\igdinfo64.dll
0x00007fff6ffd0000 - 0x00007fff70080000 	C:\WINDOWS\System32\clbcatq.dll
0x00007fff55fc0000 - 0x00007fff56135000 	C:\Windows\System32\Windows.UI.dll
0x00007fff54740000 - 0x00007fff548b5000 	C:\Windows\System32\Windows.UI.Immersive.dll
0x00007fff531e0000 - 0x00007fff531f5000 	C:\Users\birnst2\.openjfx\cache\22.0.1+7\amd64\javafx_font.dll
0x00007fff6bb20000 - 0x00007fff6bd93000 	C:\WINDOWS\SYSTEM32\dwrite.dll
0x00007fff6a7b0000 - 0x00007fff6a961000 	C:\WINDOWS\SYSTEM32\WindowsCodecs.dll
0x00007fff11e00000 - 0x00007fff11e5e000 	C:\WINDOWS\system32\dataexchange.dll

dbghelp: loaded successfully - version: 4.0.5 - missing functions: none
symbol engine: initialized successfully - sym options: 0x614 - pdb path: .;C:\Users\birnst2\.jdks\openjdk-22.0.2\bin;C:\WINDOWS\SYSTEM32;C:\WINDOWS\WinSxS\amd64_microsoft.windows.common-controls_6595b64144ccf1df_6.0.22621.3672_none_2713b9d173822955;\\?\zceVJKonMfQweaeMuuXLAzIMgTyn\GLOBAL??\C:\WINDOWS\system32\tmumh\20019\AddOn\8.55.0.1333;\\?\zceVJKonMfQweaeMuuXLAzIMgTyn\GLOBAL??\C:\WINDOWS\system32\tmumh\20019\TmMon\2.9.0.1176;C:\WINDOWS\System32\TmLWE\TmUmSnsr64\1.0.0.1140;C:\Users\birnst2\.jdks\openjdk-22.0.2\bin\server;C:\Program Files\JetBrains\IntelliJ IDEA Community Edition 2024.2.0.2\bin;C:\Users\birnst2\.openjfx\cache\22.0.1+7\amd64;C:\WINDOWS\System32\DriverStore\FileRepository\iigd_dch.inf_amd64_c4d6f796a2bde26e;C:\Program Files\Common Files\Microsoft Shared\Ink

VM Arguments:
jvm_args: -javaagent:C:\Program Files\JetBrains\IntelliJ IDEA Community Edition 2024.2.0.2\lib\idea_rt.jar=60492:C:\Program Files\JetBrains\IntelliJ IDEA Community Edition 2024.2.0.2\bin -Dfile.encoding=UTF-8 -Dsun.stdout.encoding=UTF-8 -Dsun.stderr.encoding=UTF-8 --module-path=C:\Users\birnst2\.m2\repository\org\openjfx\javafx-base\22.0.1\javafx-base-22.0.1-win.jar;C:\Users\birnst2\.m2\repository\org\openjfx\javafx-fxml\22.0.1\javafx-fxml-22.0.1-win.jar;C:\Users\birnst2\.m2\repository\org\kordamp\bootstrapfx\bootstrapfx-core\0.4.0\bootstrapfx-core-0.4.0.jar;C:\APC\KNAPP\Berufsschule\2LJ Berufsschule\ITL 1-2 JRZ\Aufgabe 7\GUI Hangman\target\classes;C:\Users\birnst2\.m2\repository\org\openjfx\javafx-graphics\22.0.1\javafx-graphics-22.0.1-win.jar;C:\Users\birnst2\.m2\repository\org\openjfx\javafx-controls\22.0.1\javafx-controls-22.0.1-win.jar -Djdk.module.main=hangman.hangman 
java_command: hangman.hangman/hangman.hangman.Main
java_class_path (initial): C:\Users\birnst2\.m2\repository\org\openjfx\javafx-controls\22.0.1\javafx-controls-22.0.1.jar;C:\Users\birnst2\.m2\repository\org\openjfx\javafx-graphics\22.0.1\javafx-graphics-22.0.1.jar;C:\Users\birnst2\.m2\repository\org\openjfx\javafx-base\22.0.1\javafx-base-22.0.1.jar;C:\Users\birnst2\.m2\repository\org\openjfx\javafx-fxml\22.0.1\javafx-fxml-22.0.1.jar
Launcher Type: SUN_STANDARD

[Global flags]
     intx CICompilerCount                          = 12                                        {product} {ergonomic}
     uint ConcGCThreads                            = 3                                         {product} {ergonomic}
     uint G1ConcRefinementThreads                  = 13                                        {product} {ergonomic}
   size_t G1HeapRegionSize                         = 4194304                                   {product} {ergonomic}
   size_t InitialHeapSize                          = 532676608                                 {product} {ergonomic}
   size_t MarkStackSize                            = 4194304                                   {product} {ergonomic}
   size_t MaxHeapSize                              = 8510242816                                {product} {ergonomic}
   size_t MaxNewSize                               = 5104467968                                {product} {ergonomic}
   size_t MinHeapDeltaBytes                        = 4194304                                   {product} {ergonomic}
   size_t MinHeapSize                              = 8388608                                   {product} {ergonomic}
    uintx NonNMethodCodeHeapSize                   = 7602480                                {pd product} {ergonomic}
    uintx NonProfiledCodeHeapSize                  = 122027880                              {pd product} {ergonomic}
    uintx ProfiledCodeHeapSize                     = 122027880                              {pd product} {ergonomic}
    uintx ReservedCodeCacheSize                    = 251658240                              {pd product} {ergonomic}
     bool SegmentedCodeCache                       = true                                      {product} {ergonomic}
   size_t SoftMaxHeapSize                          = 8510242816                             {manageable} {ergonomic}
     bool UseCompressedOops                        = true                           {product lp64_product} {ergonomic}
     bool UseG1GC                                  = true                                      {product} {ergonomic}
     bool UseLargePagesIndividualAllocation        = false                                  {pd product} {ergonomic}

Logging:
Log output configuration:
 #0: stdout all=off uptime,level,tags foldmultilines=false
 #1: stderr all=off uptime,level,tags foldmultilines=false

Environment Variables:
JAVA_HOME=C:\Program Files\JDK
PATH=C:\Program Files (x86)\Common Files\Oracle\Java\java8path;C:\Program Files (x86)\Common Files\Oracle\Java\javapath;C:\WINDOWS\system32;C:\WINDOWS;C:\WINDOWS\System32\Wbem;C:\WINDOWS\System32\WindowsPowerShell\v1.0\;C:\WINDOWS\System32\OpenSSH\;C:\Program Files\PuTTY\;C:\Program Files\dotnet\;C:\Program Files (x86)\Java\jre6\bin\;C:\ProgramData\chocolatey\bin;C:\Program Files (x86)\Windows Kits\10\Windows Performance Toolkit\;C:\Program Files\Apache\Maven\bin;C:\Program Files\JDK;C:\Program Files\nodejs\;C:\Users\birnst2\flutter\bin;C:\Users\birnst2\AppData\Local\Programs\Python\Python38\Scripts\;C:\Users\birnst2\AppData\Local\Programs\Python\Python38\;C:\Users\birnst2\AppData\Local\Microsoft\WindowsApps;C:\Users\birnst2\AppData\Local\Programs\Microsoft VS Code\bin;C:\Users\birnst2\AppData\Local\GitHubDesktop\bin;C:\Users\birnst2\AppData\Local\Programs\Git\cmd;C:\Users\birnst2\AppData\Roaming\npm;C:\Program Files\Apache\Maven\bin;C:\Program Files\JDK;C:\Users\birnst2\.dotnet\tools;
USERNAME=birnst2
OS=Windows_NT
PROCESSOR_IDENTIFIER=Intel64 Family 6 Model 186 Stepping 2, GenuineIntel
TMP=C:\Users\birnst2\AppData\Local\Temp
TEMP=C:\Users\birnst2\AppData\Local\Temp




Periodic native trim disabled

---------------  S Y S T E M  ---------------

OS:
 Windows 11 , 64 bit Build 22621 (10.0.22621.3958)
OS uptime: 3 days 5:05 hours
Hyper-V role detected

CPU: total 16 (initial active 16) (8 cores per cpu, 2 threads per core) family 6 model 186 stepping 2 microcode 0x4114, cx8, cmov, fxsr, ht, mmx, 3dnowpref, sse, sse2, sse3, ssse3, sse4.1, sse4.2, popcnt, lzcnt, tsc, tscinvbit, avx, avx2, aes, erms, clmul, bmi1, bmi2, adx, sha, fma, vzeroupper, clflush, clflushopt, clwb, hv, serialize, rdtscp, rdpid, fsrm, f16c, cet_ibt, cet_ss
Processor Information for processor 0
  Max Mhz: 1900, Current Mhz: 1900, Mhz Limit: 1900
Processor Information for processor 1
  Max Mhz: 1900, Current Mhz: 1900, Mhz Limit: 1900
Processor Information for processor 2
  Max Mhz: 1900, Current Mhz: 1900, Mhz Limit: 1900
Processor Information for processor 3
  Max Mhz: 1900, Current Mhz: 1900, Mhz Limit: 1900
Processor Information for processor 4
  Max Mhz: 1900, Current Mhz: 1900, Mhz Limit: 1900
Processor Information for processor 5
  Max Mhz: 1900, Current Mhz: 1900, Mhz Limit: 1900
Processor Information for processor 6
  Max Mhz: 1900, Current Mhz: 1900, Mhz Limit: 1900
Processor Information for processor 7
  Max Mhz: 1900, Current Mhz: 1900, Mhz Limit: 1900
Processor Information for processor 8
  Max Mhz: 1900, Current Mhz: 1400, Mhz Limit: 1387
Processor Information for processor 9
  Max Mhz: 1900, Current Mhz: 1400, Mhz Limit: 1387
Processor Information for processor 10
  Max Mhz: 1900, Current Mhz: 1400, Mhz Limit: 1387
Processor Information for processor 11
  Max Mhz: 1900, Current Mhz: 1400, Mhz Limit: 1387
Processor Information for processor 12
  Max Mhz: 1900, Current Mhz: 1400, Mhz Limit: 1387
Processor Information for processor 13
  Max Mhz: 1900, Current Mhz: 1400, Mhz Limit: 1387
Processor Information for processor 14
  Max Mhz: 1900, Current Mhz: 1400, Mhz Limit: 1387
Processor Information for processor 15
  Max Mhz: 1900, Current Mhz: 1400, Mhz Limit: 1387

Memory: 4k page, system-wide physical 32452M (15246M free)
TotalPageFile size 37316M (AvailPageFile size 13731M)
current process WorkingSet (physical memory assigned to process): 526M, peak: 552M
current process commit charge ("private bytes"): 1028M, peak: 1052M

vm_info: OpenJDK 64-Bit Server VM (22.0.2+9-70) for windows-amd64 JRE (22.0.2+9-70), built on 2024-06-04T16:52:23Z by "mach5one" with MS VC++ 17.6 (VS2022)

END.
