#
# A fatal error has been detected by the Java Runtime Environment:
#
#  EXCEPTION_ACCESS_VIOLATION (0xc0000005) at pc=0x00007ffc102682d7, pid=27408, tid=30556
#
# JRE version: OpenJDK Runtime Environment (22.0.2+9) (build 22.0.2+9-70)
# Java VM: OpenJDK 64-Bit Server VM (22.0.2+9-70, mixed mode, sharing, tiered, compressed oops, compressed class ptrs, g1 gc, windows-amd64)
# Problematic frame:
# C  [glass.dll+0x282d7]
#
# No core dump will be written. Minidumps are not enabled by default on client versions of Windows
#
# If you would like to submit a bug report, please visit:
#   https://bugreport.java.com/bugreport/crash.jsp
#

---------------  S U M M A R Y ------------

Command Line: -javaagent:C:\Program Files\JetBrains\IntelliJ IDEA Community Edition 2024.2.0.2\lib\idea_rt.jar=64634:C:\Program Files\JetBrains\IntelliJ IDEA Community Edition 2024.2.0.2\bin -Dfile.encoding=UTF-8 -Dsun.stdout.encoding=UTF-8 -Dsun.stderr.encoding=UTF-8 --module-path=C:\Users\birnst2\.m2\repository\org\openjfx\javafx-fxml\22.0.1\javafx-fxml-22.0.1-win.jar;C:\Users\birnst2\.m2\repository\org\kordamp\bootstrapfx\bootstrapfx-core\0.4.0\bootstrapfx-core-0.4.0.jar;C:\Users\birnst2\.m2\repository\org\openjfx\javafx-graphics\22.0.1\javafx-graphics-22.0.1-win.jar;C:\Users\birnst2\.m2\repository\org\openjfx\javafx-controls\22.0.1\javafx-controls-22.0.1-win.jar;C:\Users\birnst2\.m2\repository\org\openjfx\javafx-base\22.0.1\javafx-base-22.0.1-win.jar;C:\APC\KNAPP\Berufsschule\2LJ Berufsschule\ITL 1-2 JRZ\Aufgabe 7\GUI Hangman\target\classes -Djdk.module.main=hangman.hangman hangman.hangman/hangman.hangman.Main

Host: 13th Gen Intel(R) Core(TM) i5-1350P, 16 cores, 31G,  Windows 11 , 64 bit Build 22621 (10.0.22621.3958)
Time: Fri Oct 18 10:35:55 2024 Mitteleuropäische Sommerzeit elapsed time: 102.160337 seconds (0d 0h 1m 42s)

---------------  T H R E A D  ---------------

Current thread (0x000001d3502d55d0):  VMThread "VM Thread"          [id=30556, stack(0x0000003adbf00000,0x0000003adc000000) (1024K)]

Stack: [0x0000003adbf00000,0x0000003adc000000],  sp=0x0000003adbffef50,  free space=1019k
Native frames: (J=compiled Java code, j=interpreted, Vv=VM code, C=native code)
C  [glass.dll+0x282d7]  (no source info available)
C  [ucrtbase.dll+0x53a93]  (no source info available)
C  [ucrtbase.dll+0x2042e]  (no source info available)
C  [ucrtbase.dll+0x1dddd]  (no source info available)
C  [glass.dll+0x25a6d]  (no source info available)
C  [glass.dll+0x25b92]  (no source info available)
C  [ntdll.dll+0x28b5f]  (no source info available)
C  [ntdll.dll+0x51566]  (no source info available)
C  [ntdll.dll+0x5115d]  (no source info available)
C  [KERNEL32.DLL+0x17fab]  (no source info available)
C  [ucrtbase.dll+0x1bed8]  (no source info available)
C  [ucrtbase.dll+0x1c099]  (no source info available)
V  [jvm.dll+0x6db87b]  (no source info available)
V  [jvm.dll+0x6db3b0]  (no source info available)
V  [jvm.dll+0x3e2314]  (no source info available)
V  [jvm.dll+0x87e0f0]  (no source info available)
V  [jvm.dll+0x87f477]  (no source info available)
V  [jvm.dll+0x87f9f0]  (no source info available)
V  [jvm.dll+0x87fc93]  (no source info available)
V  [jvm.dll+0x81dc0b]  (no source info available)
V  [jvm.dll+0x6e0d85]  (no source info available)
C  [ucrtbase.dll+0x29333]  (no source info available)
C  [KERNEL32.DLL+0x1257d]  (no source info available)
C  [ntdll.dll+0x5af08]  (no source info available)


siginfo: EXCEPTION_ACCESS_VIOLATION (0xc0000005), reading address 0x0000000000000000


Registers:
RAX=0x0000000000000000, RBX=0x000001d3502e5b02, RCX=0x000001d3502d55d0, RDX=0x0000003adbffef50
RSP=0x0000003adbffef50, RBP=0x000001d3a3d9e1a8, RSI=0x0000003adbfff058, RDI=0x000001d3a3d9e180
R8 =0x0000000000010002, R9 =0x000001d3a3d9e180, R10=0x85f13e9656da4870, R11=0x0000003adbffeee0
R12=0x00007ffc10265be0, R13=0x00007ffb8d7c4a60, R14=0x0000e49508829b6b, R15=0x000001d3a3d9e180
RIP=0x00007ffc102682d7, EFLAGS=0x0000000000010206


Register to memory mapping:

RAX=0x0 is null
RBX=0x000001d3502e5b02 is a global jni handle
RCX=0x000001d3502d55d0 points into unknown readable memory: 0x00007ffb8d5c5060 | 60 50 5c 8d fb 7f 00 00
RDX=0x0000003adbffef50 points into unknown readable memory: 0x0000000000000000 | 00 00 00 00 00 00 00 00
RSP=0x0000003adbffef50 points into unknown readable memory: 0x0000000000000000 | 00 00 00 00 00 00 00 00
RBP=0x000001d3a3d9e1a8 points into unknown readable memory: 0x0000e49508829b6b | 6b 9b 82 08 95 e4 00 00
RSI=0x0000003adbfff058 points into unknown readable memory: 0x0000003adbfff040 | 40 f0 ff db 3a 00 00 00
RDI=0x000001d3a3d9e180 points into unknown readable memory: 0x32b724950b7d7bea | ea 7b 7d 0b 95 24 b7 32
R8 =0x0000000000010002 is an unknown value
R9 =0x000001d3a3d9e180 points into unknown readable memory: 0x32b724950b7d7bea | ea 7b 7d 0b 95 24 b7 32
R10=0x85f13e9656da4870 is an unknown value
R11=0x0000003adbffeee0 points into unknown readable memory: 0x000001d3a3d9e180 | 80 e1 d9 a3 d3 01 00 00
R12=0x00007ffc10265be0 glass.dll
R13=0x00007ffb8d7c4a60 jvm.dll
R14=0x0000e49508829b6b is an unknown value
R15=0x000001d3a3d9e180 points into unknown readable memory: 0x32b724950b7d7bea | ea 7b 7d 0b 95 24 b7 32

Top of Stack: (sp=0x0000003adbffef50)
0x0000003adbffef50:   0000000000000000 0000003adbfff058
0x0000003adbffef60:   00007ffb8d7c4a60 00007ffc10265be0
0x0000003adbffef70:   000001d3a3d9e188 00007ffc2bcd3a93
0x0000003adbffef80:   000001d3a3d9e180 000001d300000000
0x0000003adbffef90:   000001d3a3d9e1a8 0000003adbfff058
0x0000003adbffefa0:   fffffffffffffffe 0000000000000000
0x0000003adbffefb0:   0000000000000001 00007ffc10240000
0x0000003adbffefc0:   0000003adbfff048 00007ffc2bca042e
0x0000003adbffefd0:   0000000000000000 0000003adbfff058
0x0000003adbffefe0:   0000003adbfff340 0000000000000001
0x0000003adbffeff0:   0000000000000001 00007ffc2bc9dddd
0x0000003adbfff000:   0000000000000000 00007ffc102653d9
0x0000003adbfff010:   0000000000000000 0000003adbfff048
0x0000003adbfff020:   fffffffffffffffe 0000000000000001
0x0000003adbfff030:   0000000000000000 00007ffc10265a6d
0x0000003adbfff040:   00007ffc1027d078 00007ffc00000002
0x0000003adbfff050:   0000000000000002 0000003adbfff040
0x0000003adbfff060:   0000000000000000 00007ffc2e878ac3
0x0000003adbfff070:   0000000000000000 00007ffc10265b92
0x0000003adbfff080:   0000000000000001 0000000000000001
0x0000003adbfff090:   0000000000000001 00007ffbe7111ec7
0x0000003adbfff0a0:   0000000000000001 00007ffc2b302223
0x0000003adbfff0b0:   00007ffc00000001 0000000000000000
0x0000003adbfff0c0:   00007ffc10240000 000000007ffe0384
0x0000003adbfff0d0:   0000000000000000 00007ffc2e878b5f
0x0000003adbfff0e0:   00007ffc10240000 0000000000000000
0x0000003adbfff0f0:   0000000000000001 000000007ffe0385
0x0000003adbfff100:   00007ffc2e987940 00007ffc0b0562a0
0x0000003adbfff110:   00008ecaf3cc1b00 00007ffc097c0000
0x0000003adbfff120:   00007ffc10265be0 0000000000000000
0x0000003adbfff130:   0000000000000000 0000003adb30e000
0x0000003adbfff140:   000001d3a3b802d0 00007ffc2e8a1566 

Instructions: (pc=0x00007ffc102682d7)
0x00007ffc102681d7:   8b 4d 58 e8 49 cf ff ff 48 8b 4d 60 e8 40 cf ff
0x00007ffc102681e7:   ff 48 8b 95 80 00 00 00 48 8b 8d 18 01 00 00 e8
0x00007ffc102681f7:   26 c5 ff ff 33 d2 33 c9 e8 8c e1 ff ff 90 48 89
0x00007ffc10268207:   54 24 10 55 48 83 ec 20 48 8b ea 48 b8 00 00 00
0x00007ffc10268217:   00 00 00 00 00 48 83 c4 20 5d c3 cc 40 55 48 8b
0x00007ffc10268227:   ea 48 8b 01 33 c9 81 38 05 00 00 c0 0f 94 c1 8b
0x00007ffc10268237:   c1 5d c3 cc 40 55 48 83 ec 20 48 8b ea 8a 4d 40
0x00007ffc10268247:   48 83 c4 20 5d e9 33 d3 ff ff cc 40 55 48 83 ec
0x00007ffc10268257:   20 48 8b ea 8a 4d 20 e8 21 d3 ff ff 90 48 83 c4
0x00007ffc10268267:   20 5d c3 cc 40 55 48 83 ec 20 48 8b ea 48 83 c4
0x00007ffc10268277:   20 5d e9 82 d1 ff ff cc 40 55 48 83 ec 30 48 8b
0x00007ffc10268287:   ea 48 8b 01 8b 10 48 89 4c 24 28 89 54 24 20 4c
0x00007ffc10268297:   8d 0d 23 d6 ff ff 4c 8b 45 70 8b 55 68 48 8b 4d
0x00007ffc102682a7:   60 e8 c3 d0 ff ff 90 48 83 c4 30 5d c3 cc cc cc
0x00007ffc102682b7:   cc cc cc cc cc cc cc cc cc 40 53 48 83 ec 20 48
0x00007ffc102682c7:   8b 1d 6b 47 01 00 48 85 db 74 16 e8 39 90 ff ff
0x00007ffc102682d7:   4c 8b 00 48 8b d3 48 8b c8 41 ff 90 b0 00 00 00
0x00007ffc102682e7:   90 48 83 c4 20 5b c3 cc cc 40 53 48 83 ec 20 48
0x00007ffc102682f7:   8b 1d ab 48 01 00 48 85 db 74 57 b8 ff ff ff ff
0x00007ffc10268307:   f0 0f c1 43 10 83 f8 01 75 3d 48 85 db 74 38 48
0x00007ffc10268317:   8b 0b 48 85 c9 74 0d ff 15 8c 0f 00 00 48 c7 03
0x00007ffc10268327:   00 00 00 00 48 8b 4b 08 48 85 c9 74 0d e8 ef cd
0x00007ffc10268337:   ff ff 48 c7 43 08 00 00 00 00 ba 18 00 00 00 48
0x00007ffc10268347:   8b cb e8 da cd ff ff 48 c7 05 4f 48 01 00 00 00
0x00007ffc10268357:   00 00 48 83 c4 20 5b c3 cc 40 53 48 83 ec 20 48
0x00007ffc10268367:   8b 1d 1b 48 01 00 48 85 db 74 57 b8 ff ff ff ff
0x00007ffc10268377:   f0 0f c1 43 10 83 f8 01 75 3d 48 85 db 74 38 48
0x00007ffc10268387:   8b 0b 48 85 c9 74 0d ff 15 1c 0f 00 00 48 c7 03
0x00007ffc10268397:   00 00 00 00 48 8b 4b 08 48 85 c9 74 0d e8 7f cd
0x00007ffc102683a7:   ff ff 48 c7 43 08 00 00 00 00 ba 18 00 00 00 48
0x00007ffc102683b7:   8b cb e8 6a cd ff ff 48 c7 05 bf 47 01 00 00 00
0x00007ffc102683c7:   00 00 48 83 c4 20 5b c3 cc 40 53 48 83 ec 20 48 


Stack slot to memory mapping:

stack at sp + 0 slots: 0x0 is null
stack at sp + 1 slots: 0x0000003adbfff058 points into unknown readable memory: 0x0000003adbfff040 | 40 f0 ff db 3a 00 00 00
stack at sp + 2 slots: 0x00007ffb8d7c4a60 jvm.dll
stack at sp + 3 slots: 0x00007ffc10265be0 glass.dll
stack at sp + 4 slots: 0x000001d3a3d9e188 points into unknown readable memory: 0x0000e49508829b6b | 6b 9b 82 08 95 e4 00 00
stack at sp + 5 slots: 0x00007ffc2bcd3a93 ucrtbase.dll
stack at sp + 6 slots: 0x000001d3a3d9e180 points into unknown readable memory: 0x32b724950b7d7bea | ea 7b 7d 0b 95 24 b7 32
stack at sp + 7 slots: 0x000001d300000000 is an unknown value

VM_Operation (0x0000003adcefbc90): Exit, mode: safepoint, requested by thread 0x000001d3a3e1bde0


---------------  P R O C E S S  ---------------

Threads class SMR info:
_java_thread_list=0x000001d3a9ec5280, length=19, elements={
0x000001d3385660f0, 0x000001d3502ee910, 0x000001d35d0b85e0, 0x000001d35d0bdc60,
0x000001d35d0bed50, 0x000001d35d0c9a00, 0x000001d35d0cfea0, 0x000001d35d0d3180,
0x000001d35d0d3d60, 0x000001d35d2a53b0, 0x000001d3a32f3900, 0x000001d3a3767960,
0x000001d3a3741ac0, 0x000001d3a3de5ba0, 0x000001d3a3e1bde0, 0x000001d3a9a96950,
0x000001d3a9a96fc0, 0x000001d3aa184a80, 0x000001d3aa1843f0
}

Java Threads: ( => current thread )
  0x000001d3385660f0 JavaThread "main"                              [_thread_blocked, id=14896, stack(0x0000003adb800000,0x0000003adb900000) (1024K)]
  0x000001d3502ee910 JavaThread "Reference Handler"          daemon [_thread_blocked, id=2796, stack(0x0000003adc000000,0x0000003adc100000) (1024K)]
  0x000001d35d0b85e0 JavaThread "Finalizer"                  daemon [_thread_blocked, id=9720, stack(0x0000003adc100000,0x0000003adc200000) (1024K)]
  0x000001d35d0bdc60 JavaThread "Signal Dispatcher"          daemon [_thread_blocked, id=15320, stack(0x0000003adc200000,0x0000003adc300000) (1024K)]
  0x000001d35d0bed50 JavaThread "Attach Listener"            daemon [_thread_blocked, id=27684, stack(0x0000003adc300000,0x0000003adc400000) (1024K)]
  0x000001d35d0c9a00 JavaThread "Service Thread"             daemon [_thread_blocked, id=13108, stack(0x0000003adc400000,0x0000003adc500000) (1024K)]
  0x000001d35d0cfea0 JavaThread "Monitor Deflation Thread"   daemon [_thread_blocked, id=22380, stack(0x0000003adc500000,0x0000003adc600000) (1024K)]
  0x000001d35d0d3180 JavaThread "C2 CompilerThread0"         daemon [_thread_blocked, id=4364, stack(0x0000003adc600000,0x0000003adc700000) (1024K)]
  0x000001d35d0d3d60 JavaThread "C1 CompilerThread0"         daemon [_thread_blocked, id=18348, stack(0x0000003adc700000,0x0000003adc800000) (1024K)]
  0x000001d35d2a53b0 JavaThread "Common-Cleaner"             daemon [_thread_blocked, id=28512, stack(0x0000003adca00000,0x0000003adcb00000) (1024K)]
  0x000001d3a32f3900 JavaThread "Monitor Ctrl-Break"         daemon [_thread_in_native, id=3936, stack(0x0000003add100000,0x0000003add200000) (1024K)]
  0x000001d3a3767960 JavaThread "Notification Thread"        daemon [_thread_blocked, id=19448, stack(0x0000003add200000,0x0000003add300000) (1024K)]
  0x000001d3a3741ac0 JavaThread "QuantumRenderer-0"          daemon [_thread_blocked, id=26088, stack(0x0000003adcc00000,0x0000003adcd00000) (1024K)]
  0x000001d3a3de5ba0 JavaThread "InvokeLaterDispatcher"      daemon [_thread_blocked, id=26084, stack(0x0000003adcd00000,0x0000003adce00000) (1024K)]
  0x000001d3a3e1bde0 JavaThread "JavaFX Application Thread"         [_thread_blocked, id=5708, stack(0x0000003adce00000,0x0000003adcf00000) (1024K)]
  0x000001d3a9a96950 JavaThread "JavaFX-Launcher"                   [_thread_blocked, id=14436, stack(0x0000003ade600000,0x0000003ade700000) (1024K)]
  0x000001d3a9a96fc0 JavaThread "Thread-2"                   daemon [_thread_in_native, id=20432, stack(0x0000003ade500000,0x0000003ade600000) (1024K)]
  0x000001d3aa184a80 JavaThread "Prism Font Disposer"        daemon [_thread_blocked, id=30468, stack(0x0000003adf200000,0x0000003adf300000) (1024K)]
  0x000001d3aa1843f0 JavaThread "Cleaner-0"                  daemon [_thread_blocked, id=16852, stack(0x0000003adf400000,0x0000003adf500000) (1024K)]
Total: 19

Other Threads:
=>0x000001d3502d55d0 VMThread "VM Thread"                           [id=30556, stack(0x0000003adbf00000,0x0000003adc000000) (1024K)]
  0x000001d350170390 WorkerThread "GC Thread#0"                     [id=15692, stack(0x0000003adb900000,0x0000003adba00000) (1024K)]
  0x000001d3a9b523c0 WorkerThread "GC Thread#1"                     [id=23132, stack(0x0000003ade700000,0x0000003ade800000) (1024K)]
  0x000001d3a9b52770 WorkerThread "GC Thread#2"                     [id=23536, stack(0x0000003ade800000,0x0000003ade900000) (1024K)]
  0x000001d3a9b5fea0 WorkerThread "GC Thread#3"                     [id=30344, stack(0x0000003ade900000,0x0000003adea00000) (1024K)]
  0x000001d3a9aacea0 WorkerThread "GC Thread#4"                     [id=30392, stack(0x0000003adea00000,0x0000003adeb00000) (1024K)]
  0x000001d3a9b4c1b0 WorkerThread "GC Thread#5"                     [id=23884, stack(0x0000003adeb00000,0x0000003adec00000) (1024K)]
  0x000001d3a9b4d7d0 WorkerThread "GC Thread#6"                     [id=22096, stack(0x0000003adec00000,0x0000003aded00000) (1024K)]
  0x000001d3a9b4be00 WorkerThread "GC Thread#7"                     [id=30564, stack(0x0000003aded00000,0x0000003adee00000) (1024K)]
  0x000001d3a9b4d420 WorkerThread "GC Thread#8"                     [id=24732, stack(0x0000003adee00000,0x0000003adef00000) (1024K)]
  0x000001d3a9b4d070 WorkerThread "GC Thread#9"                     [id=25472, stack(0x0000003adef00000,0x0000003adf000000) (1024K)]
  0x000001d3a9b4c560 WorkerThread "GC Thread#10"                    [id=24304, stack(0x0000003adf000000,0x0000003adf100000) (1024K)]
  0x000001d3a9b4c910 WorkerThread "GC Thread#11"                    [id=28632, stack(0x0000003adf100000,0x0000003adf200000) (1024K)]
  0x000001d3aa3e1670 WorkerThread "GC Thread#12"                    [id=11632, stack(0x0000003adf300000,0x0000003adf400000) (1024K)]
  0x000001d3385a0320 ConcurrentGCThread "G1 Main Marker"            terminated
  0x000001d3385a0df0 WorkerThread "G1 Conc#0"                       [id=4520, stack(0x0000003adbb00000,0x0000003adbc00000) (1024K)]
  0x000001d3502150d0 ConcurrentGCThread "G1 Refine#0"               terminated
  0x000001d350215a60 ConcurrentGCThread "G1 Service"                terminated
Total: 18

Threads with active compile tasks:
Total: 0

VM state: at safepoint (shutting down)

VM Mutex/Monitor currently owned by a thread:  ([mutex/lock_event])
[0x00007ffb8d79cb80] Threads_lock - owner thread: 0x000001d3502d55d0
[0x00007ffb8d79cc80] Heap_lock - owner thread: 0x000001d3a3e1bde0

Heap address: 0x0000000604c00000, size: 8116 MB, Compressed Oops mode: Zero based, Oop shift amount: 3

CDS archive(s) mapped at: [0x000001d35e000000-0x000001d35ec60000-0x000001d35ec60000), size 12976128, SharedBaseAddress: 0x000001d35e000000, ArchiveRelocationMode: 1.
Compressed class space mapped at: 0x000001d35f000000-0x000001d39f000000, reserved size: 1073741824
Narrow klass base: 0x000001d35e000000, Narrow klass shift: 0, Narrow klass range: 0x41000000

GC Precious Log:
 CardTable entry size: 512
 Card Set container configuration: InlinePtr #cards 4 size 8 Array Of Cards #cards 32 size 80 Howl #buckets 8 coarsen threshold 7372 Howl Bitmap #cards 1024 size 144 coarsen threshold 921 Card regions per heap region 1 cards per card region 8192
 CPUs: 16 total, 16 available
 Memory: 32452M
 Large Page Support: Disabled
 NUMA Support: Disabled
 Compressed Oops: Enabled (Zero based)
 Heap Region Size: 4M
 Heap Min Capacity: 8M
 Heap Initial Capacity: 508M
 Heap Max Capacity: 8116M
 Pre-touch: Disabled
 Parallel Workers: 13
 Concurrent Workers: 3
 Concurrent Refinement Workers: 13
 Periodic GC: Disabled

Heap:
 garbage-first heap   total reserved 8310784K, committed 520192K, used 70337K [0x0000000604c00000, 0x0000000800000000)
  region size 4096K, 19 young (77824K), 2 survivors (8192K)
 Metaspace       used 20678K, committed 21056K, reserved 1114112K
  class space    used 3074K, committed 3264K, reserved 1048576K

Heap Regions: E=young(eden), S=young(survivor), O=old, HS=humongous(starts), HC=humongous(continues), CS=collection set, F=free, TAMS=top-at-mark-start, PB=parsable bottom
|   0|0x0000000604c00000, 0x0000000604cb0700, 0x0000000605000000| 17%| O|  |TAMS 0x0000000604c00000| PB 0x0000000604c00000| Untracked |  0
|   1|0x0000000605000000, 0x0000000605000000, 0x0000000605400000|  0%| F|  |TAMS 0x0000000605000000| PB 0x0000000605000000| Untracked |  0
|   2|0x0000000605400000, 0x0000000605400000, 0x0000000605800000|  0%| F|  |TAMS 0x0000000605400000| PB 0x0000000605400000| Untracked |  0
|   3|0x0000000605800000, 0x0000000605800000, 0x0000000605c00000|  0%| F|  |TAMS 0x0000000605800000| PB 0x0000000605800000| Untracked |  0
|   4|0x0000000605c00000, 0x0000000605c00000, 0x0000000606000000|  0%| F|  |TAMS 0x0000000605c00000| PB 0x0000000605c00000| Untracked |  0
|   5|0x0000000606000000, 0x0000000606000000, 0x0000000606400000|  0%| F|  |TAMS 0x0000000606000000| PB 0x0000000606000000| Untracked |  0
|   6|0x0000000606400000, 0x0000000606400000, 0x0000000606800000|  0%| F|  |TAMS 0x0000000606400000| PB 0x0000000606400000| Untracked |  0
|   7|0x0000000606800000, 0x0000000606800000, 0x0000000606c00000|  0%| F|  |TAMS 0x0000000606800000| PB 0x0000000606800000| Untracked |  0
|   8|0x0000000606c00000, 0x0000000606c00000, 0x0000000607000000|  0%| F|  |TAMS 0x0000000606c00000| PB 0x0000000606c00000| Untracked |  0
|   9|0x0000000607000000, 0x0000000607000000, 0x0000000607400000|  0%| F|  |TAMS 0x0000000607000000| PB 0x0000000607000000| Untracked |  0
|  10|0x0000000607400000, 0x0000000607400000, 0x0000000607800000|  0%| F|  |TAMS 0x0000000607400000| PB 0x0000000607400000| Untracked |  0
|  11|0x0000000607800000, 0x0000000607800000, 0x0000000607c00000|  0%| F|  |TAMS 0x0000000607800000| PB 0x0000000607800000| Untracked |  0
|  12|0x0000000607c00000, 0x0000000607c00000, 0x0000000608000000|  0%| F|  |TAMS 0x0000000607c00000| PB 0x0000000607c00000| Untracked |  0
|  13|0x0000000608000000, 0x0000000608000000, 0x0000000608400000|  0%| F|  |TAMS 0x0000000608000000| PB 0x0000000608000000| Untracked |  0
|  14|0x0000000608400000, 0x0000000608400000, 0x0000000608800000|  0%| F|  |TAMS 0x0000000608400000| PB 0x0000000608400000| Untracked |  0
|  15|0x0000000608800000, 0x0000000608800000, 0x0000000608c00000|  0%| F|  |TAMS 0x0000000608800000| PB 0x0000000608800000| Untracked |  0
|  16|0x0000000608c00000, 0x0000000608c00000, 0x0000000609000000|  0%| F|  |TAMS 0x0000000608c00000| PB 0x0000000608c00000| Untracked |  0
|  17|0x0000000609000000, 0x0000000609000000, 0x0000000609400000|  0%| F|  |TAMS 0x0000000609000000| PB 0x0000000609000000| Untracked |  0
|  18|0x0000000609400000, 0x0000000609400000, 0x0000000609800000|  0%| F|  |TAMS 0x0000000609400000| PB 0x0000000609400000| Untracked |  0
|  19|0x0000000609800000, 0x0000000609800000, 0x0000000609c00000|  0%| F|  |TAMS 0x0000000609800000| PB 0x0000000609800000| Untracked |  0
|  20|0x0000000609c00000, 0x0000000609c00000, 0x000000060a000000|  0%| F|  |TAMS 0x0000000609c00000| PB 0x0000000609c00000| Untracked |  0
|  21|0x000000060a000000, 0x000000060a000000, 0x000000060a400000|  0%| F|  |TAMS 0x000000060a000000| PB 0x000000060a000000| Untracked |  0
|  22|0x000000060a400000, 0x000000060a400000, 0x000000060a800000|  0%| F|  |TAMS 0x000000060a400000| PB 0x000000060a400000| Untracked |  0
|  23|0x000000060a800000, 0x000000060a800000, 0x000000060ac00000|  0%| F|  |TAMS 0x000000060a800000| PB 0x000000060a800000| Untracked |  0
|  24|0x000000060ac00000, 0x000000060ac00000, 0x000000060b000000|  0%| F|  |TAMS 0x000000060ac00000| PB 0x000000060ac00000| Untracked |  0
|  25|0x000000060b000000, 0x000000060b000000, 0x000000060b400000|  0%| F|  |TAMS 0x000000060b000000| PB 0x000000060b000000| Untracked |  0
|  26|0x000000060b400000, 0x000000060b400000, 0x000000060b800000|  0%| F|  |TAMS 0x000000060b400000| PB 0x000000060b400000| Untracked |  0
|  27|0x000000060b800000, 0x000000060b800000, 0x000000060bc00000|  0%| F|  |TAMS 0x000000060b800000| PB 0x000000060b800000| Untracked |  0
|  28|0x000000060bc00000, 0x000000060bc00000, 0x000000060c000000|  0%| F|  |TAMS 0x000000060bc00000| PB 0x000000060bc00000| Untracked |  0
|  29|0x000000060c000000, 0x000000060c000000, 0x000000060c400000|  0%| F|  |TAMS 0x000000060c000000| PB 0x000000060c000000| Untracked |  0
|  30|0x000000060c400000, 0x000000060c400000, 0x000000060c800000|  0%| F|  |TAMS 0x000000060c400000| PB 0x000000060c400000| Untracked |  0
|  31|0x000000060c800000, 0x000000060c800000, 0x000000060cc00000|  0%| F|  |TAMS 0x000000060c800000| PB 0x000000060c800000| Untracked |  0
|  32|0x000000060cc00000, 0x000000060cc00000, 0x000000060d000000|  0%| F|  |TAMS 0x000000060cc00000| PB 0x000000060cc00000| Untracked |  0
|  33|0x000000060d000000, 0x000000060d000000, 0x000000060d400000|  0%| F|  |TAMS 0x000000060d000000| PB 0x000000060d000000| Untracked |  0
|  34|0x000000060d400000, 0x000000060d400000, 0x000000060d800000|  0%| F|  |TAMS 0x000000060d400000| PB 0x000000060d400000| Untracked |  0
|  35|0x000000060d800000, 0x000000060d800000, 0x000000060dc00000|  0%| F|  |TAMS 0x000000060d800000| PB 0x000000060d800000| Untracked |  0
|  36|0x000000060dc00000, 0x000000060dc00000, 0x000000060e000000|  0%| F|  |TAMS 0x000000060dc00000| PB 0x000000060dc00000| Untracked |  0
|  37|0x000000060e000000, 0x000000060e000000, 0x000000060e400000|  0%| F|  |TAMS 0x000000060e000000| PB 0x000000060e000000| Untracked |  0
|  38|0x000000060e400000, 0x000000060e400000, 0x000000060e800000|  0%| F|  |TAMS 0x000000060e400000| PB 0x000000060e400000| Untracked |  0
|  39|0x000000060e800000, 0x000000060e800000, 0x000000060ec00000|  0%| F|  |TAMS 0x000000060e800000| PB 0x000000060e800000| Untracked |  0
|  40|0x000000060ec00000, 0x000000060ec00000, 0x000000060f000000|  0%| F|  |TAMS 0x000000060ec00000| PB 0x000000060ec00000| Untracked |  0
|  41|0x000000060f000000, 0x000000060f000000, 0x000000060f400000|  0%| F|  |TAMS 0x000000060f000000| PB 0x000000060f000000| Untracked |  0
|  42|0x000000060f400000, 0x000000060f400000, 0x000000060f800000|  0%| F|  |TAMS 0x000000060f400000| PB 0x000000060f400000| Untracked |  0
|  43|0x000000060f800000, 0x000000060f800000, 0x000000060fc00000|  0%| F|  |TAMS 0x000000060f800000| PB 0x000000060f800000| Untracked |  0
|  44|0x000000060fc00000, 0x000000060fc00000, 0x0000000610000000|  0%| F|  |TAMS 0x000000060fc00000| PB 0x000000060fc00000| Untracked |  0
|  45|0x0000000610000000, 0x0000000610000000, 0x0000000610400000|  0%| F|  |TAMS 0x0000000610000000| PB 0x0000000610000000| Untracked |  0
|  46|0x0000000610400000, 0x0000000610400000, 0x0000000610800000|  0%| F|  |TAMS 0x0000000610400000| PB 0x0000000610400000| Untracked |  0
|  47|0x0000000610800000, 0x0000000610800000, 0x0000000610c00000|  0%| F|  |TAMS 0x0000000610800000| PB 0x0000000610800000| Untracked |  0
|  48|0x0000000610c00000, 0x0000000610c00000, 0x0000000611000000|  0%| F|  |TAMS 0x0000000610c00000| PB 0x0000000610c00000| Untracked |  0
|  49|0x0000000611000000, 0x0000000611000000, 0x0000000611400000|  0%| F|  |TAMS 0x0000000611000000| PB 0x0000000611000000| Untracked |  0
|  50|0x0000000611400000, 0x0000000611400000, 0x0000000611800000|  0%| F|  |TAMS 0x0000000611400000| PB 0x0000000611400000| Untracked |  0
|  51|0x0000000611800000, 0x0000000611800000, 0x0000000611c00000|  0%| F|  |TAMS 0x0000000611800000| PB 0x0000000611800000| Untracked |  0
|  52|0x0000000611c00000, 0x0000000611c00000, 0x0000000612000000|  0%| F|  |TAMS 0x0000000611c00000| PB 0x0000000611c00000| Untracked |  0
|  53|0x0000000612000000, 0x0000000612000000, 0x0000000612400000|  0%| F|  |TAMS 0x0000000612000000| PB 0x0000000612000000| Untracked |  0
|  54|0x0000000612400000, 0x0000000612400000, 0x0000000612800000|  0%| F|  |TAMS 0x0000000612400000| PB 0x0000000612400000| Untracked |  0
|  55|0x0000000612800000, 0x0000000612800000, 0x0000000612c00000|  0%| F|  |TAMS 0x0000000612800000| PB 0x0000000612800000| Untracked |  0
|  56|0x0000000612c00000, 0x0000000612c00000, 0x0000000613000000|  0%| F|  |TAMS 0x0000000612c00000| PB 0x0000000612c00000| Untracked |  0
|  57|0x0000000613000000, 0x0000000613000000, 0x0000000613400000|  0%| F|  |TAMS 0x0000000613000000| PB 0x0000000613000000| Untracked |  0
|  58|0x0000000613400000, 0x0000000613400000, 0x0000000613800000|  0%| F|  |TAMS 0x0000000613400000| PB 0x0000000613400000| Untracked |  0
|  59|0x0000000613800000, 0x0000000613800000, 0x0000000613c00000|  0%| F|  |TAMS 0x0000000613800000| PB 0x0000000613800000| Untracked |  0
|  60|0x0000000613c00000, 0x0000000613c00000, 0x0000000614000000|  0%| F|  |TAMS 0x0000000613c00000| PB 0x0000000613c00000| Untracked |  0
|  61|0x0000000614000000, 0x0000000614000000, 0x0000000614400000|  0%| F|  |TAMS 0x0000000614000000| PB 0x0000000614000000| Untracked |  0
|  62|0x0000000614400000, 0x0000000614400000, 0x0000000614800000|  0%| F|  |TAMS 0x0000000614400000| PB 0x0000000614400000| Untracked |  0
|  63|0x0000000614800000, 0x0000000614800000, 0x0000000614c00000|  0%| F|  |TAMS 0x0000000614800000| PB 0x0000000614800000| Untracked |  0
|  64|0x0000000614c00000, 0x0000000614c00000, 0x0000000615000000|  0%| F|  |TAMS 0x0000000614c00000| PB 0x0000000614c00000| Untracked |  0
|  65|0x0000000615000000, 0x0000000615000000, 0x0000000615400000|  0%| F|  |TAMS 0x0000000615000000| PB 0x0000000615000000| Untracked |  0
|  66|0x0000000615400000, 0x0000000615400000, 0x0000000615800000|  0%| F|  |TAMS 0x0000000615400000| PB 0x0000000615400000| Untracked |  0
|  67|0x0000000615800000, 0x0000000615800000, 0x0000000615c00000|  0%| F|  |TAMS 0x0000000615800000| PB 0x0000000615800000| Untracked |  0
|  68|0x0000000615c00000, 0x0000000615c00000, 0x0000000616000000|  0%| F|  |TAMS 0x0000000615c00000| PB 0x0000000615c00000| Untracked |  0
|  69|0x0000000616000000, 0x0000000616000000, 0x0000000616400000|  0%| F|  |TAMS 0x0000000616000000| PB 0x0000000616000000| Untracked |  0
|  70|0x0000000616400000, 0x0000000616400000, 0x0000000616800000|  0%| F|  |TAMS 0x0000000616400000| PB 0x0000000616400000| Untracked |  0
|  71|0x0000000616800000, 0x0000000616800000, 0x0000000616c00000|  0%| F|  |TAMS 0x0000000616800000| PB 0x0000000616800000| Untracked |  0
|  72|0x0000000616c00000, 0x0000000616c00000, 0x0000000617000000|  0%| F|  |TAMS 0x0000000616c00000| PB 0x0000000616c00000| Untracked |  0
|  73|0x0000000617000000, 0x0000000617000000, 0x0000000617400000|  0%| F|  |TAMS 0x0000000617000000| PB 0x0000000617000000| Untracked |  0
|  74|0x0000000617400000, 0x0000000617400000, 0x0000000617800000|  0%| F|  |TAMS 0x0000000617400000| PB 0x0000000617400000| Untracked |  0
|  75|0x0000000617800000, 0x0000000617800000, 0x0000000617c00000|  0%| F|  |TAMS 0x0000000617800000| PB 0x0000000617800000| Untracked |  0
|  76|0x0000000617c00000, 0x0000000617c00000, 0x0000000618000000|  0%| F|  |TAMS 0x0000000617c00000| PB 0x0000000617c00000| Untracked |  0
|  77|0x0000000618000000, 0x0000000618000000, 0x0000000618400000|  0%| F|  |TAMS 0x0000000618000000| PB 0x0000000618000000| Untracked |  0
|  78|0x0000000618400000, 0x0000000618400000, 0x0000000618800000|  0%| F|  |TAMS 0x0000000618400000| PB 0x0000000618400000| Untracked |  0
|  79|0x0000000618800000, 0x0000000618800000, 0x0000000618c00000|  0%| F|  |TAMS 0x0000000618800000| PB 0x0000000618800000| Untracked |  0
|  80|0x0000000618c00000, 0x0000000618c00000, 0x0000000619000000|  0%| F|  |TAMS 0x0000000618c00000| PB 0x0000000618c00000| Untracked |  0
|  81|0x0000000619000000, 0x0000000619000000, 0x0000000619400000|  0%| F|  |TAMS 0x0000000619000000| PB 0x0000000619000000| Untracked |  0
|  82|0x0000000619400000, 0x0000000619400000, 0x0000000619800000|  0%| F|  |TAMS 0x0000000619400000| PB 0x0000000619400000| Untracked |  0
|  83|0x0000000619800000, 0x0000000619800000, 0x0000000619c00000|  0%| F|  |TAMS 0x0000000619800000| PB 0x0000000619800000| Untracked |  0
|  84|0x0000000619c00000, 0x0000000619c00000, 0x000000061a000000|  0%| F|  |TAMS 0x0000000619c00000| PB 0x0000000619c00000| Untracked |  0
|  85|0x000000061a000000, 0x000000061a000000, 0x000000061a400000|  0%| F|  |TAMS 0x000000061a000000| PB 0x000000061a000000| Untracked |  0
|  86|0x000000061a400000, 0x000000061a400000, 0x000000061a800000|  0%| F|  |TAMS 0x000000061a400000| PB 0x000000061a400000| Untracked |  0
|  87|0x000000061a800000, 0x000000061a800000, 0x000000061ac00000|  0%| F|  |TAMS 0x000000061a800000| PB 0x000000061a800000| Untracked |  0
|  88|0x000000061ac00000, 0x000000061ac00000, 0x000000061b000000|  0%| F|  |TAMS 0x000000061ac00000| PB 0x000000061ac00000| Untracked |  0
|  89|0x000000061b000000, 0x000000061b000000, 0x000000061b400000|  0%| F|  |TAMS 0x000000061b000000| PB 0x000000061b000000| Untracked |  0
|  90|0x000000061b400000, 0x000000061b400000, 0x000000061b800000|  0%| F|  |TAMS 0x000000061b400000| PB 0x000000061b400000| Untracked |  0
|  91|0x000000061b800000, 0x000000061b800000, 0x000000061bc00000|  0%| F|  |TAMS 0x000000061b800000| PB 0x000000061b800000| Untracked |  0
|  92|0x000000061bc00000, 0x000000061bc00000, 0x000000061c000000|  0%| F|  |TAMS 0x000000061bc00000| PB 0x000000061bc00000| Untracked |  0
|  93|0x000000061c000000, 0x000000061c000000, 0x000000061c400000|  0%| F|  |TAMS 0x000000061c000000| PB 0x000000061c000000| Untracked |  0
|  94|0x000000061c400000, 0x000000061c400000, 0x000000061c800000|  0%| F|  |TAMS 0x000000061c400000| PB 0x000000061c400000| Untracked |  0
|  95|0x000000061c800000, 0x000000061c800000, 0x000000061cc00000|  0%| F|  |TAMS 0x000000061c800000| PB 0x000000061c800000| Untracked |  0
|  96|0x000000061cc00000, 0x000000061cc00000, 0x000000061d000000|  0%| F|  |TAMS 0x000000061cc00000| PB 0x000000061cc00000| Untracked |  0
|  97|0x000000061d000000, 0x000000061d000000, 0x000000061d400000|  0%| F|  |TAMS 0x000000061d000000| PB 0x000000061d000000| Untracked |  0
|  98|0x000000061d400000, 0x000000061d400000, 0x000000061d800000|  0%| F|  |TAMS 0x000000061d400000| PB 0x000000061d400000| Untracked |  0
|  99|0x000000061d800000, 0x000000061d800000, 0x000000061dc00000|  0%| F|  |TAMS 0x000000061d800000| PB 0x000000061d800000| Untracked |  0
| 100|0x000000061dc00000, 0x000000061dc00000, 0x000000061e000000|  0%| F|  |TAMS 0x000000061dc00000| PB 0x000000061dc00000| Untracked |  0
| 101|0x000000061e000000, 0x000000061e000000, 0x000000061e400000|  0%| F|  |TAMS 0x000000061e000000| PB 0x000000061e000000| Untracked |  0
| 102|0x000000061e400000, 0x000000061e400000, 0x000000061e800000|  0%| F|  |TAMS 0x000000061e400000| PB 0x000000061e400000| Untracked |  0
| 103|0x000000061e800000, 0x000000061e800000, 0x000000061ec00000|  0%| F|  |TAMS 0x000000061e800000| PB 0x000000061e800000| Untracked |  0
| 104|0x000000061ec00000, 0x000000061ec00000, 0x000000061f000000|  0%| F|  |TAMS 0x000000061ec00000| PB 0x000000061ec00000| Untracked |  0
| 105|0x000000061f000000, 0x000000061f000000, 0x000000061f400000|  0%| F|  |TAMS 0x000000061f000000| PB 0x000000061f000000| Untracked |  0
| 106|0x000000061f400000, 0x000000061f400000, 0x000000061f800000|  0%| F|  |TAMS 0x000000061f400000| PB 0x000000061f400000| Untracked |  0
| 107|0x000000061f800000, 0x000000061f800000, 0x000000061fc00000|  0%| F|  |TAMS 0x000000061f800000| PB 0x000000061f800000| Untracked |  0
| 108|0x000000061fc00000, 0x000000061fca3dc0, 0x0000000620000000| 16%| E|  |TAMS 0x000000061fc00000| PB 0x000000061fc00000| Complete |  0
| 109|0x0000000620000000, 0x0000000620400000, 0x0000000620400000|100%| E|CS|TAMS 0x0000000620000000| PB 0x0000000620000000| Complete |  0
| 110|0x0000000620400000, 0x0000000620800000, 0x0000000620800000|100%| E|CS|TAMS 0x0000000620400000| PB 0x0000000620400000| Complete |  0
| 111|0x0000000620800000, 0x0000000620c00000, 0x0000000620c00000|100%| S|CS|TAMS 0x0000000620800000| PB 0x0000000620800000| Complete |  0
| 112|0x0000000620c00000, 0x0000000621000000, 0x0000000621000000|100%| S|CS|TAMS 0x0000000620c00000| PB 0x0000000620c00000| Complete |  0
| 113|0x0000000621000000, 0x0000000621400000, 0x0000000621400000|100%| E|  |TAMS 0x0000000621000000| PB 0x0000000621000000| Complete |  0
| 114|0x0000000621400000, 0x0000000621800000, 0x0000000621800000|100%| E|CS|TAMS 0x0000000621400000| PB 0x0000000621400000| Complete |  0
| 115|0x0000000621800000, 0x0000000621c00000, 0x0000000621c00000|100%| E|CS|TAMS 0x0000000621800000| PB 0x0000000621800000| Complete |  0
| 116|0x0000000621c00000, 0x0000000622000000, 0x0000000622000000|100%| E|CS|TAMS 0x0000000621c00000| PB 0x0000000621c00000| Complete |  0
| 117|0x0000000622000000, 0x0000000622400000, 0x0000000622400000|100%| E|CS|TAMS 0x0000000622000000| PB 0x0000000622000000| Complete |  0
| 118|0x0000000622400000, 0x0000000622800000, 0x0000000622800000|100%| E|CS|TAMS 0x0000000622400000| PB 0x0000000622400000| Complete |  0
| 119|0x0000000622800000, 0x0000000622c00000, 0x0000000622c00000|100%| E|CS|TAMS 0x0000000622800000| PB 0x0000000622800000| Complete |  0
| 120|0x0000000622c00000, 0x0000000623000000, 0x0000000623000000|100%| E|CS|TAMS 0x0000000622c00000| PB 0x0000000622c00000| Complete |  0
| 121|0x0000000623000000, 0x0000000623400000, 0x0000000623400000|100%| E|CS|TAMS 0x0000000623000000| PB 0x0000000623000000| Complete |  0
| 122|0x0000000623400000, 0x0000000623800000, 0x0000000623800000|100%| E|CS|TAMS 0x0000000623400000| PB 0x0000000623400000| Complete |  0
| 123|0x0000000623800000, 0x0000000623c00000, 0x0000000623c00000|100%| E|CS|TAMS 0x0000000623800000| PB 0x0000000623800000| Complete |  0
| 124|0x0000000623c00000, 0x0000000624000000, 0x0000000624000000|100%| E|CS|TAMS 0x0000000623c00000| PB 0x0000000623c00000| Complete |  0
| 125|0x0000000624000000, 0x0000000624400000, 0x0000000624400000|100%| E|CS|TAMS 0x0000000624000000| PB 0x0000000624000000| Complete |  0
| 126|0x0000000624400000, 0x0000000624800000, 0x0000000624800000|100%| E|CS|TAMS 0x0000000624400000| PB 0x0000000624400000| Complete |  0

Card table byte_map: [0x000001d3512d0000,0x000001d3522b0000] _byte_map_base: 0x000001d34e2aa000

Marking Bits: (CMBitMap*) 0x000001d33858eee0
 Bits: [0x000001d3522b0000, 0x000001d35a180000)

Polling page: 0x000001d337ce0000

Metaspace:

Usage:
  Non-class:     17.19 MB used.
      Class:      3.00 MB used.
       Both:     20.19 MB used.

Virtual space:
  Non-class space:       64.00 MB reserved,      17.38 MB ( 27%) committed,  1 nodes.
      Class space:        1.00 GB reserved,       3.19 MB ( <1%) committed,  1 nodes.
             Both:        1.06 GB reserved,      20.56 MB (  2%) committed. 

Chunk freelists:
   Non-Class:  14.41 MB
       Class:  12.79 MB
        Both:  27.20 MB

MaxMetaspaceSize: unlimited
CompressedClassSpaceSize: 1.00 GB
Initial GC threshold: 21.00 MB
Current GC threshold: 21.00 MB
CDS: on
 - commit_granule_bytes: 65536.
 - commit_granule_words: 8192.
 - virtual_space_node_default_size: 8388608.
 - enlarge_chunks_in_place: 1.
 - use_allocation_guard: 0.


Internal statistics:

num_allocs_failed_limit: 0.
num_arena_births: 424.
num_arena_deaths: 0.
num_vsnodes_births: 2.
num_vsnodes_deaths: 0.
num_space_committed: 329.
num_space_uncommitted: 0.
num_chunks_returned_to_freelist: 0.
num_chunks_taken_from_freelist: 1109.
num_chunk_merges: 0.
num_chunk_splits: 745.
num_chunks_enlarged: 529.
num_inconsistent_stats: 0.

CodeHeap 'non-profiled nmethods': size=119168Kb used=2494Kb max_used=2494Kb free=116674Kb
 bounds [0x000001d348400000, 0x000001d348670000, 0x000001d34f860000]
CodeHeap 'profiled nmethods': size=119104Kb used=11598Kb max_used=11598Kb free=107505Kb
 bounds [0x000001d340860000, 0x000001d3413c0000, 0x000001d347cb0000]
CodeHeap 'non-nmethods': size=7488Kb used=1855Kb max_used=3557Kb free=5632Kb
 bounds [0x000001d347cb0000, 0x000001d348030000, 0x000001d348400000]
 total_blobs=6227 nmethods=5372 adapters=759
 compilation: enabled
              stopped_count=0, restarted_count=0
 full_count=0

Compilation events (20 events):
Event: 99.911 Thread 0x000001d35d9e0610 nmethod 5356 0x000001d3413b0c10 code [0x000001d3413b0da0, 0x000001d3413b0f80]
Event: 99.911 Thread 0x000001d35d0d3d60 nmethod 5355 0x000001d3413b1090 code [0x000001d3413b1280, 0x000001d3413b1598]
Event: 99.914 Thread 0x000001d35d9e0610 5357       3       com.sun.javafx.sg.prism.NGNode::computeRenderRoot (12 bytes)
Event: 99.914 Thread 0x000001d35d9e0610 nmethod 5357 0x000001d3413b1690 code [0x000001d3413b1840, 0x000001d3413b1978]
Event: 101.328 Thread 0x000001d35d0d3d60 5358       3       javafx.scene.control.SkinBase$$Lambda/0x000001d35f237dc8::handle (8 bytes)
Event: 101.328 Thread 0x000001d35d0d3d60 nmethod 5358 0x000001d3413b1a10 code [0x000001d3413b1bc0, 0x000001d3413b1ee8]
Event: 101.328 Thread 0x000001d35d0d3d60 5359       3       javafx.scene.control.SkinBase::lambda$static$1 (5 bytes)
Event: 101.328 Thread 0x000001d35d0d3d60 nmethod 5359 0x000001d3413b2010 code [0x000001d3413b21a0, 0x000001d3413b2370]
Event: 101.404 Thread 0x000001d35d0d3d60 5360       3       com.sun.prism.impl.BaseGraphics::scale (28 bytes)
Event: 101.405 Thread 0x000001d35d0d3d60 nmethod 5360 0x000001d3413b2490 code [0x000001d3413b2680, 0x000001d3413b28d8]
Event: 101.702 Thread 0x000001d35d0d3d60 5363       3       java.lang.invoke.LambdaForm::methodType (48 bytes)
Event: 101.702 Thread 0x000001d35d0d3d60 nmethod 5363 0x000001d3413b2a10 code [0x000001d3413b2c00, 0x000001d3413b31e0]
Event: 101.707 Thread 0x000001d35d0d3180 5370       4       java.util.ImmutableCollections$SetN::hashCode (46 bytes)
Event: 101.709 Thread 0x000001d35d0d3180 nmethod 5370 0x000001d34866ed90 code [0x000001d34866ef20, 0x000001d34866f0b8]
Event: 101.709 Thread 0x000001d35d0d3180 5371       4       javafx.beans.property.ObjectPropertyBase::isBound (13 bytes)
Event: 101.709 Thread 0x000001d35d0d3180 nmethod 5371 0x000001d34866f210 code [0x000001d34866f380, 0x000001d34866f410]
Event: 101.762 Thread 0x000001d35d0d3d60 5372       1       java.util.logging.LogManager$LoggerContext::getOwner (5 bytes)
Event: 101.762 Thread 0x000001d35d0d3d60 nmethod 5372 0x000001d34866f510 code [0x000001d34866f6a0, 0x000001d34866f770]
Event: 101.763 Thread 0x000001d35d0d3d60 5373       3       java.lang.invoke.MemberName$Factory::resolveOrNull (54 bytes)
Event: 101.764 Thread 0x000001d35d0d3d60 nmethod 5373 0x000001d3413b3490 code [0x000001d3413b3660, 0x000001d3413b3900]

GC Heap History (4 events):
Event: 1.818 GC heap before
{Heap before GC invocations=0 (full 0):
 garbage-first heap   total reserved 8310784K, committed 520192K, used 20480K [0x0000000604c00000, 0x0000000800000000)
  region size 4096K, 6 young (24576K), 0 survivors (0K)
 Metaspace       used 4699K, committed 4928K, reserved 1114112K
  class space    used 509K, committed 640K, reserved 1048576K
}
Event: 1.821 GC heap after
{Heap after GC invocations=1 (full 0):
 garbage-first heap   total reserved 8310784K, committed 520192K, used 2613K [0x0000000604c00000, 0x0000000800000000)
  region size 4096K, 1 young (4096K), 1 survivors (4096K)
 Metaspace       used 4699K, committed 4928K, reserved 1114112K
  class space    used 509K, committed 640K, reserved 1048576K
}
Event: 2.628 GC heap before
{Heap before GC invocations=1 (full 0):
 garbage-first heap   total reserved 8310784K, committed 520192K, used 51765K [0x0000000604c00000, 0x0000000800000000)
  region size 4096K, 14 young (57344K), 1 survivors (4096K)
 Metaspace       used 14481K, committed 14848K, reserved 1114112K
  class space    used 2128K, committed 2304K, reserved 1048576K
}
Event: 2.632 GC heap after
{Heap after GC invocations=2 (full 0):
 garbage-first heap   total reserved 8310784K, committed 520192K, used 8897K [0x0000000604c00000, 0x0000000800000000)
  region size 4096K, 2 young (8192K), 2 survivors (8192K)
 Metaspace       used 14481K, committed 14848K, reserved 1114112K
  class space    used 2128K, committed 2304K, reserved 1048576K
}

Dll operation events (20 events):
Event: 0.966 Loaded shared library C:\Users\birnst2\.openjfx\cache\22.0.1+7\amd64\api-ms-win-crt-locale-l1-1-0.dll
Event: 0.980 Loaded shared library C:\Users\birnst2\.openjfx\cache\22.0.1+7\amd64\api-ms-win-crt-math-l1-1-0.dll
Event: 0.993 Loaded shared library C:\Users\birnst2\.openjfx\cache\22.0.1+7\amd64\api-ms-win-crt-multibyte-l1-1-0.dll
Event: 1.008 Loaded shared library C:\Users\birnst2\.openjfx\cache\22.0.1+7\amd64\api-ms-win-crt-private-l1-1-0.dll
Event: 1.026 Loaded shared library C:\Users\birnst2\.openjfx\cache\22.0.1+7\amd64\api-ms-win-crt-process-l1-1-0.dll
Event: 1.041 Loaded shared library C:\Users\birnst2\.openjfx\cache\22.0.1+7\amd64\api-ms-win-crt-runtime-l1-1-0.dll
Event: 1.055 Loaded shared library C:\Users\birnst2\.openjfx\cache\22.0.1+7\amd64\api-ms-win-crt-stdio-l1-1-0.dll
Event: 1.075 Loaded shared library C:\Users\birnst2\.openjfx\cache\22.0.1+7\amd64\api-ms-win-crt-string-l1-1-0.dll
Event: 1.089 Loaded shared library C:\Users\birnst2\.openjfx\cache\22.0.1+7\amd64\api-ms-win-crt-time-l1-1-0.dll
Event: 1.101 Loaded shared library C:\Users\birnst2\.openjfx\cache\22.0.1+7\amd64\api-ms-win-crt-utility-l1-1-0.dll
Event: 1.132 Loaded shared library C:\Users\birnst2\.openjfx\cache\22.0.1+7\amd64\ucrtbase.dll
Event: 1.153 Loaded shared library C:\Users\birnst2\.openjfx\cache\22.0.1+7\amd64\vcruntime140.dll
Event: 1.170 Loaded shared library C:\Users\birnst2\.openjfx\cache\22.0.1+7\amd64\vcruntime140_1.dll
Event: 1.201 Loaded shared library C:\Users\birnst2\.openjfx\cache\22.0.1+7\amd64\msvcp140.dll
Event: 1.215 Loaded shared library C:\Users\birnst2\.openjfx\cache\22.0.1+7\amd64\msvcp140_1.dll
Event: 1.236 Loaded shared library C:\Users\birnst2\.openjfx\cache\22.0.1+7\amd64\msvcp140_2.dll
Event: 1.316 Loaded shared library C:\Users\birnst2\.openjfx\cache\22.0.1+7\amd64\prism_d3d.dll
Event: 1.597 Loaded shared library C:\Users\birnst2\.openjfx\cache\22.0.1+7\amd64\glass.dll
Event: 1.835 Loaded shared library C:\Users\birnst2\.jdks\openjdk-22.0.2\bin\jimage.dll
Event: 2.191 Loaded shared library C:\Users\birnst2\.openjfx\cache\22.0.1+7\amd64\javafx_font.dll

Deoptimization events (20 events):
Event: 99.361 Thread 0x000001d3a3e1bde0 Uncommon trap: trap_request=0xffffffd6 fr.pc=0x000001d3486629f0 relative=0x0000000000005e50
Event: 99.361 Thread 0x000001d3a3e1bde0 Uncommon trap: reason=array_check action=maybe_recompile pc=0x000001d3486629f0 method=javafx.scene.layout.GridPane.computeGridMetrics()V @ 471 c2
Event: 99.361 Thread 0x000001d3a3e1bde0 DEOPT PACKING pc=0x000001d3486629f0 sp=0x0000003adcefe040
Event: 99.361 Thread 0x000001d3a3e1bde0 DEOPT UNPACKING pc=0x000001d347d046a2 sp=0x0000003adcefe030 mode 2
Event: 99.531 Thread 0x000001d3a3e1bde0 Uncommon trap: trap_request=0xffffffd6 fr.pc=0x000001d3486629f0 relative=0x0000000000005e50
Event: 99.532 Thread 0x000001d3a3e1bde0 Uncommon trap: reason=array_check action=maybe_recompile pc=0x000001d3486629f0 method=javafx.scene.layout.GridPane.computeGridMetrics()V @ 471 c2
Event: 99.532 Thread 0x000001d3a3e1bde0 DEOPT PACKING pc=0x000001d3486629f0 sp=0x0000003adcefe040
Event: 99.532 Thread 0x000001d3a3e1bde0 DEOPT UNPACKING pc=0x000001d347d046a2 sp=0x0000003adcefe030 mode 2
Event: 99.676 Thread 0x000001d3a3e1bde0 Uncommon trap: trap_request=0xffffffd6 fr.pc=0x000001d3486629f0 relative=0x0000000000005e50
Event: 99.676 Thread 0x000001d3a3e1bde0 Uncommon trap: reason=array_check action=maybe_recompile pc=0x000001d3486629f0 method=javafx.scene.layout.GridPane.computeGridMetrics()V @ 471 c2
Event: 99.676 Thread 0x000001d3a3e1bde0 DEOPT PACKING pc=0x000001d3486629f0 sp=0x0000003adcefe040
Event: 99.676 Thread 0x000001d3a3e1bde0 DEOPT UNPACKING pc=0x000001d347d046a2 sp=0x0000003adcefe030 mode 2
Event: 99.900 Thread 0x000001d3a9a96fc0 Uncommon trap: trap_request=0xffffff45 fr.pc=0x000001d3486043d8 relative=0x0000000000001078
Event: 99.900 Thread 0x000001d3a9a96fc0 Uncommon trap: reason=unstable_if action=reinterpret pc=0x000001d3486043d8 method=com.sun.javafx.tk.quantum.QuantumToolkit.postPulse()V @ 98 c2
Event: 99.900 Thread 0x000001d3a9a96fc0 DEOPT PACKING pc=0x000001d3486043d8 sp=0x0000003ade5ff6f0
Event: 99.900 Thread 0x000001d3a9a96fc0 DEOPT UNPACKING pc=0x000001d347d046a2 sp=0x0000003ade5ff6d8 mode 2
Event: 101.762 Thread 0x000001d3aa185e30 Uncommon trap: trap_request=0xffffffcc fr.pc=0x000001d348606db8 relative=0x00000000000001f8
Event: 101.762 Thread 0x000001d3aa185e30 Uncommon trap: reason=intrinsic_or_type_checked_inlining action=make_not_entrant pc=0x000001d348606db8 method=java.util.Arrays.copyOf([Ljava/lang/Object;ILjava/lang/Class;)[Ljava/lang/Object; @ 35 c2
Event: 101.762 Thread 0x000001d3aa185e30 DEOPT PACKING pc=0x000001d348606db8 sp=0x0000003adb4ff0c0
Event: 101.762 Thread 0x000001d3aa185e30 DEOPT UNPACKING pc=0x000001d347d046a2 sp=0x0000003adb4ff068 mode 2

Classes loaded (20 events):
Event: 2.875 Loading class java/nio/DirectFloatBufferU
Event: 2.875 Loading class java/nio/DirectFloatBufferU done
Event: 2.992 Loading class java/util/concurrent/ConcurrentLinkedQueue
Event: 2.992 Loading class java/util/concurrent/ConcurrentLinkedQueue done
Event: 2.992 Loading class java/util/concurrent/ConcurrentLinkedQueue$Node
Event: 2.992 Loading class java/util/concurrent/ConcurrentLinkedQueue$Node done
Event: 2.993 Loading class jdk/internal/ref/CleanerImpl$InnocuousThreadFactory
Event: 2.993 Loading class jdk/internal/ref/CleanerImpl$InnocuousThreadFactory done
Event: 2.997 Loading class sun/misc/Unsafe
Event: 2.997 Loading class sun/misc/Unsafe done
Event: 2.997 Loading class java/lang/invoke/DirectMethodHandle$StaticAccessor
Event: 2.997 Loading class java/lang/invoke/DirectMethodHandle$StaticAccessor done
Event: 47.669 Loading class java/util/EnumMap$Values
Event: 47.669 Loading class java/util/EnumMap$Values done
Event: 47.669 Loading class java/util/EnumMap$ValueIterator
Event: 47.669 Loading class java/util/EnumMap$EnumMapIterator
Event: 47.669 Loading class java/util/EnumMap$EnumMapIterator done
Event: 47.669 Loading class java/util/EnumMap$ValueIterator done
Event: 59.733 Loading class java/io/UnsupportedEncodingException
Event: 59.733 Loading class java/io/UnsupportedEncodingException done

Classes unloaded (0 events):
No events

Classes redefined (0 events):
No events

Internal exceptions (20 events):
Event: 2.315 Thread 0x000001d3a3e1bde0 Exception <a 'java/lang/NoSuchMethodError'{0x000000062225a138}: 'int java.lang.invoke.DirectMethodHandle$Holder.invokeSpecial(java.lang.Object, java.lang.Object, java.lang.Object, int)'> (0x000000062225a138) 
thrown [s\open\src\hotspot\share\interpreter\linkResolver.cpp, line 774]
Event: 2.315 Thread 0x000001d3a3e1bde0 Exception <a 'java/lang/NoSuchMethodError'{0x0000000622264360}: 'void java.lang.invoke.DelegatingMethodHandle$Holder.reinvoke_L(java.lang.Object, java.lang.Object, int)'> (0x0000000622264360) 
thrown [s\open\src\hotspot\share\interpreter\linkResolver.cpp, line 774]
Event: 2.336 Thread 0x000001d3a3e1bde0 Exception <a 'java/lang/NoSuchMethodError'{0x00000006222fedf0}: 'java.lang.Object java.lang.invoke.DirectMethodHandle$Holder.newInvokeSpecial(java.lang.Object, double)'> (0x00000006222fedf0) 
thrown [s\open\src\hotspot\share\interpreter\linkResolver.cpp, line 774]
Event: 2.425 Thread 0x000001d3a3e1bde0 Exception <a 'java/lang/NoSuchMethodError'{0x0000000621a34590}: 'java.lang.Object java.lang.invoke.DirectMethodHandle$Holder.newInvokeSpecial(java.lang.Object, java.lang.Object, int)'> (0x0000000621a34590) 
thrown [s\open\src\hotspot\share\interpreter\linkResolver.cpp, line 774]
Event: 2.591 Thread 0x000001d3a3e1bde0 Exception <a 'java/io/FileNotFoundException'{0x0000000621065588}> (0x0000000621065588) 
thrown [s\open\src\hotspot\share\prims\jni.cpp, line 520]
Event: 2.626 Thread 0x000001d3a3e1bde0 Exception <a 'java/lang/IncompatibleClassChangeError'{0x00000006213e4e48}: Found class java.lang.Object, but interface was expected> (0x00000006213e4e48) 
thrown [s\open\src\hotspot\share\interpreter\linkResolver.cpp, line 841]
Event: 2.654 Thread 0x000001d3a3e1bde0 Exception <a 'java/lang/ClassNotFoundException'{0x00000006246eac38}: com/sun/javafx/scene/control/skin/resources/controls> (0x00000006246eac38) 
thrown [s\open\src\hotspot\share\prims\jni.cpp, line 539]
Event: 2.655 Thread 0x000001d3a3e1bde0 Exception <a 'java/lang/ClassNotFoundException'{0x00000006246f8e18}: com/sun/javafx/scene/control/skin/resources/controls_de> (0x00000006246f8e18) 
thrown [s\open\src\hotspot\share\prims\jni.cpp, line 539]
Event: 2.655 Thread 0x000001d3a3e1bde0 Exception <a 'java/lang/ClassNotFoundException'{0x0000000624706898}: com/sun/javafx/scene/control/skin/resources/controls_de_DE> (0x0000000624706898) 
thrown [s\open\src\hotspot\share\prims\jni.cpp, line 539]
Event: 2.669 Thread 0x000001d3a3e1bde0 Exception <a 'java/lang/NoSuchMethodError'{0x000000062407ba38}: 'void java.lang.invoke.DirectMethodHandle$Holder.invokeSpecial(java.lang.Object, java.lang.Object, java.lang.Object, java.lang.Object, java.lang.Object, java.lang.Object)'> (0x000000062407ba38) 
thrown [s\open\src\hotspot\share\interpreter\linkResolver.cpp, line 774]
Event: 2.733 Thread 0x000001d3a3e1bde0 Exception <a 'java/lang/NoSuchMethodError'{0x00000006238d4d18}: 'int java.lang.invoke.DirectMethodHandle$Holder.invokeSpecial(java.lang.Object, java.lang.Object, int)'> (0x00000006238d4d18) 
thrown [s\open\src\hotspot\share\interpreter\linkResolver.cpp, line 774]
Event: 2.849 Thread 0x000001d3a3741ac0 Exception <a 'java/lang/NoSuchMethodError'{0x000000062366d8a0}: 'int java.lang.invoke.DirectMethodHandle$Holder.invokeStaticInit(java.lang.Object, java.lang.Object)'> (0x000000062366d8a0) 
thrown [s\open\src\hotspot\share\interpreter\linkResolver.cpp, line 774]
Event: 59.659 Thread 0x000001d3a3e1bde0 Exception <a 'java/lang/NoSuchMethodError'{0x0000000622cb2da0}: 'long java.lang.invoke.DirectMethodHandle$Holder.invokeStatic(java.lang.Object, java.lang.Object, java.lang.Object)'> (0x0000000622cb2da0) 
thrown [s\open\src\hotspot\share\interpreter\linkResolver.cpp, line 774]
Event: 59.660 Thread 0x000001d3a3e1bde0 Exception <a 'java/lang/NoSuchMethodError'{0x0000000622cb6170}: 'long java.lang.invoke.DirectMethodHandle$Holder.invokeStaticInit(java.lang.Object, java.lang.Object, java.lang.Object)'> (0x0000000622cb6170) 
thrown [s\open\src\hotspot\share\interpreter\linkResolver.cpp, line 774]
Event: 59.662 Thread 0x000001d3a3e1bde0 Exception <a 'java/lang/NoSuchMethodError'{0x0000000622cca868}: 'java.lang.Object java.lang.invoke.DirectMethodHandle$Holder.newInvokeSpecial(java.lang.Object, java.lang.Object, long)'> (0x0000000622cca868) 
thrown [s\open\src\hotspot\share\interpreter\linkResolver.cpp, line 774]
Event: 59.663 Thread 0x000001d3a3e1bde0 Exception <a 'java/lang/NoSuchMethodError'{0x0000000622cce170}: 'java.lang.Object java.lang.invoke.Invokers$Holder.linkToTargetMethod(java.lang.Object, long, java.lang.Object)'> (0x0000000622cce170) 
thrown [s\open\src\hotspot\share\interpreter\linkResolver.cpp, line 774]
Event: 60.741 Thread 0x000001d3a3e1bde0 Exception <a 'java/lang/NoSuchMethodError'{0x0000000622ec4668}: 'java.lang.Object java.lang.invoke.DirectMethodHandle$Holder.invokeSpecial(java.lang.Object, java.lang.Object, java.lang.Object, int, int)'> (0x0000000622ec4668) 
thrown [s\open\src\hotspot\share\interpreter\linkResolver.cpp, line 774]
Event: 101.702 Thread 0x000001d3a3e1bde0 Exception <a 'java/lang/NoSuchMethodError'{0x00000006203879b0}: 'java.lang.Object java.lang.invoke.DirectMethodHandle$Holder.newInvokeSpecial(java.lang.Object, java.lang.Object, int, int, int, int, int, java.lang.Object)'> (0x00000006203879b0) 
thrown [s\open\src\hotspot\share\interpreter\linkResolver.cpp, line 774]
Event: 101.703 Thread 0x000001d3a3e1bde0 Exception <a 'java/lang/NoSuchMethodError'{0x0000000620399980}: 'java.lang.Object java.lang.invoke.DirectMethodHandle$Holder.newInvokeSpecial(java.lang.Object, java.lang.Object, java.lang.Object, int, int, int, int, int)'> (0x0000000620399980) 
thrown [s\open\src\hotspot\share\interpreter\linkResolver.cpp, line 774]
Event: 101.703 Thread 0x000001d3a3e1bde0 Exception <a 'java/lang/NoSuchMethodError'{0x00000006203a1250}: 'java.lang.Object java.lang.invoke.Invokers$Holder.linkToTargetMethod(java.lang.Object, java.lang.Object, int, int, int, int, int, java.lang.Object)'> (0x00000006203a1250) 
thrown [s\open\src\hotspot\share\interpreter\linkResolver.cpp, line 774]

ZGC Phase Switch (0 events):
No events

VM Operations (20 events):
Event: 88.293 Executing VM operation: Cleanup done
Event: 89.294 Executing VM operation: Cleanup
Event: 89.294 Executing VM operation: Cleanup done
Event: 91.294 Executing VM operation: Cleanup
Event: 91.295 Executing VM operation: Cleanup done
Event: 92.295 Executing VM operation: Cleanup
Event: 92.295 Executing VM operation: Cleanup done
Event: 93.296 Executing VM operation: Cleanup
Event: 93.296 Executing VM operation: Cleanup done
Event: 94.296 Executing VM operation: Cleanup
Event: 94.297 Executing VM operation: Cleanup done
Event: 96.297 Executing VM operation: Cleanup
Event: 96.297 Executing VM operation: Cleanup done
Event: 98.298 Executing VM operation: Cleanup
Event: 98.298 Executing VM operation: Cleanup done
Event: 99.299 Executing VM operation: Cleanup
Event: 99.299 Executing VM operation: Cleanup done
Event: 100.300 Executing VM operation: Cleanup
Event: 100.300 Executing VM operation: Cleanup done
Event: 101.764 Executing VM operation: Exit

Memory protections (0 events):
No events

Nmethod flushes (0 events):
No events

Events (20 events):
Event: 56.984 Thread 0x000001d3a3b7c6b0 Thread exited: 0x000001d3a3b7c6b0
Event: 56.984 Thread 0x000001d3a3b7b910 Thread exited: 0x000001d3a3b7b910
Event: 59.744 Thread 0x000001d3a3b7d450 Thread added: 0x000001d3a3b7b910
Event: 60.751 Thread 0x000001d3a3b7d450 Thread added: 0x000001d3a3b7bfe0
Event: 60.924 Thread 0x000001d3a3b7bfe0 Thread exited: 0x000001d3a3b7bfe0
Event: 62.749 Thread 0x000001d3a3b7b910 Thread exited: 0x000001d3a3b7b910
Event: 70.333 Thread 0x000001d3a3b7d450 Thread exited: 0x000001d3a3b7d450
Event: 81.139 Thread 0x000001d35d0d3d60 Thread added: 0x000001d35d9df870
Event: 83.531 Thread 0x000001d35d9df870 Thread exited: 0x000001d35d9df870
Event: 83.544 Thread 0x000001d35d0d3d60 Thread added: 0x000001d35d9ddd30
Event: 85.020 Thread 0x000001d35d9ddd30 Thread exited: 0x000001d35d9ddd30
Event: 85.046 Thread 0x000001d35d0d3d60 Thread added: 0x000001d35d9de400
Event: 92.542 Thread 0x000001d35d9de400 Thread exited: 0x000001d35d9de400
Event: 93.908 Thread 0x000001d35d0d3d60 Thread added: 0x000001d35d9e0610
Event: 101.328 Thread 0x000001d35d9e0610 Thread exited: 0x000001d35d9e0610
Event: 101.762 Thread 0x000001d3a3e1bde0 Thread added: 0x000001d3aa185e30
Event: 101.762 Thread 0x000001d3a3e1bde0 Thread added: 0x000001d3aa1864c0
Event: 101.762 Thread 0x000001d3aa185e30 Thread exited: 0x000001d3aa185e30
Event: 101.763 Thread 0x000001d3aa1864c0 Thread exited: 0x000001d3aa1864c0
Event: 101.763 Thread 0x000001d3a3e1bde0 Before exit entered


Dynamic libraries:
0x00007ff61a1a0000 - 0x00007ff61a1ae000 	C:\Users\birnst2\.jdks\openjdk-22.0.2\bin\java.exe
0x00007ffc2e850000 - 0x00007ffc2ea67000 	C:\WINDOWS\SYSTEM32\ntdll.dll
0x00007ffc2e530000 - 0x00007ffc2e5f4000 	C:\WINDOWS\System32\KERNEL32.DLL
0x00007ffc2bdd0000 - 0x00007ffc2c187000 	C:\WINDOWS\System32\KERNELBASE.dll
0x00007ffc2bc80000 - 0x00007ffc2bd91000 	C:\WINDOWS\System32\ucrtbase.dll
0x00007ffc23990000 - 0x00007ffc239ab000 	C:\Users\birnst2\.jdks\openjdk-22.0.2\bin\VCRUNTIME140.dll
0x00007ffc27490000 - 0x00007ffc274a7000 	C:\Users\birnst2\.jdks\openjdk-22.0.2\bin\jli.dll
0x00007ffc2dbb0000 - 0x00007ffc2dd5f000 	C:\WINDOWS\System32\USER32.dll
0x00007ffc2bda0000 - 0x00007ffc2bdc6000 	C:\WINDOWS\System32\win32u.dll
0x00007ffc2d8a0000 - 0x00007ffc2d8c9000 	C:\WINDOWS\System32\GDI32.dll
0x00007ffc2c3c0000 - 0x00007ffc2c4d8000 	C:\WINDOWS\System32\gdi32full.dll
0x00007ffc2c4e0000 - 0x00007ffc2c57a000 	C:\WINDOWS\System32\msvcp_win.dll
0x00007ffc1fd10000 - 0x00007ffc1ffa3000 	C:\WINDOWS\WinSxS\amd64_microsoft.windows.common-controls_6595b64144ccf1df_6.0.22621.3672_none_2713b9d173822955\COMCTL32.dll
0x00007ffc2c890000 - 0x00007ffc2c937000 	C:\WINDOWS\System32\msvcrt.dll
0x00007ffc2d860000 - 0x00007ffc2d891000 	C:\WINDOWS\System32\IMM32.DLL
0x00007ffc20270000 - 0x00007ffc203ca000 	\\?\FLFZHFutRLynyNpQUgbPOIzwLJhHN\GLOBAL??\C:\WINDOWS\system32\tmumh\20019\AddOn\8.55.0.1333\TmUmEvt64.dll
0x00007ffc2cf00000 - 0x00007ffc2cf08000 	C:\WINDOWS\System32\PSAPI.DLL
0x00007ffc2da90000 - 0x00007ffc2db42000 	C:\WINDOWS\System32\ADVAPI32.dll
0x00007ffc2dff0000 - 0x00007ffc2e098000 	C:\WINDOWS\System32\sechost.dll
0x00007ffc2bb60000 - 0x00007ffc2bb88000 	C:\WINDOWS\System32\bcrypt.dll
0x00007ffc2dd70000 - 0x00007ffc2de84000 	C:\WINDOWS\System32\RPCRT4.dll
0x000000006f480000 - 0x000000006f5fe000 	\\?\FLFZHFutRLynyNpQUgbPOIzwLJhHN\GLOBAL??\C:\WINDOWS\system32\tmumh\20019\TmMon\2.9.0.1176\tmmon64.dll
0x00007ffbe70b0000 - 0x00007ffbe73ef000 	C:\WINDOWS\System32\TmLWE\TmUmSnsr64\1.0.0.1140\TmUmSnsr64.dll
0x00007ffc2aa80000 - 0x00007ffc2aa98000 	C:\WINDOWS\SYSTEM32\kernel.appcore.dll
0x00007ffc21f70000 - 0x00007ffc21f7c000 	C:\Users\birnst2\.jdks\openjdk-22.0.2\bin\vcruntime140_1.dll
0x00007ffc1ad40000 - 0x00007ffc1adce000 	C:\Users\birnst2\.jdks\openjdk-22.0.2\bin\msvcp140.dll
0x00007ffb8cb30000 - 0x00007ffb8d879000 	C:\Users\birnst2\.jdks\openjdk-22.0.2\bin\server\jvm.dll
0x00007ffc2ce80000 - 0x00007ffc2cef1000 	C:\WINDOWS\System32\WS2_32.dll
0x00007ffc2b980000 - 0x00007ffc2b9cd000 	C:\WINDOWS\SYSTEM32\POWRPROF.dll
0x00007ffc21d90000 - 0x00007ffc21dc4000 	C:\WINDOWS\SYSTEM32\WINMM.dll
0x00007ffc1b770000 - 0x00007ffc1b77a000 	C:\WINDOWS\SYSTEM32\VERSION.dll
0x00007ffc2b860000 - 0x00007ffc2b873000 	C:\WINDOWS\SYSTEM32\UMPDC.dll
0x00007ffc21f60000 - 0x00007ffc21f6a000 	C:\Users\birnst2\.jdks\openjdk-22.0.2\bin\jimage.dll
0x00007ffc29180000 - 0x00007ffc293b2000 	C:\WINDOWS\SYSTEM32\DBGHELP.DLL
0x00007ffc2c9f0000 - 0x00007ffc2cd7e000 	C:\WINDOWS\System32\combase.dll
0x00007ffc2e730000 - 0x00007ffc2e807000 	C:\WINDOWS\System32\OLEAUT32.dll
0x00007ffc1c920000 - 0x00007ffc1c952000 	C:\WINDOWS\SYSTEM32\dbgcore.DLL
0x000001d337c60000 - 0x000001d337cdb000 	C:\WINDOWS\System32\bcryptPrimitives.dll
0x00007ffc21240000 - 0x00007ffc2124f000 	C:\Users\birnst2\.jdks\openjdk-22.0.2\bin\instrument.dll
0x00007ffc21490000 - 0x00007ffc214ae000 	C:\Users\birnst2\.jdks\openjdk-22.0.2\bin\java.dll
0x00007ffc2cf70000 - 0x00007ffc2d7d9000 	C:\WINDOWS\System32\SHELL32.dll
0x00007ffc2c580000 - 0x00007ffc2c725000 	C:\WINDOWS\System32\ole32.dll
0x00007ffc298e0000 - 0x00007ffc2a1df000 	C:\WINDOWS\SYSTEM32\windows.storage.dll
0x00007ffc297a0000 - 0x00007ffc298df000 	C:\WINDOWS\SYSTEM32\wintypes.dll
0x00007ffc2c730000 - 0x00007ffc2c829000 	C:\WINDOWS\System32\SHCORE.dll
0x00007ffc2db50000 - 0x00007ffc2dbae000 	C:\WINDOWS\System32\shlwapi.dll
0x00007ffc2ba90000 - 0x00007ffc2bab7000 	C:\WINDOWS\SYSTEM32\profapi.dll
0x00007ffc08730000 - 0x00007ffc08807000 	C:\Users\birnst2\.jdks\openjdk-22.0.2\bin\jsvml.dll
0x00007ffc20830000 - 0x00007ffc20840000 	C:\Users\birnst2\.jdks\openjdk-22.0.2\bin\net.dll
0x00007ffc2b020000 - 0x00007ffc2b089000 	C:\WINDOWS\system32\mswsock.dll
0x00007ffc20810000 - 0x00007ffc20826000 	C:\Users\birnst2\.jdks\openjdk-22.0.2\bin\nio.dll
0x00007ffc1fbd0000 - 0x00007ffc1fbe7000 	C:\Users\birnst2\.jdks\openjdk-22.0.2\bin\zip.dll
0x00007ffc1c160000 - 0x00007ffc1c17a000 	C:\Program Files\JetBrains\IntelliJ IDEA Community Edition 2024.2.0.2\bin\breakgen64.dll
0x000001d338490000 - 0x000001d338493000 	C:\Users\birnst2\.openjfx\cache\22.0.1+7\amd64\api-ms-win-core-console-l1-1-0.dll
0x000001d3384a0000 - 0x000001d3384a3000 	C:\Users\birnst2\.openjfx\cache\22.0.1+7\amd64\api-ms-win-core-console-l1-2-0.dll
0x000001d3384b0000 - 0x000001d3384b3000 	C:\Users\birnst2\.openjfx\cache\22.0.1+7\amd64\api-ms-win-core-datetime-l1-1-0.dll
0x000001d3384c0000 - 0x000001d3384c3000 	C:\Users\birnst2\.openjfx\cache\22.0.1+7\amd64\api-ms-win-core-debug-l1-1-0.dll
0x000001d3384d0000 - 0x000001d3384d3000 	C:\Users\birnst2\.openjfx\cache\22.0.1+7\amd64\api-ms-win-core-errorhandling-l1-1-0.dll
0x000001d35dd70000 - 0x000001d35dd74000 	C:\Users\birnst2\.openjfx\cache\22.0.1+7\amd64\api-ms-win-core-file-l1-1-0.dll
0x000001d35dd80000 - 0x000001d35dd83000 	C:\Users\birnst2\.openjfx\cache\22.0.1+7\amd64\api-ms-win-core-file-l1-2-0.dll
0x000001d35dd90000 - 0x000001d35dd93000 	C:\Users\birnst2\.openjfx\cache\22.0.1+7\amd64\api-ms-win-core-file-l2-1-0.dll
0x000001d35dda0000 - 0x000001d35dda3000 	C:\Users\birnst2\.openjfx\cache\22.0.1+7\amd64\api-ms-win-core-handle-l1-1-0.dll
0x000001d35ddb0000 - 0x000001d35ddb3000 	C:\Users\birnst2\.openjfx\cache\22.0.1+7\amd64\api-ms-win-core-heap-l1-1-0.dll
0x000001d35ddc0000 - 0x000001d35ddc3000 	C:\Users\birnst2\.openjfx\cache\22.0.1+7\amd64\api-ms-win-core-interlocked-l1-1-0.dll
0x000001d35ddd0000 - 0x000001d35ddd3000 	C:\Users\birnst2\.openjfx\cache\22.0.1+7\amd64\api-ms-win-core-libraryloader-l1-1-0.dll
0x000001d35dde0000 - 0x000001d35dde3000 	C:\Users\birnst2\.openjfx\cache\22.0.1+7\amd64\api-ms-win-core-localization-l1-2-0.dll
0x000001d35ddf0000 - 0x000001d35ddf3000 	C:\Users\birnst2\.openjfx\cache\22.0.1+7\amd64\api-ms-win-core-memory-l1-1-0.dll
0x000001d35de00000 - 0x000001d35de03000 	C:\Users\birnst2\.openjfx\cache\22.0.1+7\amd64\api-ms-win-core-namedpipe-l1-1-0.dll
0x000001d35de10000 - 0x000001d35de13000 	C:\Users\birnst2\.openjfx\cache\22.0.1+7\amd64\api-ms-win-core-processenvironment-l1-1-0.dll
0x000001d35de20000 - 0x000001d35de23000 	C:\Users\birnst2\.openjfx\cache\22.0.1+7\amd64\api-ms-win-core-processthreads-l1-1-0.dll
0x000001d35de30000 - 0x000001d35de33000 	C:\Users\birnst2\.openjfx\cache\22.0.1+7\amd64\api-ms-win-core-processthreads-l1-1-1.dll
0x000001d35de40000 - 0x000001d35de43000 	C:\Users\birnst2\.openjfx\cache\22.0.1+7\amd64\api-ms-win-core-profile-l1-1-0.dll
0x000001d35de50000 - 0x000001d35de53000 	C:\Users\birnst2\.openjfx\cache\22.0.1+7\amd64\api-ms-win-core-rtlsupport-l1-1-0.dll
0x000001d35de60000 - 0x000001d35de63000 	C:\Users\birnst2\.openjfx\cache\22.0.1+7\amd64\api-ms-win-core-string-l1-1-0.dll
0x000001d35de70000 - 0x000001d35de73000 	C:\Users\birnst2\.openjfx\cache\22.0.1+7\amd64\api-ms-win-core-synch-l1-1-0.dll
0x000001d35de80000 - 0x000001d35de83000 	C:\Users\birnst2\.openjfx\cache\22.0.1+7\amd64\api-ms-win-core-synch-l1-2-0.dll
0x000001d35de90000 - 0x000001d35de93000 	C:\Users\birnst2\.openjfx\cache\22.0.1+7\amd64\api-ms-win-core-sysinfo-l1-1-0.dll
0x000001d35dea0000 - 0x000001d35dea3000 	C:\Users\birnst2\.openjfx\cache\22.0.1+7\amd64\api-ms-win-core-timezone-l1-1-0.dll
0x000001d35deb0000 - 0x000001d35deb3000 	C:\Users\birnst2\.openjfx\cache\22.0.1+7\amd64\api-ms-win-core-util-l1-1-0.dll
0x000001d35dec0000 - 0x000001d35dec3000 	C:\Users\birnst2\.openjfx\cache\22.0.1+7\amd64\api-ms-win-crt-conio-l1-1-0.dll
0x000001d35ded0000 - 0x000001d35ded4000 	C:\Users\birnst2\.openjfx\cache\22.0.1+7\amd64\api-ms-win-crt-convert-l1-1-0.dll
0x000001d35dee0000 - 0x000001d35dee3000 	C:\Users\birnst2\.openjfx\cache\22.0.1+7\amd64\api-ms-win-crt-environment-l1-1-0.dll
0x000001d35def0000 - 0x000001d35def3000 	C:\Users\birnst2\.openjfx\cache\22.0.1+7\amd64\api-ms-win-crt-filesystem-l1-1-0.dll
0x000001d35df00000 - 0x000001d35df03000 	C:\Users\birnst2\.openjfx\cache\22.0.1+7\amd64\api-ms-win-crt-heap-l1-1-0.dll
0x000001d35df10000 - 0x000001d35df13000 	C:\Users\birnst2\.openjfx\cache\22.0.1+7\amd64\api-ms-win-crt-locale-l1-1-0.dll
0x000001d35df20000 - 0x000001d35df25000 	C:\Users\birnst2\.openjfx\cache\22.0.1+7\amd64\api-ms-win-crt-math-l1-1-0.dll
0x000001d35df30000 - 0x000001d35df35000 	C:\Users\birnst2\.openjfx\cache\22.0.1+7\amd64\api-ms-win-crt-multibyte-l1-1-0.dll
0x000001d35df40000 - 0x000001d35df50000 	C:\Users\birnst2\.openjfx\cache\22.0.1+7\amd64\api-ms-win-crt-private-l1-1-0.dll
0x000001d35df50000 - 0x000001d35df53000 	C:\Users\birnst2\.openjfx\cache\22.0.1+7\amd64\api-ms-win-crt-process-l1-1-0.dll
0x000001d35df60000 - 0x000001d35df64000 	C:\Users\birnst2\.openjfx\cache\22.0.1+7\amd64\api-ms-win-crt-runtime-l1-1-0.dll
0x000001d35df70000 - 0x000001d35df74000 	C:\Users\birnst2\.openjfx\cache\22.0.1+7\amd64\api-ms-win-crt-stdio-l1-1-0.dll
0x000001d35df80000 - 0x000001d35df84000 	C:\Users\birnst2\.openjfx\cache\22.0.1+7\amd64\api-ms-win-crt-string-l1-1-0.dll
0x000001d35df90000 - 0x000001d35df93000 	C:\Users\birnst2\.openjfx\cache\22.0.1+7\amd64\api-ms-win-crt-time-l1-1-0.dll
0x000001d35dfa0000 - 0x000001d35dfa3000 	C:\Users\birnst2\.openjfx\cache\22.0.1+7\amd64\api-ms-win-crt-utility-l1-1-0.dll
0x00007ffbcdf50000 - 0x00007ffbce04c000 	C:\Users\birnst2\.openjfx\cache\22.0.1+7\amd64\ucrtbase.dll
0x00007ffc1af60000 - 0x00007ffc1af7b000 	C:\Users\birnst2\.openjfx\cache\22.0.1+7\amd64\vcruntime140.dll
0x00007ffc1d9b0000 - 0x00007ffc1d9bc000 	C:\Users\birnst2\.openjfx\cache\22.0.1+7\amd64\vcruntime140_1.dll
0x00007ffbcbf20000 - 0x00007ffbcbfae000 	C:\Users\birnst2\.openjfx\cache\22.0.1+7\amd64\msvcp140.dll
0x00007ffc1ca10000 - 0x00007ffc1ca19000 	C:\Users\birnst2\.openjfx\cache\22.0.1+7\amd64\msvcp140_1.dll
0x00007ffc16590000 - 0x00007ffc165d1000 	C:\Users\birnst2\.openjfx\cache\22.0.1+7\amd64\msvcp140_2.dll
0x00007ffc1ab00000 - 0x00007ffc1ab30000 	C:\Users\birnst2\.openjfx\cache\22.0.1+7\amd64\prism_d3d.dll
0x00007ffb830f0000 - 0x00007ffb83298000 	C:\WINDOWS\system32\d3d9.dll
0x00007ffc27f40000 - 0x00007ffc27f6b000 	C:\WINDOWS\SYSTEM32\dwmapi.dll
0x00007ffc28530000 - 0x00007ffc28567000 	C:\WINDOWS\SYSTEM32\dxcore.dll
0x00007ffc27aa0000 - 0x00007ffc27b51000 	C:\WINDOWS\system32\uxtheme.dll
0x00007ffbc7ad0000 - 0x00007ffbc7d46000 	C:\WINDOWS\System32\DriverStore\FileRepository\iigd_dch.inf_amd64_c4d6f796a2bde26e\igdumdim64.dll
0x00007ffb48940000 - 0x00007ffb49e7c000 	C:\WINDOWS\System32\DriverStore\FileRepository\iigd_dch.inf_amd64_c4d6f796a2bde26e\igd9trinity64.dll
0x00007ffc29670000 - 0x00007ffc29767000 	C:\WINDOWS\system32\dxgi.dll
0x00007ffc12680000 - 0x00007ffc12ac2000 	C:\WINDOWS\System32\DriverStore\FileRepository\iigd_dch.inf_amd64_c4d6f796a2bde26e\igdgmm64.dll
0x00007ffc140a0000 - 0x00007ffc140c6000 	C:\WINDOWS\System32\DriverStore\FileRepository\iigd_dch.inf_amd64_c4d6f796a2bde26e\igc64.dll
0x00007ffc1f730000 - 0x00007ffc1f779000 	C:\WINDOWS\SYSTEM32\directxdatabasehelper.dll
0x00007ffb4d430000 - 0x00007ffb4e959000 	C:\WINDOWS\System32\DriverStore\FileRepository\iigd_dch.inf_amd64_c4d6f796a2bde26e\igd9dxva64.dll
0x00007ffc2e0a0000 - 0x00007ffc2e514000 	C:\WINDOWS\System32\SETUPAPI.dll
0x00007ffc2b730000 - 0x00007ffc2b77e000 	C:\WINDOWS\SYSTEM32\cfgmgr32.dll
0x00007ffb97090000 - 0x00007ffb98dbe000 	C:\WINDOWS\System32\DriverStore\FileRepository\iigd_dch.inf_amd64_c4d6f796a2bde26e\media_bin_64.dll
0x00007ffc10240000 - 0x00007ffc10285000 	C:\Users\birnst2\.openjfx\cache\22.0.1+7\amd64\glass.dll
0x00007ffc2cd80000 - 0x00007ffc2ce7f000 	C:\WINDOWS\System32\COMDLG32.dll
0x00007ffc2de90000 - 0x00007ffc2dff0000 	C:\WINDOWS\System32\MSCTF.dll
0x00007ffc097c0000 - 0x00007ffc0d759000 	C:\WINDOWS\System32\DriverStore\FileRepository\iigd_dch.inf_amd64_c4d6f796a2bde26e\igc1464.dll
0x00007ffbbd9b0000 - 0x00007ffbbdaf9000 	C:\WINDOWS\System32\DriverStore\FileRepository\iigd_dch.inf_amd64_c4d6f796a2bde26e\igdml64.dll
0x00007ffbbad40000 - 0x00007ffbbad69000 	C:\WINDOWS\System32\DriverStore\FileRepository\iigd_dch.inf_amd64_c4d6f796a2bde26e\igdinfo64.dll
0x00007ffc2c940000 - 0x00007ffc2c9f0000 	C:\WINDOWS\System32\clbcatq.dll
0x00007ffc117b0000 - 0x00007ffc11929000 	C:\Windows\System32\Windows.UI.dll
0x00007ffbd5870000 - 0x00007ffbd59e5000 	C:\Windows\System32\Windows.UI.Immersive.dll
0x00007ffc1af40000 - 0x00007ffc1af55000 	C:\Users\birnst2\.openjfx\cache\22.0.1+7\amd64\javafx_font.dll
0x00007ffc28570000 - 0x00007ffc287e3000 	C:\WINDOWS\SYSTEM32\dwrite.dll
0x00007ffc27730000 - 0x00007ffc278e1000 	C:\WINDOWS\SYSTEM32\WindowsCodecs.dll
0x00007ffbd8af0000 - 0x00007ffbd8b4e000 	C:\WINDOWS\system32\dataexchange.dll

dbghelp: loaded successfully - version: 4.0.5 - missing functions: none
symbol engine: initialized successfully - sym options: 0x614 - pdb path: .;C:\Users\birnst2\.jdks\openjdk-22.0.2\bin;C:\WINDOWS\SYSTEM32;C:\WINDOWS\WinSxS\amd64_microsoft.windows.common-controls_6595b64144ccf1df_6.0.22621.3672_none_2713b9d173822955;\\?\FLFZHFutRLynyNpQUgbPOIzwLJhHN\GLOBAL??\C:\WINDOWS\system32\tmumh\20019\AddOn\8.55.0.1333;\\?\FLFZHFutRLynyNpQUgbPOIzwLJhHN\GLOBAL??\C:\WINDOWS\system32\tmumh\20019\TmMon\2.9.0.1176;C:\WINDOWS\System32\TmLWE\TmUmSnsr64\1.0.0.1140;C:\Users\birnst2\.jdks\openjdk-22.0.2\bin\server;C:\Program Files\JetBrains\IntelliJ IDEA Community Edition 2024.2.0.2\bin;C:\Users\birnst2\.openjfx\cache\22.0.1+7\amd64;C:\WINDOWS\System32\DriverStore\FileRepository\iigd_dch.inf_amd64_c4d6f796a2bde26e;C:\Program Files\Common Files\Microsoft Shared\Ink

VM Arguments:
jvm_args: -javaagent:C:\Program Files\JetBrains\IntelliJ IDEA Community Edition 2024.2.0.2\lib\idea_rt.jar=64634:C:\Program Files\JetBrains\IntelliJ IDEA Community Edition 2024.2.0.2\bin -Dfile.encoding=UTF-8 -Dsun.stdout.encoding=UTF-8 -Dsun.stderr.encoding=UTF-8 --module-path=C:\Users\birnst2\.m2\repository\org\openjfx\javafx-fxml\22.0.1\javafx-fxml-22.0.1-win.jar;C:\Users\birnst2\.m2\repository\org\kordamp\bootstrapfx\bootstrapfx-core\0.4.0\bootstrapfx-core-0.4.0.jar;C:\Users\birnst2\.m2\repository\org\openjfx\javafx-graphics\22.0.1\javafx-graphics-22.0.1-win.jar;C:\Users\birnst2\.m2\repository\org\openjfx\javafx-controls\22.0.1\javafx-controls-22.0.1-win.jar;C:\Users\birnst2\.m2\repository\org\openjfx\javafx-base\22.0.1\javafx-base-22.0.1-win.jar;C:\APC\KNAPP\Berufsschule\2LJ Berufsschule\ITL 1-2 JRZ\Aufgabe 7\GUI Hangman\target\classes -Djdk.module.main=hangman.hangman 
java_command: hangman.hangman/hangman.hangman.Main
java_class_path (initial): C:\Users\birnst2\.m2\repository\org\openjfx\javafx-controls\22.0.1\javafx-controls-22.0.1.jar;C:\Users\birnst2\.m2\repository\org\openjfx\javafx-graphics\22.0.1\javafx-graphics-22.0.1.jar;C:\Users\birnst2\.m2\repository\org\openjfx\javafx-base\22.0.1\javafx-base-22.0.1.jar;C:\Users\birnst2\.m2\repository\org\openjfx\javafx-fxml\22.0.1\javafx-fxml-22.0.1.jar
Launcher Type: SUN_STANDARD

[Global flags]
     intx CICompilerCount                          = 12                                        {product} {ergonomic}
     uint ConcGCThreads                            = 3                                         {product} {ergonomic}
     uint G1ConcRefinementThreads                  = 13                                        {product} {ergonomic}
   size_t G1HeapRegionSize                         = 4194304                                   {product} {ergonomic}
   size_t InitialHeapSize                          = 532676608                                 {product} {ergonomic}
   size_t MarkStackSize                            = 4194304                                   {product} {ergonomic}
   size_t MaxHeapSize                              = 8510242816                                {product} {ergonomic}
   size_t MaxNewSize                               = 5104467968                                {product} {ergonomic}
   size_t MinHeapDeltaBytes                        = 4194304                                   {product} {ergonomic}
   size_t MinHeapSize                              = 8388608                                   {product} {ergonomic}
    uintx NonNMethodCodeHeapSize                   = 7602480                                {pd product} {ergonomic}
    uintx NonProfiledCodeHeapSize                  = 122027880                              {pd product} {ergonomic}
    uintx ProfiledCodeHeapSize                     = 122027880                              {pd product} {ergonomic}
    uintx ReservedCodeCacheSize                    = 251658240                              {pd product} {ergonomic}
     bool SegmentedCodeCache                       = true                                      {product} {ergonomic}
   size_t SoftMaxHeapSize                          = 8510242816                             {manageable} {ergonomic}
     bool UseCompressedOops                        = true                           {product lp64_product} {ergonomic}
     bool UseG1GC                                  = true                                      {product} {ergonomic}
     bool UseLargePagesIndividualAllocation        = false                                  {pd product} {ergonomic}

Logging:
Log output configuration:
 #0: stdout all=off uptime,level,tags foldmultilines=false
 #1: stderr all=off uptime,level,tags foldmultilines=false

Environment Variables:
JAVA_HOME=C:\Program Files\JDK
PATH=C:\Program Files (x86)\Common Files\Oracle\Java\java8path;C:\Program Files (x86)\Common Files\Oracle\Java\javapath;C:\WINDOWS\system32;C:\WINDOWS;C:\WINDOWS\System32\Wbem;C:\WINDOWS\System32\WindowsPowerShell\v1.0\;C:\WINDOWS\System32\OpenSSH\;C:\Program Files\PuTTY\;C:\Program Files\dotnet\;C:\Program Files (x86)\Java\jre6\bin\;C:\ProgramData\chocolatey\bin;C:\Program Files (x86)\Windows Kits\10\Windows Performance Toolkit\;C:\Program Files\Apache\Maven\bin;C:\Program Files\JDK;C:\Program Files\nodejs\;C:\Users\birnst2\flutter\bin;C:\Users\birnst2\AppData\Local\Programs\Python\Python38\Scripts\;C:\Users\birnst2\AppData\Local\Programs\Python\Python38\;C:\Users\birnst2\AppData\Local\Microsoft\WindowsApps;C:\Users\birnst2\AppData\Local\Programs\Microsoft VS Code\bin;C:\Users\birnst2\AppData\Local\GitHubDesktop\bin;C:\Users\birnst2\AppData\Local\Programs\Git\cmd;C:\Users\birnst2\AppData\Roaming\npm;C:\Program Files\Apache\Maven\bin;C:\Program Files\JDK;C:\Users\birnst2\.dotnet\tools;
USERNAME=birnst2
OS=Windows_NT
PROCESSOR_IDENTIFIER=Intel64 Family 6 Model 186 Stepping 2, GenuineIntel
TMP=C:\Users\birnst2\AppData\Local\Temp
TEMP=C:\Users\birnst2\AppData\Local\Temp




Periodic native trim disabled

---------------  S Y S T E M  ---------------

OS:
 Windows 11 , 64 bit Build 22621 (10.0.22621.3958)
OS uptime: 0 days 3:02 hours
Hyper-V role detected

CPU: total 16 (initial active 16) (8 cores per cpu, 2 threads per core) family 6 model 186 stepping 2 microcode 0x4114, cx8, cmov, fxsr, ht, mmx, 3dnowpref, sse, sse2, sse3, ssse3, sse4.1, sse4.2, popcnt, lzcnt, tsc, tscinvbit, avx, avx2, aes, erms, clmul, bmi1, bmi2, adx, sha, fma, vzeroupper, clflush, clflushopt, clwb, hv, serialize, rdtscp, rdpid, fsrm, f16c, cet_ibt, cet_ss
Processor Information for processor 0
  Max Mhz: 1900, Current Mhz: 1900, Mhz Limit: 1900
Processor Information for processor 1
  Max Mhz: 1900, Current Mhz: 1900, Mhz Limit: 1900
Processor Information for processor 2
  Max Mhz: 1900, Current Mhz: 1900, Mhz Limit: 1900
Processor Information for processor 3
  Max Mhz: 1900, Current Mhz: 1900, Mhz Limit: 1900
Processor Information for processor 4
  Max Mhz: 1900, Current Mhz: 1900, Mhz Limit: 1900
Processor Information for processor 5
  Max Mhz: 1900, Current Mhz: 1900, Mhz Limit: 1900
Processor Information for processor 6
  Max Mhz: 1900, Current Mhz: 1900, Mhz Limit: 1900
Processor Information for processor 7
  Max Mhz: 1900, Current Mhz: 1900, Mhz Limit: 1900
Processor Information for processor 8
  Max Mhz: 1900, Current Mhz: 1400, Mhz Limit: 1387
Processor Information for processor 9
  Max Mhz: 1900, Current Mhz: 1400, Mhz Limit: 1387
Processor Information for processor 10
  Max Mhz: 1900, Current Mhz: 1400, Mhz Limit: 1387
Processor Information for processor 11
  Max Mhz: 1900, Current Mhz: 1400, Mhz Limit: 1387
Processor Information for processor 12
  Max Mhz: 1900, Current Mhz: 1400, Mhz Limit: 1387
Processor Information for processor 13
  Max Mhz: 1900, Current Mhz: 1400, Mhz Limit: 1387
Processor Information for processor 14
  Max Mhz: 1900, Current Mhz: 1400, Mhz Limit: 1387
Processor Information for processor 15
  Max Mhz: 1900, Current Mhz: 1400, Mhz Limit: 1387

Memory: 4k page, system-wide physical 32452M (16681M free)
TotalPageFile size 37316M (AvailPageFile size 17947M)
current process WorkingSet (physical memory assigned to process): 542M, peak: 557M
current process commit charge ("private bytes"): 1034M, peak: 1051M

vm_info: OpenJDK 64-Bit Server VM (22.0.2+9-70) for windows-amd64 JRE (22.0.2+9-70), built on 2024-06-04T16:52:23Z by "mach5one" with MS VC++ 17.6 (VS2022)

END.
